;  LST file generated by mikroListExporter - v.2.0 
; Date/Time: 09/06/2023 11:37:21
;----------------------------------------------

;Address Opcode 	ASM
0x0000	0xF001EFCF  	GOTO        926
_INTERRUPT_HIGH:
;main.c,5 :: 		void INTERRUPT_HIGH() iv 0x0008 ics ICS_AUTO {
0x0008	0xF018C000  	MOVFF       R0, 24
0x000C	0xF017C001  	MOVFF       R1, 23
0x0010	0xF016C002  	MOVFF       R2, 22
0x0014	0xF015C003  	MOVFF       R3, 21
;main.c,6 :: 		if (TMR0IF_bit){
0x0018	0xA4F2      	BTFSS       TMR0IF_bit, BitPos(TMR0IF_bit+0) 
0x001A	0xD057      	BRA         L_INTERRUPT_HIGH0
;main.c,7 :: 		TMR0L = TMR0_CONST;
0x001C	0x0EC2      	MOVLW       194
0x001E	0x6ED6      	MOVWF       TMR0L 
;main.c,8 :: 		TMR0IF_bit = 0;
0x0020	0x94F2      	BCF         TMR0IF_bit, BitPos(TMR0IF_bit+0) 
;main.c,10 :: 		OS_Timer();
0x0022	0xA823      	BTFSS       __OS_Tasks, 4 
0x0024	0xD01A      	BRA         L_INTERRUPT_HIGH1
0x0026	0x0E01      	MOVLW       1
0x0028	0x2428      	ADDWF       __OS_Tasks+5, 0 
0x002A	0x6E00      	MOVWF       R0 
0x002C	0x0E00      	MOVLW       0
0x002E	0x2029      	ADDWFC      __OS_Tasks+6, 0 
0x0030	0x6E01      	MOVWF       R1 
0x0032	0x0E00      	MOVLW       0
0x0034	0x202A      	ADDWFC      __OS_Tasks+7, 0 
0x0036	0x6E02      	MOVWF       R2 
0x0038	0x0E00      	MOVLW       0
0x003A	0x202B      	ADDWFC      __OS_Tasks+8, 0 
0x003C	0x6E03      	MOVWF       R3 
0x003E	0xF028C000  	MOVFF       R0, __OS_Tasks+5
0x0042	0xF029C001  	MOVFF       R1, __OS_Tasks+6
0x0046	0xF02AC002  	MOVFF       R2, __OS_Tasks+7
0x004A	0xF02BC003  	MOVFF       R3, __OS_Tasks+8
0x004E	0x5028      	MOVF        __OS_Tasks+5, 0 
0x0050	0x1029      	IORWF       __OS_Tasks+6, 0 
0x0052	0x102A      	IORWF       __OS_Tasks+7, 0 
0x0054	0x102B      	IORWF       __OS_Tasks+8, 0 
0x0056	0xB4D8      	BTFSC       STATUS, 2 
0x0058	0x9823      	BCF         __OS_Tasks, 4 
L_INTERRUPT_HIGH2:
L_INTERRUPT_HIGH1:
0x005A	0xA82C      	BTFSS       __OS_Tasks+9, 4 
0x005C	0xD01A      	BRA         L_INTERRUPT_HIGH3
0x005E	0x0E01      	MOVLW       1
0x0060	0x2431      	ADDWF       __OS_Tasks+14, 0 
0x0062	0x6E00      	MOVWF       R0 
0x0064	0x0E00      	MOVLW       0
0x0066	0x2032      	ADDWFC      __OS_Tasks+15, 0 
0x0068	0x6E01      	MOVWF       R1 
0x006A	0x0E00      	MOVLW       0
0x006C	0x2033      	ADDWFC      __OS_Tasks+16, 0 
0x006E	0x6E02      	MOVWF       R2 
0x0070	0x0E00      	MOVLW       0
0x0072	0x2034      	ADDWFC      __OS_Tasks+17, 0 
0x0074	0x6E03      	MOVWF       R3 
0x0076	0xF031C000  	MOVFF       R0, __OS_Tasks+14
0x007A	0xF032C001  	MOVFF       R1, __OS_Tasks+15
0x007E	0xF033C002  	MOVFF       R2, __OS_Tasks+16
0x0082	0xF034C003  	MOVFF       R3, __OS_Tasks+17
0x0086	0x5031      	MOVF        __OS_Tasks+14, 0 
0x0088	0x1032      	IORWF       __OS_Tasks+15, 0 
0x008A	0x1033      	IORWF       __OS_Tasks+16, 0 
0x008C	0x1034      	IORWF       __OS_Tasks+17, 0 
0x008E	0xB4D8      	BTFSC       STATUS, 2 
0x0090	0x982C      	BCF         __OS_Tasks+9, 4 
L_INTERRUPT_HIGH4:
L_INTERRUPT_HIGH3:
0x0092	0xA835      	BTFSS       __OS_Tasks+18, 4 
0x0094	0xD01A      	BRA         L_INTERRUPT_HIGH5
0x0096	0x0E01      	MOVLW       1
0x0098	0x243A      	ADDWF       __OS_Tasks+23, 0 
0x009A	0x6E00      	MOVWF       R0 
0x009C	0x0E00      	MOVLW       0
0x009E	0x203B      	ADDWFC      __OS_Tasks+24, 0 
0x00A0	0x6E01      	MOVWF       R1 
0x00A2	0x0E00      	MOVLW       0
0x00A4	0x203C      	ADDWFC      __OS_Tasks+25, 0 
0x00A6	0x6E02      	MOVWF       R2 
0x00A8	0x0E00      	MOVLW       0
0x00AA	0x203D      	ADDWFC      __OS_Tasks+26, 0 
0x00AC	0x6E03      	MOVWF       R3 
0x00AE	0xF03AC000  	MOVFF       R0, __OS_Tasks+23
0x00B2	0xF03BC001  	MOVFF       R1, __OS_Tasks+24
0x00B6	0xF03CC002  	MOVFF       R2, __OS_Tasks+25
0x00BA	0xF03DC003  	MOVFF       R3, __OS_Tasks+26
0x00BE	0x503A      	MOVF        __OS_Tasks+23, 0 
0x00C0	0x103B      	IORWF       __OS_Tasks+24, 0 
0x00C2	0x103C      	IORWF       __OS_Tasks+25, 0 
0x00C4	0x103D      	IORWF       __OS_Tasks+26, 0 
0x00C6	0xB4D8      	BTFSC       STATUS, 2 
0x00C8	0x9835      	BCF         __OS_Tasks+18, 4 
L_INTERRUPT_HIGH6:
L_INTERRUPT_HIGH5:
;main.c,11 :: 		}
L_INTERRUPT_HIGH0:
;main.c,12 :: 		}
L_end_INTERRUPT_HIGH:
L__INTERRUPT_HIGH51:
0x00CA	0xF000C018  	MOVFF       24, R0
0x00CE	0xF001C017  	MOVFF       23, R1
0x00D2	0xF002C016  	MOVFF       22, R2
0x00D6	0xF003C015  	MOVFF       21, R3
0x00DA	0x0011      	RETFIE      1
; end of _INTERRUPT_HIGH
__OS_SET_FSR_CUR_TASK:
;osa_pic18_mikroc.c,242 :: 		
;osa_pic18_mikroc.c,244 :: 		
0x00DC	0xFFE9C01A  	MOVFF       __OS_CurTask, FSR0L
0x00E0	0xFFEAC01B  	MOVFF       __OS_CurTask+1, FSR0H
;osa_pic18_mikroc.c,245 :: 		
L_end__OS_SET_FSR_CUR_TASK:
0x00E4	0x0012      	RETURN      0
; end of __OS_SET_FSR_CUR_TASK
__OS_ClrReadySetClrCanContinue:
;osa_pic18_mikroc.c,207 :: 		
;osa_pic18_mikroc.c,209 :: 		
0x00E6	0x0006      	POP
;osa_pic18_mikroc.c,211 :: 		
0x00E8	0x901D      	BCF         __OS_Flags, 0 
;osa_pic18_mikroc.c,213 :: 		
0x00EA	0xDFF8      	RCALL       __OS_SET_FSR_CUR_TASK
;osa_pic18_mikroc.c,214 :: 		
0x00EC	0xFFECCFFD  	MOVFF       TOSL, PREINC0
0x00F0	0xFFECCFFE  	MOVFF       TOSH, PREINC0
0x00F4	0xFFECCFFF  	MOVFF       TOSU, PREINC0
;osa_pic18_mikroc.c,215 :: 		
0x00F8	0x963E      	BCF         __OS_State, 3 
;osa_pic18_mikroc.c,218 :: 		
0x00FA	0xA83E      	BTFSS       __OS_State, 4 
0x00FC	0x9A3E      	BCF         __OS_State, 5 
L__OS_ClrReadySetClrCanContinue0:
;osa_pic18_mikroc.c,219 :: 		
0x00FE	0xB020      	BTFSC       __OS_Temp, 0 
0x0100	0x8A3E      	BSF         __OS_State, 5 
L__OS_ClrReadySetClrCanContinue1:
;osa_pic18_mikroc.c,222 :: 		
L_end__OS_ClrReadySetClrCanContinue:
0x0102	0x0012      	RETURN      0
; end of __OS_ClrReadySetClrCanContinue
__OS_InitDelay:
;osa_ttimer.c,69 :: 		
;osa_ttimer.c,72 :: 		
0x0104	0x9A3E      	BCF         __OS_State, 5 
0x0106	0xFFE1C01A  	MOVFF       __OS_CurTask, FSR1L
0x010A	0xFFE2C01B  	MOVFF       __OS_CurTask+1, FSR1L+1
0x010E	0x98E6      	BCF         POSTINC1, 4 
;osa_ttimer.c,77 :: 		
0x0110	0x5044      	MOVF        FARG__OS_InitDelay_Delay, 0 
0x0112	0x1045      	IORWF       FARG__OS_InitDelay_Delay+1, 0 
0x0114	0x1046      	IORWF       FARG__OS_InitDelay_Delay+2, 0 
0x0116	0x1047      	IORWF       FARG__OS_InitDelay_Delay+3, 0 
0x0118	0xE046      	BZ          L__OS_InitDelay12
;osa_ttimer.c,79 :: 		
0x011A	0x0EFF      	MOVLW       255
0x011C	0x1844      	XORWF       FARG__OS_InitDelay_Delay, 0 
0x011E	0x6E00      	MOVWF       R0 
0x0120	0x0EFF      	MOVLW       255
0x0122	0x1845      	XORWF       FARG__OS_InitDelay_Delay+1, 0 
0x0124	0x6E01      	MOVWF       R1 
0x0126	0x0EFF      	MOVLW       255
0x0128	0x1846      	XORWF       FARG__OS_InitDelay_Delay+2, 0 
0x012A	0x6E02      	MOVWF       R2 
0x012C	0x0EFF      	MOVLW       255
0x012E	0x1847      	XORWF       FARG__OS_InitDelay_Delay+3, 0 
0x0130	0x6E03      	MOVWF       R3 
0x0132	0xF044C000  	MOVFF       R0, FARG__OS_InitDelay_Delay
0x0136	0xF045C001  	MOVFF       R1, FARG__OS_InitDelay_Delay+1
0x013A	0xF046C002  	MOVFF       R2, FARG__OS_InitDelay_Delay+2
0x013E	0xF047C003  	MOVFF       R3, FARG__OS_InitDelay_Delay+3
;osa_ttimer.c,80 :: 		
0x0142	0x0E01      	MOVLW       1
0x0144	0x2400      	ADDWF       R0, 0 
0x0146	0x6E04      	MOVWF       R4 
0x0148	0x0E00      	MOVLW       0
0x014A	0x2001      	ADDWFC      R1, 0 
0x014C	0x6E05      	MOVWF       R5 
0x014E	0x0E00      	MOVLW       0
0x0150	0x2002      	ADDWFC      R2, 0 
0x0152	0x6E06      	MOVWF       R6 
0x0154	0x0E00      	MOVLW       0
0x0156	0x2003      	ADDWFC      R3, 0 
0x0158	0x6E07      	MOVWF       R7 
0x015A	0xF044C004  	MOVFF       R4, FARG__OS_InitDelay_Delay
0x015E	0xF045C005  	MOVFF       R5, FARG__OS_InitDelay_Delay+1
0x0162	0xF046C006  	MOVFF       R6, FARG__OS_InitDelay_Delay+2
0x0166	0xF047C007  	MOVFF       R7, FARG__OS_InitDelay_Delay+3
;osa_ttimer.c,81 :: 		
0x016A	0xF000C01A  	MOVFF       __OS_CurTask, R0
0x016E	0xF001C01B  	MOVFF       __OS_CurTask+1, R1
0x0172	0x0E05      	MOVLW       5
0x0174	0x2400      	ADDWF       R0, 0 
0x0176	0x6EE1      	MOVWF       FSR1L 
0x0178	0x0E00      	MOVLW       0
0x017A	0x2001      	ADDWFC      R1, 0 
0x017C	0x6EE2      	MOVWF       FSR1L+1 
0x017E	0xFFE6C004  	MOVFF       R4, POSTINC1
0x0182	0xFFE6C005  	MOVFF       R5, POSTINC1
0x0186	0xFFE6C006  	MOVFF       R6, POSTINC1
0x018A	0xFFE6C007  	MOVFF       R7, POSTINC1
;osa_ttimer.c,82 :: 		
0x018E	0xFFE1C01A  	MOVFF       __OS_CurTask, FSR1L
0x0192	0xFFE2C01B  	MOVFF       __OS_CurTask+1, FSR1L+1
0x0196	0x86E6      	BSF         POSTINC1, 3 
0x0198	0xFFE1C01A  	MOVFF       __OS_CurTask, FSR1L
0x019C	0xFFE2C01B  	MOVFF       __OS_CurTask+1, FSR1L+1
0x01A0	0x88E6      	BSF         POSTINC1, 4 
;osa_ttimer.c,87 :: 		
0x01A2	0x883E      	BSF         __OS_State, 4 
;osa_ttimer.c,88 :: 		
0x01A4	0x863E      	BSF         __OS_State, 3 
;osa_ttimer.c,90 :: 		
L__OS_InitDelay12:
;osa_ttimer.c,91 :: 		
L_end__OS_InitDelay:
0x01A6	0x0012      	RETURN      0
; end of __OS_InitDelay
__OS_ReturnSave:
;osa_pic18_mikroc.c,106 :: 		
;osa_pic18_mikroc.c,108 :: 		
0x01A8	0xDF99      	RCALL       __OS_SET_FSR_CUR_TASK
;osa_pic18_mikroc.c,109 :: 		
0x01AA	0xFFECCFFD  	MOVFF       TOSL, PREINC0
0x01AE	0xFFECCFFE  	MOVFF       TOSH, PREINC0
0x01B2	0xFFECCFFF  	MOVFF       TOSU, PREINC0
;osa_pic18_mikroc.c,110 :: 		
0x01B6	0x863E      	BSF         __OS_State, 3 
;osa_pic18_mikroc.c,111 :: 		
0x01B8	0x0006      	POP
;osa_pic18_mikroc.c,112 :: 		
L_end__OS_ReturnSave:
0x01BA	0x0012      	RETURN      0
; end of __OS_ReturnSave
__OS_EnterWaitMode:
;osa_pic18_mikroc.c,156 :: 		
;osa_pic18_mikroc.c,158 :: 		
0x01BC	0x6A20      	CLRF        __OS_Temp 
;osa_pic18_mikroc.c,159 :: 		
0x01BE	0xDF93      	RCALL       __OS_ClrReadySetClrCanContinue
;osa_pic18_mikroc.c,160 :: 		
L_end__OS_EnterWaitMode:
0x01C0	0x0012      	RETURN      0
; end of __OS_EnterWaitMode
__OS_CheckEvent:
;osa_pic18_mikroc.c,383 :: 		
;osa_pic18_mikroc.c,421 :: 		
0x01C2	0x9A1D      	BCF         __OS_Flags, 5 
;osa_pic18_mikroc.c,422 :: 		
0x01C4	0xDF8B      	RCALL       __OS_SET_FSR_CUR_TASK
;osa_pic18_mikroc.c,424 :: 		
0x01C6	0x5244      	MOVF        FARG__OS_CheckEvent_bEvent, 1 
0x01C8	0xE007      	BZ          L__OS_CheckEvent6
;osa_pic18_mikroc.c,426 :: 		
0x01CA	0xA63E      	BTFSS       __OS_State, 3 
0x01CC	0xD003      	BRA         L__OS_CheckEvent7
;osa_pic18_mikroc.c,430 :: 		
0x01CE	0x983E      	BCF         __OS_State, 4 
;osa_pic18_mikroc.c,431 :: 		
0x01D0	0x98EF      	BCF         INDF0, 4 
;osa_pic18_mikroc.c,439 :: 		
0x01D2	0xD00B      	BRA         L_end__OS_CheckEvent
;osa_pic18_mikroc.c,440 :: 		
L__OS_CheckEvent7:
;osa_pic18_mikroc.c,442 :: 		
0x01D4	0x863E      	BSF         __OS_State, 3 
;osa_pic18_mikroc.c,444 :: 		
0x01D6	0xD001      	BRA         L__OS_CheckEvent8
L__OS_CheckEvent6:
;osa_pic18_mikroc.c,445 :: 		
0x01D8	0x963E      	BCF         __OS_State, 3 
;osa_pic18_mikroc.c,446 :: 		
L__OS_CheckEvent8:
;osa_pic18_mikroc.c,450 :: 		
0x01DA	0xB83E      	BTFSC       __OS_State, 4 
0x01DC	0xD005      	BRA         L__OS_CheckEvent11
0x01DE	0xAA3E      	BTFSS       __OS_State, 5 
0x01E0	0xD003      	BRA         L__OS_CheckEvent11
L___OS_CheckEvent18:
;osa_pic18_mikroc.c,452 :: 		
0x01E2	0x863E      	BSF         __OS_State, 3 
;osa_pic18_mikroc.c,453 :: 		
0x01E4	0x8A1D      	BSF         __OS_Flags, 5 
;osa_pic18_mikroc.c,459 :: 		
0x01E6	0xD001      	BRA         L_end__OS_CheckEvent
;osa_pic18_mikroc.c,460 :: 		
L__OS_CheckEvent11:
;osa_pic18_mikroc.c,464 :: 		
0x01E8	0x0006      	POP
;osa_pic18_mikroc.c,469 :: 		
L_end__OS_CheckEvent:
0x01EA	0x0012      	RETURN      0
; end of __OS_CheckEvent
_Task_LED1:
;main.c,56 :: 		void Task_LED1(void)
;main.c,58 :: 		for(;;)
L_Task_LED138:
;main.c,60 :: 		OS_Bsem_Wait(BS_LED1);
0x01EC	0xDFE7      	RCALL       __OS_EnterWaitMode
0x01EE	0x0000      	NOP
0x01F0	0x0E02      	MOVLW       2
0x01F2	0x141C      	ANDWF       __OS_Bsems, 0 
0x01F4	0x6E00      	MOVWF       R0 
0x01F6	0x0E00      	MOVLW       0
0x01F8	0x0B00      	ANDLW       0
0x01FA	0x6E01      	MOVWF       R1 
0x01FC	0x0E00      	MOVLW       0
0x01FE	0x1801      	XORWF       R1, 0 
0x0200	0xE102      	BNZ         L__Task_LED158
0x0202	0x0E00      	MOVLW       0
0x0204	0x1800      	XORWF       R0, 0 
L__Task_LED158:
0x0206	0x0E00      	MOVLW       0
0x0208	0xA4D8      	BTFSS       STATUS, 2 
0x020A	0x0E01      	MOVLW       1
0x020C	0x6E44      	MOVWF       FARG__OS_CheckEvent_bEvent 
0x020E	0xDFD9      	RCALL       __OS_CheckEvent
0x0210	0x0EFD      	MOVLW       253
0x0212	0x161C      	ANDWF       __OS_Bsems, 1 
;main.c,62 :: 		LATD.RD1 = ~LATD.RD1;
0x0214	0x728C      	BTG         LATD, 1 
;main.c,63 :: 		OS_Delay(300);
0x0216	0x0E2C      	MOVLW       44
0x0218	0x6E44      	MOVWF       FARG__OS_InitDelay_Delay 
0x021A	0x0E01      	MOVLW       1
0x021C	0x6E45      	MOVWF       FARG__OS_InitDelay_Delay+1 
0x021E	0x0E00      	MOVLW       0
0x0220	0x6E46      	MOVWF       FARG__OS_InitDelay_Delay+2 
0x0222	0x6E47      	MOVWF       FARG__OS_InitDelay_Delay+3 
0x0224	0xDF6F      	RCALL       __OS_InitDelay
0x0226	0xDFC0      	RCALL       __OS_ReturnSave
0x0228	0x0000      	NOP
;main.c,65 :: 		OS_Bsem_Reset(BS_LED1);
0x022A	0x0EFD      	MOVLW       253
0x022C	0x161C      	ANDWF       __OS_Bsems, 1 
;main.c,66 :: 		OS_Bsem_Set(BS_LED2);
0x022E	0x841C      	BSF         __OS_Bsems, 2 
;main.c,67 :: 		}
0x0230	0xD7DD      	BRA         L_Task_LED138
;main.c,68 :: 		}
L_end_Task_LED1:
0x0232	0x0012      	RETURN      0
; end of _Task_LED1
_Task_LED2:
;main.c,70 :: 		void Task_LED2(void)
;main.c,72 :: 		for(;;)
L_Task_LED241:
;main.c,74 :: 		OS_Bsem_Wait(BS_LED2);
0x0234	0xDFC3      	RCALL       __OS_EnterWaitMode
0x0236	0x0000      	NOP
0x0238	0x0E04      	MOVLW       4
0x023A	0x141C      	ANDWF       __OS_Bsems, 0 
0x023C	0x6E00      	MOVWF       R0 
0x023E	0x0E00      	MOVLW       0
0x0240	0x0B00      	ANDLW       0
0x0242	0x6E01      	MOVWF       R1 
0x0244	0x0E00      	MOVLW       0
0x0246	0x1801      	XORWF       R1, 0 
0x0248	0xE102      	BNZ         L__Task_LED260
0x024A	0x0E00      	MOVLW       0
0x024C	0x1800      	XORWF       R0, 0 
L__Task_LED260:
0x024E	0x0E00      	MOVLW       0
0x0250	0xA4D8      	BTFSS       STATUS, 2 
0x0252	0x0E01      	MOVLW       1
0x0254	0x6E44      	MOVWF       FARG__OS_CheckEvent_bEvent 
0x0256	0xDFB5      	RCALL       __OS_CheckEvent
0x0258	0x0EFB      	MOVLW       251
0x025A	0x161C      	ANDWF       __OS_Bsems, 1 
;main.c,76 :: 		LATD.RD2 = ~LATD.RD2;
0x025C	0x748C      	BTG         LATD, 2 
;main.c,77 :: 		OS_Delay(300);
0x025E	0x0E2C      	MOVLW       44
0x0260	0x6E44      	MOVWF       FARG__OS_InitDelay_Delay 
0x0262	0x0E01      	MOVLW       1
0x0264	0x6E45      	MOVWF       FARG__OS_InitDelay_Delay+1 
0x0266	0x0E00      	MOVLW       0
0x0268	0x6E46      	MOVWF       FARG__OS_InitDelay_Delay+2 
0x026A	0x6E47      	MOVWF       FARG__OS_InitDelay_Delay+3 
0x026C	0xDF4B      	RCALL       __OS_InitDelay
0x026E	0xDF9C      	RCALL       __OS_ReturnSave
0x0270	0x0000      	NOP
;main.c,79 :: 		OS_Bsem_Reset(BS_LED2);
0x0272	0x0EFB      	MOVLW       251
0x0274	0x161C      	ANDWF       __OS_Bsems, 1 
;main.c,80 :: 		OS_Bsem_Set(BS_LED0);
0x0276	0x801C      	BSF         __OS_Bsems, 0 
;main.c,81 :: 		}
0x0278	0xD7DD      	BRA         L_Task_LED241
;main.c,82 :: 		}
L_end_Task_LED2:
0x027A	0x0012      	RETURN      0
; end of _Task_LED2
__OS_Task_Create:
;osa_tasks.c,75 :: 		
;osa_tasks.c,79 :: 		
0x027C	0x921D      	BCF         __OS_Flags, 1 
;osa_tasks.c,88 :: 		
0x027E	0x0E23      	MOVLW       __OS_Tasks
0x0280	0x6E01      	MOVWF       R1 
0x0282	0x0E00      	MOVLW       hi_addr(__OS_Tasks)
0x0284	0x6E02      	MOVWF       R2 
;osa_tasks.c,89 :: 		
0x0286	0x6A20      	CLRF        __OS_Temp 
;osa_tasks.c,91 :: 		
L__OS_Task_Create13:
;osa_tasks.c,93 :: 		
0x0288	0xFFE9C001  	MOVFF       R1, FSR0L
0x028C	0xFFEAC002  	MOVFF       R2, FSR0H
0x0290	0xF000CFEE  	MOVFF       POSTINC0, R0
0x0294	0xBC00      	BTFSC       R0, 6 
0x0296	0xD02A      	BRA         L__OS_Task_Create16
;osa_tasks.c,95 :: 		
0x0298	0x8C3F      	BSF         FARG__OS_Task_Create_priority, 6 
;osa_tasks.c,96 :: 		
0x029A	0x863F      	BSF         FARG__OS_Task_Create_priority, 3 
;osa_tasks.c,98 :: 		
0x029C	0x0E01      	MOVLW       1
0x029E	0x2401      	ADDWF       R1, 0 
0x02A0	0x6EE1      	MOVWF       FSR1L 
0x02A2	0x0E00      	MOVLW       0
0x02A4	0x2002      	ADDWFC      R2, 0 
0x02A6	0x6EE2      	MOVWF       FSR1L+1 
0x02A8	0xFFE6C040  	MOVFF       FARG__OS_Task_Create_TaskAddr, POSTINC1
0x02AC	0xFFE6C041  	MOVFF       FARG__OS_Task_Create_TaskAddr+1, POSTINC1
0x02B0	0xFFE6C042  	MOVFF       FARG__OS_Task_Create_TaskAddr+2, POSTINC1
0x02B4	0xFFE6C043  	MOVFF       FARG__OS_Task_Create_TaskAddr+3, POSTINC1
;osa_tasks.c,101 :: 		
0x02B8	0x0E05      	MOVLW       5
0x02BA	0x2401      	ADDWF       R1, 0 
0x02BC	0x6EE1      	MOVWF       FSR1L 
0x02BE	0x0E00      	MOVLW       0
0x02C0	0x2002      	ADDWFC      R2, 0 
0x02C2	0x6EE2      	MOVWF       FSR1L+1 
0x02C4	0x6AE6      	CLRF        POSTINC1 
0x02C6	0x6AE6      	CLRF        POSTINC1 
0x02C8	0x6AE6      	CLRF        POSTINC1 
0x02CA	0x6AE6      	CLRF        POSTINC1 
;osa_tasks.c,108 :: 		
0x02CC	0xFFE1C001  	MOVFF       R1, FSR1L
0x02D0	0xFFE2C002  	MOVFF       R2, FSR1H
0x02D4	0xFFE6C03F  	MOVFF       FARG__OS_Task_Create_priority, POSTINC1
;osa_tasks.c,111 :: 		
0x02D8	0x5002      	MOVF        R2, 0 
0x02DA	0x181B      	XORWF       __OS_CurTask+1, 0 
0x02DC	0xE102      	BNZ         L___OS_Task_Create32
0x02DE	0x501A      	MOVF        __OS_CurTask, 0 
0x02E0	0x1801      	XORWF       R1, 0 
L___OS_Task_Create32:
0x02E2	0xE102      	BNZ         L__OS_Task_Create17
0x02E4	0xF03EC03F  	MOVFF       FARG__OS_Task_Create_priority, __OS_State
L__OS_Task_Create17:
;osa_tasks.c,126 :: 		
0x02E8	0x921D      	BCF         __OS_Flags, 1 
;osa_tasks.c,128 :: 		
0x02EA	0xD009      	BRA         L_end__OS_Task_Create
;osa_tasks.c,130 :: 		
L__OS_Task_Create16:
;osa_tasks.c,132 :: 		
0x02EC	0x0E09      	MOVLW       9
0x02EE	0x2601      	ADDWF       R1, 1 
0x02F0	0x0E00      	MOVLW       0
0x02F2	0x2202      	ADDWFC      R2, 1 
;osa_tasks.c,134 :: 		
0x02F4	0x2A20      	INCF        __OS_Temp, 1 
0x02F6	0x0E03      	MOVLW       3
0x02F8	0x5C20      	SUBWF       __OS_Temp, 0 
0x02FA	0xE3C6      	BNC         L__OS_Task_Create13
;osa_tasks.c,137 :: 		
0x02FC	0x821D      	BSF         __OS_Flags, 1 
;osa_tasks.c,139 :: 		
;osa_tasks.c,140 :: 		
L_end__OS_Task_Create:
0x02FE	0x0012      	RETURN      0
; end of __OS_Task_Create
__OS_JumpToTask:
;osa_pic18_mikroc.c,64 :: 		
;osa_pic18_mikroc.c,66 :: 		
0x0300	0xDEED      	RCALL       __OS_SET_FSR_CUR_TASK
;osa_pic18_mikroc.c,67 :: 		
0x0302	0xF03ECFEE  	MOVFF       POSTINC0, __OS_State
;osa_pic18_mikroc.c,69 :: 		
0x0306	0x0005      	PUSH
;osa_pic18_mikroc.c,70 :: 		
0x0308	0x50EE      	MOVF        POSTINC0, 0, 0
;osa_pic18_mikroc.c,71 :: 		
0x030A	0x6EFD      	MOVWF       TOSL, 0
;osa_pic18_mikroc.c,72 :: 		
0x030C	0x50EE      	MOVF        POSTINC0, 0, 0
;osa_pic18_mikroc.c,73 :: 		
0x030E	0x6EFE      	MOVWF       TOSH, 0
;osa_pic18_mikroc.c,74 :: 		
0x0310	0x50EE      	MOVF        POSTINC0, 0, 0
;osa_pic18_mikroc.c,75 :: 		
0x0312	0x6EFF      	MOVWF       TOSU, 0
;osa_pic18_mikroc.c,76 :: 		
0x0314	0x0012      	RETURN      0
;osa_pic18_mikroc.c,78 :: 		
L_end__OS_JumpToTask:
0x0316	0x0012      	RETURN      0
; end of __OS_JumpToTask
_Task_LED0:
;main.c,37 :: 		void Task_LED0(void)
;main.c,40 :: 		OS_Bsem_Set(BS_LED0);
0x0318	0x801C      	BSF         __OS_Bsems, 0 
;main.c,42 :: 		for(;;)
L_Task_LED035:
;main.c,45 :: 		OS_Bsem_Wait(BS_LED0);
0x031A	0xDF50      	RCALL       __OS_EnterWaitMode
0x031C	0x0000      	NOP
0x031E	0x0E01      	MOVLW       1
0x0320	0x141C      	ANDWF       __OS_Bsems, 0 
0x0322	0x6E00      	MOVWF       R0 
0x0324	0x0E00      	MOVLW       0
0x0326	0x0B00      	ANDLW       0
0x0328	0x6E01      	MOVWF       R1 
0x032A	0x0E00      	MOVLW       0
0x032C	0x1801      	XORWF       R1, 0 
0x032E	0xE102      	BNZ         L__Task_LED056
0x0330	0x0E00      	MOVLW       0
0x0332	0x1800      	XORWF       R0, 0 
L__Task_LED056:
0x0334	0x0E00      	MOVLW       0
0x0336	0xA4D8      	BTFSS       STATUS, 2 
0x0338	0x0E01      	MOVLW       1
0x033A	0x6E44      	MOVWF       FARG__OS_CheckEvent_bEvent 
0x033C	0xDF42      	RCALL       __OS_CheckEvent
0x033E	0x0EFE      	MOVLW       254
0x0340	0x161C      	ANDWF       __OS_Bsems, 1 
;main.c,47 :: 		LATD.RD0 = ~LATD.RD0;
0x0342	0x708C      	BTG         LATD, 0 
;main.c,48 :: 		OS_Delay(300);
0x0344	0x0E2C      	MOVLW       44
0x0346	0x6E44      	MOVWF       FARG__OS_InitDelay_Delay 
0x0348	0x0E01      	MOVLW       1
0x034A	0x6E45      	MOVWF       FARG__OS_InitDelay_Delay+1 
0x034C	0x0E00      	MOVLW       0
0x034E	0x6E46      	MOVWF       FARG__OS_InitDelay_Delay+2 
0x0350	0x6E47      	MOVWF       FARG__OS_InitDelay_Delay+3 
0x0352	0xDED8      	RCALL       __OS_InitDelay
0x0354	0xDF29      	RCALL       __OS_ReturnSave
0x0356	0x0000      	NOP
;main.c,50 :: 		OS_Bsem_Reset(BS_LED0);
0x0358	0x0EFE      	MOVLW       254
0x035A	0x161C      	ANDWF       __OS_Bsems, 1 
;main.c,51 :: 		OS_Bsem_Set(BS_LED1);
0x035C	0x821C      	BSF         __OS_Bsems, 1 
;main.c,53 :: 		}
0x035E	0xD7DD      	BRA         L_Task_LED035
;main.c,54 :: 		}
L_end_Task_LED0:
0x0360	0x0012      	RETURN      0
; end of _Task_LED0
_OS_Init:
;osa_system.c,67 :: 		
;osa_system.c,72 :: 		
0x0362	0x6A1D      	CLRF        __OS_Flags 
;osa_system.c,81 :: 		
0x0364	0x0E35      	MOVLW       __OS_Tasks+18
0x0366	0x6E1E      	MOVWF       __OS_LastTask 
0x0368	0x0E00      	MOVLW       hi_addr(__OS_Tasks+18)
0x036A	0x6E1F      	MOVWF       __OS_LastTask+1 
;osa_system.c,260 :: 		
0x036C	0x6A1C      	CLRF        __OS_Bsems 
;osa_system.c,326 :: 		
0x036E	0x9C23      	BCF         __OS_Tasks, 6 
;osa_system.c,329 :: 		
0x0370	0x9C2C      	BCF         __OS_Tasks+9, 6 
;osa_system.c,333 :: 		
0x0372	0x9C35      	BCF         __OS_Tasks+18, 6 
;osa_system.c,394 :: 		
L_end_OS_Init:
0x0374	0x0012      	RETURN      0
; end of _OS_Init
_Init_MCU:
;config.h,16 :: 		void Init_MCU(void){
;config.h,17 :: 		ANSELA = 0;
0x0376	0x010F      	MOVLB       15
0x0378	0x6B38      	CLRF        ANSELA, 1
;config.h,18 :: 		ANSELB = 0;
0x037A	0x6B39      	CLRF        ANSELB, 1
;config.h,19 :: 		ANSELC = 0;
0x037C	0x6B3A      	CLRF        ANSELC, 1
;config.h,20 :: 		ANSELD = 0;
0x037E	0x6B3B      	CLRF        ANSELD, 1
;config.h,21 :: 		ANSELE = 0;
0x0380	0x6B3C      	CLRF        ANSELE, 1
;config.h,23 :: 		TRISD = 0;        //PORTD configurado como Sa?da
0x0382	0x6A95      	CLRF        TRISD 
;config.h,24 :: 		PORTD = 0;        //LEDs OFF
0x0384	0x6A83      	CLRF        PORTD 
;config.h,25 :: 		}
L_end_Init_MCU:
0x0386	0x0012      	RETURN      0
; end of _Init_MCU
_TickTimerIE:
;config.h,28 :: 		void TickTimerIE(void){
;config.h,29 :: 		T0CON = T0CON_CONST;
0x0388	0x0E44      	MOVLW       68
0x038A	0x6ED5      	MOVWF       T0CON 
;config.h,30 :: 		TMR0L = TMR0_CONST;
0x038C	0x0EC2      	MOVLW       194
0x038E	0x6ED6      	MOVWF       TMR0L 
;config.h,31 :: 		INTCON.GIEH = 1;
0x0390	0x8EF2      	BSF         INTCON, 7 
;config.h,32 :: 		INTCON.GIEL = 1;
0x0392	0x8CF2      	BSF         INTCON, 6 
;config.h,33 :: 		RCON.IPEN = 1;
0x0394	0x8ED0      	BSF         RCON, 7 
;config.h,34 :: 		TMR0IE_bit = 1;
0x0396	0x8AF2      	BSF         TMR0IE_bit, BitPos(TMR0IE_bit+0) 
;config.h,35 :: 		TMR0IP_bit = 1;
0x0398	0x84F1      	BSF         TMR0IP_bit, BitPos(TMR0IP_bit+0) 
;config.h,36 :: 		T0CON.TMR0ON = 1;
0x039A	0x8ED5      	BSF         T0CON, 7 
;config.h,37 :: 		}
L_end_TickTimerIE:
0x039C	0x0012      	RETURN      0
; end of _TickTimerIE
_main:
;main.c,14 :: 		void main() {
;main.c,15 :: 		OSCCON = 0b01100011;
0x039E	0x0E63      	MOVLW       99
0x03A0	0x6ED3      	MOVWF       OSCCON 
;main.c,17 :: 		OS_Init();                         //Inicializa RTO's
0x03A2	0xDFDF      	RCALL       _OS_Init
;main.c,18 :: 		Init_MCU();
0x03A4	0xDFE8      	RCALL       _Init_MCU
;main.c,19 :: 		TickTimerIE();
0x03A6	0xDFF0      	RCALL       _TickTimerIE
;main.c,22 :: 		OS_Task_Create(0, Task_LED0);
0x03A8	0x6A3F      	CLRF        FARG__OS_Task_Create_priority 
0x03AA	0x0E18      	MOVLW       _Task_LED0
0x03AC	0x6E40      	MOVWF       FARG__OS_Task_Create_TaskAddr 
0x03AE	0x0E03      	MOVLW       hi_addr(_Task_LED0)
0x03B0	0x6E41      	MOVWF       FARG__OS_Task_Create_TaskAddr+1 
0x03B2	0x0E00      	MOVLW       0
0x03B4	0x6E42      	MOVWF       FARG__OS_Task_Create_TaskAddr+2 
0x03B6	0x0E00      	MOVLW       0
0x03B8	0x6E43      	MOVWF       FARG__OS_Task_Create_TaskAddr+3 
0x03BA	0xDF60      	RCALL       __OS_Task_Create
;main.c,23 :: 		OS_Task_Create(0, Task_LED1);
0x03BC	0x6A3F      	CLRF        FARG__OS_Task_Create_priority 
0x03BE	0x0EEC      	MOVLW       _Task_LED1
0x03C0	0x6E40      	MOVWF       FARG__OS_Task_Create_TaskAddr 
0x03C2	0x0E01      	MOVLW       hi_addr(_Task_LED1)
0x03C4	0x6E41      	MOVWF       FARG__OS_Task_Create_TaskAddr+1 
0x03C6	0x0E00      	MOVLW       0
0x03C8	0x6E42      	MOVWF       FARG__OS_Task_Create_TaskAddr+2 
0x03CA	0x0E00      	MOVLW       0
0x03CC	0x6E43      	MOVWF       FARG__OS_Task_Create_TaskAddr+3 
0x03CE	0xDF56      	RCALL       __OS_Task_Create
;main.c,24 :: 		OS_Task_Create(0, Task_LED2);
0x03D0	0x6A3F      	CLRF        FARG__OS_Task_Create_priority 
0x03D2	0x0E34      	MOVLW       _Task_LED2
0x03D4	0x6E40      	MOVWF       FARG__OS_Task_Create_TaskAddr 
0x03D6	0x0E02      	MOVLW       hi_addr(_Task_LED2)
0x03D8	0x6E41      	MOVWF       FARG__OS_Task_Create_TaskAddr+1 
0x03DA	0x0E00      	MOVLW       0
0x03DC	0x6E42      	MOVWF       FARG__OS_Task_Create_TaskAddr+2 
0x03DE	0x0E00      	MOVLW       0
0x03E0	0x6E43      	MOVWF       FARG__OS_Task_Create_TaskAddr+3 
0x03E2	0xDF4C      	RCALL       __OS_Task_Create
;main.c,27 :: 		OS_Bsem_Reset(BS_LED0);
0x03E4	0x901C      	BCF         __OS_Bsems, 0 
;main.c,28 :: 		OS_Bsem_Reset(BS_LED1);
0x03E6	0x921C      	BCF         __OS_Bsems, 1 
;main.c,29 :: 		OS_Bsem_Reset(BS_LED2);
0x03E8	0x941C      	BCF         __OS_Bsems, 2 
;main.c,31 :: 		OS_EI();
0x03EA	0x8EF2      	BSF         GIE_bit, BitPos(GIE_bit+0) 
0x03EC	0xBED0      	BTFSC       IPEN_bit, BitPos(IPEN_bit+0) 
0x03EE	0x8CF2      	BSF         GIEL_bit, BitPos(GIEL_bit+0) 
L_main7:
;main.c,33 :: 		OS_Run();
L_main8:
0x03F0	0x981D      	BCF         __OS_Flags, 4 
0x03F2	0x861D      	BSF         __OS_Flags, 3 
0x03F4	0x0E08      	MOVLW       8
0x03F6	0x6E19      	MOVWF       __OS_Best_Priority 
0x03F8	0xF01AC01E  	MOVFF       __OS_LastTask, __OS_CurTask
0x03FC	0xF01BC01F  	MOVFF       __OS_LastTask+1, __OS_CurTask+1
L_main11:
0x0400	0x0E00      	MOVLW       hi_addr(__OS_Tasks+18)
0x0402	0x5C1B      	SUBWF       __OS_CurTask+1, 0 
0x0404	0xE102      	BNZ         L__main53
0x0406	0x0E35      	MOVLW       __OS_Tasks+18
0x0408	0x5C1A      	SUBWF       __OS_CurTask, 0 
L__main53:
0x040A	0xE305      	BNC         L_main14
0x040C	0x0E23      	MOVLW       __OS_Tasks
0x040E	0x6E1A      	MOVWF       __OS_CurTask 
0x0410	0x0E00      	MOVLW       hi_addr(__OS_Tasks)
0x0412	0x6E1B      	MOVWF       __OS_CurTask+1 
0x0414	0xD00A      	BRA         L_main15
L_main14:
0x0416	0x0E09      	MOVLW       9
0x0418	0x241A      	ADDWF       __OS_CurTask, 0 
0x041A	0x6E00      	MOVWF       R0 
0x041C	0x0E00      	MOVLW       0
0x041E	0x201B      	ADDWFC      __OS_CurTask+1, 0 
0x0420	0x6E01      	MOVWF       R1 
0x0422	0xF01AC000  	MOVFF       R0, __OS_CurTask
0x0426	0xF01BC001  	MOVFF       R1, __OS_CurTask+1
L_main15:
0x042A	0xFFE9C01A  	MOVFF       __OS_CurTask, FSR0L
0x042E	0xFFEAC01B  	MOVFF       __OS_CurTask+1, FSR0L+1
0x0432	0x0E01      	MOVLW       1
0x0434	0x6E00      	MOVWF       R0 
0x0436	0x0E3E      	MOVLW       __OS_State
0x0438	0x6EE1      	MOVWF       FSR1L 
0x043A	0x0E00      	MOVLW       hi_addr(__OS_State)
0x043C	0x6EE2      	MOVWF       FSR1L+1 
L_main16:
0x043E	0xFFE6CFEE  	MOVFF       POSTINC0, POSTINC1
0x0442	0x0600      	DECF        R0, 1 
0x0444	0xE1FC      	BNZ         L_main16
0x0446	0xAC3E      	BTFSS       __OS_State, 6 
0x0448	0xD003      	BRA         L__main47
0x044A	0xBE3E      	BTFSC       __OS_State, 7 
0x044C	0xD001      	BRA         L__main47
0x044E	0xD001      	BRA         L_main19
L__main47:
0x0450	0xD02E      	BRA         ___main__OS_SCHED_CONTINUE
L_main19:
0x0452	0xF000C03E  	MOVFF       __OS_State, R0
0x0456	0x0E07      	MOVLW       7
0x0458	0x1600      	ANDWF       R0, 1 
0x045A	0xF020C000  	MOVFF       R0, __OS_Temp
0x045E	0x5019      	MOVF        __OS_Best_Priority, 0 
0x0460	0x5C20      	SUBWF       __OS_Temp, 0 
0x0462	0xE301      	BNC         L_main20
0x0464	0xD024      	BRA         ___main__OS_SCHED_CONTINUE
L_main20:
0x0466	0xB63E      	BTFSC       __OS_State, 3 
0x0468	0xD00C      	BRA         L_main21
___main__OS_SCHED_RUN:
0x046A	0xDF4A      	RCALL       __OS_JumpToTask
0x046C	0xDE37      	RCALL       __OS_SET_FSR_CUR_TASK
0x046E	0x0ED7      	MOVLW       215
0x0470	0x16EF      	ANDWF       __indf, 1 
0x0472	0x0E28      	MOVLW       40
0x0474	0x143E      	ANDWF       __OS_State, 0 
0x0476	0x6E00      	MOVWF       R0 
0x0478	0x5000      	MOVF        R0, 0 
0x047A	0x12EF      	IORWF       __indf, 1 
0x047C	0xB61D      	BTFSC       __OS_Flags, 3 
0x047E	0xD001      	BRA         L_main22
0x0480	0xD03B      	BRA         ___main_SCHED_END
L_main22:
L_main21:
0x0482	0xA83E      	BTFSS       __OS_State, 4 
0x0484	0xD003      	BRA         L_main25
0x0486	0xBA3E      	BTFSC       __OS_State, 5 
0x0488	0xD001      	BRA         L_main25
L__main46:
0x048A	0xD011      	BRA         ___main__OS_SCHED_CONTINUE
L_main25:
0x048C	0xA63E      	BTFSS       __OS_State, 3 
0x048E	0xD00F      	BRA         L_main26
0x0490	0x881D      	BSF         __OS_Flags, 4 
0x0492	0xF021C01A  	MOVFF       __OS_CurTask, __OS_BestTask
0x0496	0xF022C01B  	MOVFF       __OS_CurTask+1, __OS_BestTask+1
0x049A	0xF000C03E  	MOVFF       __OS_State, R0
0x049E	0x0E07      	MOVLW       7
0x04A0	0x1600      	ANDWF       R0, 1 
0x04A2	0xF019C000  	MOVFF       R0, __OS_Best_Priority
0x04A6	0x5019      	MOVF        __OS_Best_Priority, 0 
0x04A8	0x0A00      	XORLW       0
0x04AA	0xE101      	BNZ         L_main27
0x04AC	0xD007      	BRA         L_main12
L_main27:
L_main26:
___main__OS_SCHED_CONTINUE:
0x04AE	0x501B      	MOVF        __OS_CurTask+1, 0 
0x04B0	0x181F      	XORWF       __OS_LastTask+1, 0 
0x04B2	0xE102      	BNZ         L__main54
0x04B4	0x501E      	MOVF        __OS_LastTask, 0 
0x04B6	0x181A      	XORWF       __OS_CurTask, 0 
L__main54:
0x04B8	0xE001      	BZ          L__main45
0x04BA	0xD7A2      	BRA         L_main11
L__main45:
L_main12:
0x04BC	0xA81D      	BTFSS       __OS_Flags, 4 
0x04BE	0xD01C      	BRA         L_main30
0x04C0	0x961D      	BCF         __OS_Flags, 3 
0x04C2	0xF01AC021  	MOVFF       __OS_BestTask, __OS_CurTask
0x04C6	0xF01BC022  	MOVFF       __OS_BestTask+1, __OS_CurTask+1
0x04CA	0xF01EC01A  	MOVFF       __OS_CurTask, __OS_LastTask
0x04CE	0xF01FC01B  	MOVFF       __OS_CurTask+1, __OS_LastTask+1
0x04D2	0xFFE9C01A  	MOVFF       __OS_CurTask, FSR0L
0x04D6	0xFFEAC01B  	MOVFF       __OS_CurTask+1, FSR0L+1
0x04DA	0x0E01      	MOVLW       1
0x04DC	0x6E00      	MOVWF       R0 
0x04DE	0x0E3E      	MOVLW       __OS_State
0x04E0	0x6EE1      	MOVWF       FSR1L 
0x04E2	0x0E00      	MOVLW       hi_addr(__OS_State)
0x04E4	0x6EE2      	MOVWF       FSR1L+1 
L_main31:
0x04E6	0xFFE6CFEE  	MOVFF       POSTINC0, POSTINC1
0x04EA	0x0600      	DECF        R0, 1 
0x04EC	0xE1FC      	BNZ         L_main31
0x04EE	0xAC3E      	BTFSS       __OS_State, 6 
0x04F0	0xD003      	BRA         L_main34
0x04F2	0xBE3E      	BTFSC       __OS_State, 7 
0x04F4	0xD001      	BRA         L_main34
L__main44:
0x04F6	0xD7B9      	BRA         ___main__OS_SCHED_RUN
L_main34:
L_main30:
___main_SCHED_END:
0x04F8	0xD77B      	BRA         L_main8
;main.c,35 :: 		}
L_end_main:
0x04FA	0xD7FF      	BRA         $+0
; end of _main
Symbol List:
//** Routines locations **
//ADDRESS    SIZE    PROCEDURE
//----------------------------------------------
0x0008     [212]    _INTERRUPT_HIGH
0x00DC      [10]    __OS_SET_FSR_CUR_TASK
0x00E6      [30]    __OS_ClrReadySetClrCanContinue
0x0104     [164]    __OS_InitDelay
0x01A8      [20]    __OS_ReturnSave
0x01BC       [6]    __OS_EnterWaitMode
0x01C2      [42]    __OS_CheckEvent
0x01EC      [72]    _Task_LED1
0x0234      [72]    _Task_LED2
0x027C     [132]    __OS_Task_Create
0x0300      [24]    __OS_JumpToTask
0x0318      [74]    _Task_LED0
0x0362      [20]    _OS_Init
0x0376      [18]    _Init_MCU
0x0388      [22]    _TickTimerIE
0x039E     [350]    _main
//** Variables locations ** 
//ADDRESS    SIZE    VARIABLE
//----------------------------------------------
0x0000       [1]    R0
0x0001       [2]    _OS_Task_Create_Task_L0
0x0001       [1]    OS_DI_temp_L0
0x0001       [1]    R1
0x0002       [1]    R2
0x0003       [1]    R3
0x0004       [1]    R4
0x0005       [1]    R5
0x0006       [1]    R6
0x0007       [1]    R7
0x0008       [1]    R8
0x0009       [1]    R9
0x000A       [1]    R10
0x000B       [1]    R11
0x000C       [1]    R12
0x000D       [1]    R13
0x000E       [1]    R14
0x000F       [1]    R15
0x0010       [1]    R16
0x0011       [1]    R17
0x0012       [1]    R18
0x0013       [1]    R19
0x0014       [1]    R20
0x0019       [1]    __OS_Best_Priority
0x001A       [2]    __OS_CurTask
0x001C       [1]    __OS_Bsems
0x001D       [1]    __OS_Flags
0x001E       [2]    __OS_LastTask
0x0020       [1]    __OS_Temp
0x0021       [2]    __OS_BestTask
0x0023      [27]    __OS_Tasks
0x003E       [1]    __OS_State
0x003F       [1]    FARG__OS_Task_Create_priority
0x0040       [4]    FARG__OS_Task_Create_TaskAddr
0x0044       [1]    FARG__OS_CheckEvent_bEvent
0x0044       [4]    FARG__OS_InitDelay_Delay
0x0F38       [1]    ANSELA
0x0F39       [1]    ANSELB
0x0F3A       [1]    ANSELC
0x0F3B       [1]    ANSELD
0x0F3C       [1]    ANSELE
0x0F83       [1]    PORTD
0x0F8C       [1]    LATD
0x0F95       [1]    TRISD
0x0FD0       [0]    IPEN_bit
0x0FD0       [1]    RCON
0x0FD3       [1]    OSCCON
0x0FD5       [1]    T0CON
0x0FD6       [1]    TMR0L
0x0FD8       [1]    STATUS
0x0FD9       [1]    FSR2L
0x0FDA       [1]    FSR2H
0x0FDE       [1]    POSTINC2
0x0FE0       [1]    BSR
0x0FE1       [1]    FSR1L
0x0FE2       [1]    FSR1H
0x0FE4       [1]    PREINC1
0x0FE6       [1]    POSTINC1
0x0FE7       [1]    INDF1
0x0FE8       [1]    WREG
0x0FE9       [2]    __fsr
0x0FE9       [1]    FSR0L
0x0FEA       [1]    FSR0H
0x0FEC       [1]    __preinc
0x0FEE       [1]    POSTINC0
0x0FEE       [1]    __postinc
0x0FEF       [1]    __indf
0x0FF1       [0]    TMR0IP_bit
0x0FF2       [1]    INTCON
0x0FF2       [0]    GIE_bit
0x0FF2       [0]    GIEL_bit
0x0FF2       [0]    TMR0IF_bit
0x0FF2       [0]    TMR0IE_bit
0x0FF3       [1]    PRODL
0x0FF4       [1]    PRODH
0x0FF5       [1]    TABLAT
0x0FF6       [1]    TBLPTRL
0x0FF7       [1]    TBLPTRH
0x0FF8       [1]    TBLPTRU
0x0FFD       [1]    __tosl
0x0FFE       [1]    __tosh
0x0FFF       [1]    __tosu
