;  LST file generated by mikroListExporter - v.2.0 
; Date/Time: 13/06/2023 11:54:22
;----------------------------------------------

;Address Opcode 	ASM
0x0000	0xF003EF6D  	GOTO        1754
_INTERRUPT_HIGH:
;main.c,8 :: 		void INTERRUPT_HIGH() iv 0x0008 ics ICS_AUTO {
0x0008	0xF018C000  	MOVFF       R0, 24
0x000C	0xF017C001  	MOVFF       R1, 23
0x0010	0xF016C002  	MOVFF       R2, 22
0x0014	0xF015C003  	MOVFF       R3, 21
;main.c,9 :: 		if (TMR0IF_bit){
0x0018	0xA4F2      	BTFSS       TMR0IF_bit, BitPos(TMR0IF_bit+0) 
0x001A	0xD057      	BRA         L_INTERRUPT_HIGH0
;main.c,10 :: 		TMR0L = TMR0_CONST;
0x001C	0x0EC2      	MOVLW       194
0x001E	0x6ED6      	MOVWF       TMR0L 
;main.c,11 :: 		TMR0IF_bit = 0;
0x0020	0x94F2      	BCF         TMR0IF_bit, BitPos(TMR0IF_bit+0) 
;main.c,13 :: 		OS_Timer();
0x0022	0xA836      	BTFSS       __OS_Tasks, 4 
0x0024	0xD01A      	BRA         L_INTERRUPT_HIGH1
0x0026	0x0E01      	MOVLW       1
0x0028	0x243B      	ADDWF       __OS_Tasks+5, 0 
0x002A	0x6E00      	MOVWF       R0 
0x002C	0x0E00      	MOVLW       0
0x002E	0x203C      	ADDWFC      __OS_Tasks+6, 0 
0x0030	0x6E01      	MOVWF       R1 
0x0032	0x0E00      	MOVLW       0
0x0034	0x203D      	ADDWFC      __OS_Tasks+7, 0 
0x0036	0x6E02      	MOVWF       R2 
0x0038	0x0E00      	MOVLW       0
0x003A	0x203E      	ADDWFC      __OS_Tasks+8, 0 
0x003C	0x6E03      	MOVWF       R3 
0x003E	0xF03BC000  	MOVFF       R0, __OS_Tasks+5
0x0042	0xF03CC001  	MOVFF       R1, __OS_Tasks+6
0x0046	0xF03DC002  	MOVFF       R2, __OS_Tasks+7
0x004A	0xF03EC003  	MOVFF       R3, __OS_Tasks+8
0x004E	0x503B      	MOVF        __OS_Tasks+5, 0 
0x0050	0x103C      	IORWF       __OS_Tasks+6, 0 
0x0052	0x103D      	IORWF       __OS_Tasks+7, 0 
0x0054	0x103E      	IORWF       __OS_Tasks+8, 0 
0x0056	0xB4D8      	BTFSC       STATUS, 2 
0x0058	0x9836      	BCF         __OS_Tasks, 4 
L_INTERRUPT_HIGH2:
L_INTERRUPT_HIGH1:
0x005A	0xA83F      	BTFSS       __OS_Tasks+9, 4 
0x005C	0xD01A      	BRA         L_INTERRUPT_HIGH3
0x005E	0x0E01      	MOVLW       1
0x0060	0x2444      	ADDWF       __OS_Tasks+14, 0 
0x0062	0x6E00      	MOVWF       R0 
0x0064	0x0E00      	MOVLW       0
0x0066	0x2045      	ADDWFC      __OS_Tasks+15, 0 
0x0068	0x6E01      	MOVWF       R1 
0x006A	0x0E00      	MOVLW       0
0x006C	0x2046      	ADDWFC      __OS_Tasks+16, 0 
0x006E	0x6E02      	MOVWF       R2 
0x0070	0x0E00      	MOVLW       0
0x0072	0x2047      	ADDWFC      __OS_Tasks+17, 0 
0x0074	0x6E03      	MOVWF       R3 
0x0076	0xF044C000  	MOVFF       R0, __OS_Tasks+14
0x007A	0xF045C001  	MOVFF       R1, __OS_Tasks+15
0x007E	0xF046C002  	MOVFF       R2, __OS_Tasks+16
0x0082	0xF047C003  	MOVFF       R3, __OS_Tasks+17
0x0086	0x5044      	MOVF        __OS_Tasks+14, 0 
0x0088	0x1045      	IORWF       __OS_Tasks+15, 0 
0x008A	0x1046      	IORWF       __OS_Tasks+16, 0 
0x008C	0x1047      	IORWF       __OS_Tasks+17, 0 
0x008E	0xB4D8      	BTFSC       STATUS, 2 
0x0090	0x983F      	BCF         __OS_Tasks+9, 4 
L_INTERRUPT_HIGH4:
L_INTERRUPT_HIGH3:
0x0092	0xA848      	BTFSS       __OS_Tasks+18, 4 
0x0094	0xD01A      	BRA         L_INTERRUPT_HIGH5
0x0096	0x0E01      	MOVLW       1
0x0098	0x244D      	ADDWF       __OS_Tasks+23, 0 
0x009A	0x6E00      	MOVWF       R0 
0x009C	0x0E00      	MOVLW       0
0x009E	0x204E      	ADDWFC      __OS_Tasks+24, 0 
0x00A0	0x6E01      	MOVWF       R1 
0x00A2	0x0E00      	MOVLW       0
0x00A4	0x204F      	ADDWFC      __OS_Tasks+25, 0 
0x00A6	0x6E02      	MOVWF       R2 
0x00A8	0x0E00      	MOVLW       0
0x00AA	0x2050      	ADDWFC      __OS_Tasks+26, 0 
0x00AC	0x6E03      	MOVWF       R3 
0x00AE	0xF04DC000  	MOVFF       R0, __OS_Tasks+23
0x00B2	0xF04EC001  	MOVFF       R1, __OS_Tasks+24
0x00B6	0xF04FC002  	MOVFF       R2, __OS_Tasks+25
0x00BA	0xF050C003  	MOVFF       R3, __OS_Tasks+26
0x00BE	0x504D      	MOVF        __OS_Tasks+23, 0 
0x00C0	0x104E      	IORWF       __OS_Tasks+24, 0 
0x00C2	0x104F      	IORWF       __OS_Tasks+25, 0 
0x00C4	0x1050      	IORWF       __OS_Tasks+26, 0 
0x00C6	0xB4D8      	BTFSC       STATUS, 2 
0x00C8	0x9848      	BCF         __OS_Tasks+18, 4 
L_INTERRUPT_HIGH6:
L_INTERRUPT_HIGH5:
;main.c,14 :: 		}
L_INTERRUPT_HIGH0:
;main.c,15 :: 		}
L_end_INTERRUPT_HIGH:
L__INTERRUPT_HIGH53:
0x00CA	0xF000C018  	MOVFF       24, R0
0x00CE	0xF001C017  	MOVFF       23, R1
0x00D2	0xF002C016  	MOVFF       22, R2
0x00D6	0xF003C015  	MOVFF       21, R3
0x00DA	0x0011      	RETFIE      1
; end of _INTERRUPT_HIGH
_Delay_50us:
;__Lib_Delays.c,19 :: 		void Delay_50us() {
;__Lib_Delays.c,20 :: 		Delay_us(50);
0x00DC	0x0E21      	MOVLW       33
0x00DE	0x6E0D      	MOVWF       R13, 0
L_Delay_50us2:
0x00E0	0x2E0D      	DECFSZ      R13, 1, 0
0x00E2	0xD7FE      	BRA         L_Delay_50us2
;__Lib_Delays.c,21 :: 		}
L_end_Delay_50us:
0x00E4	0x0012      	RETURN      0
; end of _Delay_50us
_Delay_5500us:
;__Lib_Delays.c,31 :: 		void Delay_5500us() {
;__Lib_Delays.c,32 :: 		Delay_us(5500);
0x00E6	0x0E0F      	MOVLW       15
0x00E8	0x6E0C      	MOVWF       R12, 0
0x00EA	0x0E47      	MOVLW       71
0x00EC	0x6E0D      	MOVWF       R13, 0
L_Delay_5500us5:
0x00EE	0x2E0D      	DECFSZ      R13, 1, 0
0x00F0	0xD7FE      	BRA         L_Delay_5500us5
0x00F2	0x2E0C      	DECFSZ      R12, 1, 0
0x00F4	0xD7FC      	BRA         L_Delay_5500us5
0x00F6	0x0000      	NOP
0x00F8	0x0000      	NOP
;__Lib_Delays.c,33 :: 		}
L_end_Delay_5500us:
0x00FA	0x0012      	RETURN      0
; end of _Delay_5500us
_Delay_1us:
;__Lib_Delays.c,7 :: 		void Delay_1us() {
;__Lib_Delays.c,8 :: 		Delay_us(1);
0x00FC	0x0000      	NOP
0x00FE	0x0000      	NOP
;__Lib_Delays.c,9 :: 		}
L_end_Delay_1us:
0x0100	0x0012      	RETURN      0
; end of _Delay_1us
__OS_SET_FSR_CUR_TASK:
;osa_pic18_mikroc.c,242 :: 		
;osa_pic18_mikroc.c,244 :: 		
0x0102	0xFFE9C034  	MOVFF       __OS_CurTask, FSR0L
0x0106	0xFFEAC035  	MOVFF       __OS_CurTask+1, FSR0H
;osa_pic18_mikroc.c,245 :: 		
L_end__OS_SET_FSR_CUR_TASK:
0x010A	0x0012      	RETURN      0
; end of __OS_SET_FSR_CUR_TASK
_Lcd_Cmd:
;__Lib_Lcd.c,18 :: 		
;__Lib_Lcd.c,20 :: 		
0x010C	0x0100      	MOVLB       0
0x010E	0xBF60      	BTFSC       FARG_Lcd_Cmd_out_char, 7, 1
0x0110	0xD002      	BRA         L__Lcd_Cmd21
0x0112	0x9681      	BCF         LCD_D7, BitPos(LCD_D7+0) 
0x0114	0xD001      	BRA         L__Lcd_Cmd22
L__Lcd_Cmd21:
0x0116	0x8681      	BSF         LCD_D7, BitPos(LCD_D7+0) 
L__Lcd_Cmd22:
;__Lib_Lcd.c,21 :: 		
0x0118	0xBD60      	BTFSC       FARG_Lcd_Cmd_out_char, 6, 1
0x011A	0xD002      	BRA         L__Lcd_Cmd23
0x011C	0x9481      	BCF         LCD_D6, BitPos(LCD_D6+0) 
0x011E	0xD001      	BRA         L__Lcd_Cmd24
L__Lcd_Cmd23:
0x0120	0x8481      	BSF         LCD_D6, BitPos(LCD_D6+0) 
L__Lcd_Cmd24:
;__Lib_Lcd.c,22 :: 		
0x0122	0xBB60      	BTFSC       FARG_Lcd_Cmd_out_char, 5, 1
0x0124	0xD002      	BRA         L__Lcd_Cmd25
0x0126	0x9281      	BCF         LCD_D5, BitPos(LCD_D5+0) 
0x0128	0xD001      	BRA         L__Lcd_Cmd26
L__Lcd_Cmd25:
0x012A	0x8281      	BSF         LCD_D5, BitPos(LCD_D5+0) 
L__Lcd_Cmd26:
;__Lib_Lcd.c,23 :: 		
0x012C	0xB960      	BTFSC       FARG_Lcd_Cmd_out_char, 4, 1
0x012E	0xD002      	BRA         L__Lcd_Cmd27
0x0130	0x9081      	BCF         LCD_D4, BitPos(LCD_D4+0) 
0x0132	0xD001      	BRA         L__Lcd_Cmd28
L__Lcd_Cmd27:
0x0134	0x8081      	BSF         LCD_D4, BitPos(LCD_D4+0) 
L__Lcd_Cmd28:
;__Lib_Lcd.c,25 :: 		
0x0136	0xB01C      	BTFSC       __Lib_Lcd_cmd_status, BitPos(__Lib_Lcd_cmd_status+0) 
0x0138	0xD002      	BRA         L__Lcd_Cmd29
0x013A	0x8881      	BSF         LCD_RS, BitPos(LCD_RS+0) 
0x013C	0xD001      	BRA         L__Lcd_Cmd30
L__Lcd_Cmd29:
0x013E	0x9881      	BCF         LCD_RS, BitPos(LCD_RS+0) 
L__Lcd_Cmd30:
;__Lib_Lcd.c,28 :: 		
0x0140	0x8A81      	BSF         LCD_EN, BitPos(LCD_EN+0) 
;__Lib_Lcd.c,29 :: 		
0x0142	0xDFDC      	RCALL       _Delay_1us
;__Lib_Lcd.c,30 :: 		
0x0144	0x9A81      	BCF         LCD_EN, BitPos(LCD_EN+0) 
;__Lib_Lcd.c,33 :: 		
0x0146	0xB760      	BTFSC       FARG_Lcd_Cmd_out_char, 3, 1
0x0148	0xD002      	BRA         L__Lcd_Cmd31
0x014A	0x9681      	BCF         LCD_D7, BitPos(LCD_D7+0) 
0x014C	0xD001      	BRA         L__Lcd_Cmd32
L__Lcd_Cmd31:
0x014E	0x8681      	BSF         LCD_D7, BitPos(LCD_D7+0) 
L__Lcd_Cmd32:
;__Lib_Lcd.c,34 :: 		
0x0150	0xB560      	BTFSC       FARG_Lcd_Cmd_out_char, 2, 1
0x0152	0xD002      	BRA         L__Lcd_Cmd33
0x0154	0x9481      	BCF         LCD_D6, BitPos(LCD_D6+0) 
0x0156	0xD001      	BRA         L__Lcd_Cmd34
L__Lcd_Cmd33:
0x0158	0x8481      	BSF         LCD_D6, BitPos(LCD_D6+0) 
L__Lcd_Cmd34:
;__Lib_Lcd.c,35 :: 		
0x015A	0xB360      	BTFSC       FARG_Lcd_Cmd_out_char, 1, 1
0x015C	0xD002      	BRA         L__Lcd_Cmd35
0x015E	0x9281      	BCF         LCD_D5, BitPos(LCD_D5+0) 
0x0160	0xD001      	BRA         L__Lcd_Cmd36
L__Lcd_Cmd35:
0x0162	0x8281      	BSF         LCD_D5, BitPos(LCD_D5+0) 
L__Lcd_Cmd36:
;__Lib_Lcd.c,36 :: 		
0x0164	0xB160      	BTFSC       FARG_Lcd_Cmd_out_char, 0, 1
0x0166	0xD002      	BRA         L__Lcd_Cmd37
0x0168	0x9081      	BCF         LCD_D4, BitPos(LCD_D4+0) 
0x016A	0xD001      	BRA         L__Lcd_Cmd38
L__Lcd_Cmd37:
0x016C	0x8081      	BSF         LCD_D4, BitPos(LCD_D4+0) 
L__Lcd_Cmd38:
;__Lib_Lcd.c,38 :: 		
0x016E	0xB01C      	BTFSC       __Lib_Lcd_cmd_status, BitPos(__Lib_Lcd_cmd_status+0) 
0x0170	0xD002      	BRA         L__Lcd_Cmd39
0x0172	0x8881      	BSF         LCD_RS, BitPos(LCD_RS+0) 
0x0174	0xD001      	BRA         L__Lcd_Cmd40
L__Lcd_Cmd39:
0x0176	0x9881      	BCF         LCD_RS, BitPos(LCD_RS+0) 
L__Lcd_Cmd40:
;__Lib_Lcd.c,40 :: 		
0x0178	0x8A81      	BSF         LCD_EN, BitPos(LCD_EN+0) 
;__Lib_Lcd.c,41 :: 		
0x017A	0xDFC0      	RCALL       _Delay_1us
;__Lib_Lcd.c,42 :: 		
0x017C	0x9A81      	BCF         LCD_EN, BitPos(LCD_EN+0) 
;__Lib_Lcd.c,44 :: 		
0x017E	0xA01C      	BTFSS       __Lib_Lcd_cmd_status, BitPos(__Lib_Lcd_cmd_status+0) 
0x0180	0xD002      	BRA         L_Lcd_Cmd0
;__Lib_Lcd.c,45 :: 		
0x0182	0xDFB1      	RCALL       _Delay_5500us
0x0184	0xD001      	BRA         L_Lcd_Cmd1
L_Lcd_Cmd0:
;__Lib_Lcd.c,47 :: 		
0x0186	0xDFAA      	RCALL       _Delay_50us
L_Lcd_Cmd1:
;__Lib_Lcd.c,48 :: 		
L_end_Lcd_Cmd:
0x0188	0x0012      	RETURN      0
; end of _Lcd_Cmd
_Lcd_Chr_CP:
;__Lib_Lcd.c,50 :: 		
;__Lib_Lcd.c,52 :: 		
0x018A	0x901C      	BCF         __Lib_Lcd_cmd_status, BitPos(__Lib_Lcd_cmd_status+0) 
;__Lib_Lcd.c,53 :: 		
0x018C	0xF060C05F  	MOVFF       FARG_Lcd_Chr_CP_out_char, FARG_Lcd_Cmd_out_char
0x0190	0xDFBD      	RCALL       _Lcd_Cmd
;__Lib_Lcd.c,54 :: 		
0x0192	0x801C      	BSF         __Lib_Lcd_cmd_status, BitPos(__Lib_Lcd_cmd_status+0) 
;__Lib_Lcd.c,55 :: 		
L_end_Lcd_Chr_CP:
0x0194	0x0012      	RETURN      0
; end of _Lcd_Chr_CP
__OS_ClrReadySetClrCanContinue:
;osa_pic18_mikroc.c,207 :: 		
;osa_pic18_mikroc.c,209 :: 		
0x0196	0x0006      	POP
;osa_pic18_mikroc.c,211 :: 		
0x0198	0x9030      	BCF         __OS_Flags, 0 
;osa_pic18_mikroc.c,213 :: 		
0x019A	0xDFB3      	RCALL       __OS_SET_FSR_CUR_TASK
;osa_pic18_mikroc.c,214 :: 		
0x019C	0xFFECCFFD  	MOVFF       TOSL, PREINC0
0x01A0	0xFFECCFFE  	MOVFF       TOSH, PREINC0
0x01A4	0xFFECCFFF  	MOVFF       TOSU, PREINC0
;osa_pic18_mikroc.c,215 :: 		
0x01A8	0x962C      	BCF         __OS_State, 3 
;osa_pic18_mikroc.c,218 :: 		
0x01AA	0xA82C      	BTFSS       __OS_State, 4 
0x01AC	0x9A2C      	BCF         __OS_State, 5 
L__OS_ClrReadySetClrCanContinue0:
;osa_pic18_mikroc.c,219 :: 		
0x01AE	0xB02B      	BTFSC       __OS_Temp, 0 
0x01B0	0x8A2C      	BSF         __OS_State, 5 
L__OS_ClrReadySetClrCanContinue1:
;osa_pic18_mikroc.c,222 :: 		
L_end__OS_ClrReadySetClrCanContinue:
0x01B2	0x0012      	RETURN      0
; end of __OS_ClrReadySetClrCanContinue
_Delay_22us:
;__Lib_Delays.c,15 :: 		void Delay_22us() {
;__Lib_Delays.c,16 :: 		Delay_us(22);
0x01B4	0x0E0E      	MOVLW       14
0x01B6	0x6E0D      	MOVWF       R13, 0
L_Delay_22us1:
0x01B8	0x2E0D      	DECFSZ      R13, 1, 0
0x01BA	0xD7FE      	BRA         L_Delay_22us1
0x01BC	0x0000      	NOP
;__Lib_Delays.c,17 :: 		}
L_end_Delay_22us:
0x01BE	0x0012      	RETURN      0
; end of _Delay_22us
_Div_16X16_U:
;__Lib_Math.c,102 :: 		
;__Lib_Math.c,109 :: 		
0x01C0	0x6A08      	CLRF        R8, 0
;__Lib_Math.c,110 :: 		
0x01C2	0x6A09      	CLRF        R9, 0
;__Lib_Math.c,111 :: 		
0x01C4	0x0E10      	MOVLW       16
;__Lib_Math.c,112 :: 		
0x01C6	0x6E0C      	MOVWF       R12, 0
;__Lib_Math.c,113 :: 		
0x01C8	0x3401      	RLCF        R1, 0, 0
;__Lib_Math.c,114 :: 		
0x01CA	0x3608      	RLCF        R8, 1, 0
;__Lib_Math.c,115 :: 		
0x01CC	0x3609      	RLCF        R9, 1, 0
;__Lib_Math.c,116 :: 		
0x01CE	0x5004      	MOVF        R4, 0, 0
;__Lib_Math.c,117 :: 		
0x01D0	0x5E08      	SUBWF       R8, 1, 0
;__Lib_Math.c,118 :: 		
0x01D2	0x5005      	MOVF        R5, 0, 0
;__Lib_Math.c,119 :: 		
0x01D4	0xA0D8      	BTFSS       STATUS, 0, 0
;__Lib_Math.c,120 :: 		
0x01D6	0x3C05      	INCFSZ      R5, 0, 0
;__Lib_Math.c,121 :: 		
0x01D8	0x5E09      	SUBWF       R9, 1, 0
;__Lib_Math.c,122 :: 		
0x01DA	0xB0D8      	BTFSC       STATUS, 0, 0
;__Lib_Math.c,123 :: 		
0x01DC	0xD007      	BRA         $+16
;__Lib_Math.c,124 :: 		
0x01DE	0x5004      	MOVF        R4, 0, 0
;__Lib_Math.c,125 :: 		
0x01E0	0x2608      	ADDWF       R8, 1, 0
;__Lib_Math.c,126 :: 		
0x01E2	0x5005      	MOVF        R5, 0, 0
;__Lib_Math.c,127 :: 		
0x01E4	0xB0D8      	BTFSC       STATUS, 0, 0
;__Lib_Math.c,128 :: 		
0x01E6	0x3C05      	INCFSZ      R5, 0, 0
;__Lib_Math.c,129 :: 		
0x01E8	0x2609      	ADDWF       R9, 1, 0
;__Lib_Math.c,130 :: 		
0x01EA	0x90D8      	BCF         STATUS, 0, 0
;__Lib_Math.c,131 :: 		
0x01EC	0x3600      	RLCF        R0, 1, 0
;__Lib_Math.c,132 :: 		
0x01EE	0x3601      	RLCF        R1, 1, 0
;__Lib_Math.c,133 :: 		
0x01F0	0x2E0C      	DECFSZ      R12, 1, 0
;__Lib_Math.c,134 :: 		
0x01F2	0xD7EA      	BRA         $-42
;__Lib_Math.c,136 :: 		
L_end_Div_16X16_U:
0x01F4	0x0012      	RETURN      0
; end of _Div_16X16_U
__OS_ReturnSave:
;osa_pic18_mikroc.c,106 :: 		
;osa_pic18_mikroc.c,108 :: 		
0x01F6	0xDF85      	RCALL       __OS_SET_FSR_CUR_TASK
;osa_pic18_mikroc.c,109 :: 		
0x01F8	0xFFECCFFD  	MOVFF       TOSL, PREINC0
0x01FC	0xFFECCFFE  	MOVFF       TOSH, PREINC0
0x0200	0xFFECCFFF  	MOVFF       TOSU, PREINC0
;osa_pic18_mikroc.c,110 :: 		
0x0204	0x862C      	BSF         __OS_State, 3 
;osa_pic18_mikroc.c,111 :: 		
0x0206	0x0006      	POP
;osa_pic18_mikroc.c,112 :: 		
L_end__OS_ReturnSave:
0x0208	0x0012      	RETURN      0
; end of __OS_ReturnSave
__OS_InitDelay:
;osa_ttimer.c,69 :: 		
;osa_ttimer.c,72 :: 		
0x020A	0x9A2C      	BCF         __OS_State, 5 
0x020C	0xFFE1C034  	MOVFF       __OS_CurTask, FSR1L
0x0210	0xFFE2C035  	MOVFF       __OS_CurTask+1, FSR1L+1
0x0214	0x98E6      	BCF         POSTINC1, 4 
;osa_ttimer.c,77 :: 		
0x0216	0x5058      	MOVF        FARG__OS_InitDelay_Delay, 0 
0x0218	0x1059      	IORWF       FARG__OS_InitDelay_Delay+1, 0 
0x021A	0x105A      	IORWF       FARG__OS_InitDelay_Delay+2, 0 
0x021C	0x105B      	IORWF       FARG__OS_InitDelay_Delay+3, 0 
0x021E	0xE046      	BZ          L__OS_InitDelay12
;osa_ttimer.c,79 :: 		
0x0220	0x0EFF      	MOVLW       255
0x0222	0x1858      	XORWF       FARG__OS_InitDelay_Delay, 0 
0x0224	0x6E00      	MOVWF       R0 
0x0226	0x0EFF      	MOVLW       255
0x0228	0x1859      	XORWF       FARG__OS_InitDelay_Delay+1, 0 
0x022A	0x6E01      	MOVWF       R1 
0x022C	0x0EFF      	MOVLW       255
0x022E	0x185A      	XORWF       FARG__OS_InitDelay_Delay+2, 0 
0x0230	0x6E02      	MOVWF       R2 
0x0232	0x0EFF      	MOVLW       255
0x0234	0x185B      	XORWF       FARG__OS_InitDelay_Delay+3, 0 
0x0236	0x6E03      	MOVWF       R3 
0x0238	0xF058C000  	MOVFF       R0, FARG__OS_InitDelay_Delay
0x023C	0xF059C001  	MOVFF       R1, FARG__OS_InitDelay_Delay+1
0x0240	0xF05AC002  	MOVFF       R2, FARG__OS_InitDelay_Delay+2
0x0244	0xF05BC003  	MOVFF       R3, FARG__OS_InitDelay_Delay+3
;osa_ttimer.c,80 :: 		
0x0248	0x0E01      	MOVLW       1
0x024A	0x2400      	ADDWF       R0, 0 
0x024C	0x6E04      	MOVWF       R4 
0x024E	0x0E00      	MOVLW       0
0x0250	0x2001      	ADDWFC      R1, 0 
0x0252	0x6E05      	MOVWF       R5 
0x0254	0x0E00      	MOVLW       0
0x0256	0x2002      	ADDWFC      R2, 0 
0x0258	0x6E06      	MOVWF       R6 
0x025A	0x0E00      	MOVLW       0
0x025C	0x2003      	ADDWFC      R3, 0 
0x025E	0x6E07      	MOVWF       R7 
0x0260	0xF058C004  	MOVFF       R4, FARG__OS_InitDelay_Delay
0x0264	0xF059C005  	MOVFF       R5, FARG__OS_InitDelay_Delay+1
0x0268	0xF05AC006  	MOVFF       R6, FARG__OS_InitDelay_Delay+2
0x026C	0xF05BC007  	MOVFF       R7, FARG__OS_InitDelay_Delay+3
;osa_ttimer.c,81 :: 		
0x0270	0xF000C034  	MOVFF       __OS_CurTask, R0
0x0274	0xF001C035  	MOVFF       __OS_CurTask+1, R1
0x0278	0x0E05      	MOVLW       5
0x027A	0x2400      	ADDWF       R0, 0 
0x027C	0x6EE1      	MOVWF       FSR1L 
0x027E	0x0E00      	MOVLW       0
0x0280	0x2001      	ADDWFC      R1, 0 
0x0282	0x6EE2      	MOVWF       FSR1L+1 
0x0284	0xFFE6C004  	MOVFF       R4, POSTINC1
0x0288	0xFFE6C005  	MOVFF       R5, POSTINC1
0x028C	0xFFE6C006  	MOVFF       R6, POSTINC1
0x0290	0xFFE6C007  	MOVFF       R7, POSTINC1
;osa_ttimer.c,82 :: 		
0x0294	0xFFE1C034  	MOVFF       __OS_CurTask, FSR1L
0x0298	0xFFE2C035  	MOVFF       __OS_CurTask+1, FSR1L+1
0x029C	0x86E6      	BSF         POSTINC1, 3 
0x029E	0xFFE1C034  	MOVFF       __OS_CurTask, FSR1L
0x02A2	0xFFE2C035  	MOVFF       __OS_CurTask+1, FSR1L+1
0x02A6	0x88E6      	BSF         POSTINC1, 4 
;osa_ttimer.c,87 :: 		
0x02A8	0x882C      	BSF         __OS_State, 4 
;osa_ttimer.c,88 :: 		
0x02AA	0x862C      	BSF         __OS_State, 3 
;osa_ttimer.c,90 :: 		
L__OS_InitDelay12:
;osa_ttimer.c,91 :: 		
L_end__OS_InitDelay:
0x02AC	0x0012      	RETURN      0
; end of __OS_InitDelay
_Lcd_Out:
;__Lib_Lcd.c,184 :: 		
;__Lib_Lcd.c,187 :: 		
0x02AE	0xD00F      	BRA         L_Lcd_Out11
;__Lib_Lcd.c,188 :: 		
L_Lcd_Out13:
0x02B0	0x0E80      	MOVLW       128
0x02B2	0x6E58      	MOVWF       FARG_Lcd_Out_row 
0x02B4	0xD019      	BRA         L_Lcd_Out12
;__Lib_Lcd.c,189 :: 		
L_Lcd_Out14:
0x02B6	0x0EC0      	MOVLW       192
0x02B8	0x6E58      	MOVWF       FARG_Lcd_Out_row 
0x02BA	0xD016      	BRA         L_Lcd_Out12
;__Lib_Lcd.c,190 :: 		
L_Lcd_Out15:
0x02BC	0x0E94      	MOVLW       148
0x02BE	0x6E58      	MOVWF       FARG_Lcd_Out_row 
0x02C0	0xD013      	BRA         L_Lcd_Out12
;__Lib_Lcd.c,191 :: 		
L_Lcd_Out16:
0x02C2	0x0ED4      	MOVLW       212
0x02C4	0x6E58      	MOVWF       FARG_Lcd_Out_row 
0x02C6	0xD010      	BRA         L_Lcd_Out12
;__Lib_Lcd.c,192 :: 		
L_Lcd_Out17:
0x02C8	0x0E80      	MOVLW       128
0x02CA	0x6E58      	MOVWF       FARG_Lcd_Out_row 
;__Lib_Lcd.c,193 :: 		
0x02CC	0xD00D      	BRA         L_Lcd_Out12
L_Lcd_Out11:
0x02CE	0x5058      	MOVF        FARG_Lcd_Out_row, 0 
0x02D0	0x0A01      	XORLW       1
0x02D2	0xE0EE      	BZ          L_Lcd_Out13
0x02D4	0x5058      	MOVF        FARG_Lcd_Out_row, 0 
0x02D6	0x0A02      	XORLW       2
0x02D8	0xE0EE      	BZ          L_Lcd_Out14
0x02DA	0x5058      	MOVF        FARG_Lcd_Out_row, 0 
0x02DC	0x0A03      	XORLW       3
0x02DE	0xE0EE      	BZ          L_Lcd_Out15
0x02E0	0x5058      	MOVF        FARG_Lcd_Out_row, 0 
0x02E2	0x0A04      	XORLW       4
0x02E4	0xE0EE      	BZ          L_Lcd_Out16
0x02E6	0xD7F0      	BRA         L_Lcd_Out17
L_Lcd_Out12:
;__Lib_Lcd.c,194 :: 		
0x02E8	0x0459      	DECF        FARG_Lcd_Out_column, 0 
0x02EA	0x6E00      	MOVWF       R0 
0x02EC	0x5058      	MOVF        FARG_Lcd_Out_row, 0 
0x02EE	0x2600      	ADDWF       R0, 1 
0x02F0	0xF058C000  	MOVFF       R0, FARG_Lcd_Out_row
;__Lib_Lcd.c,196 :: 		
0x02F4	0xF060C000  	MOVFF       R0, FARG_Lcd_Cmd_out_char
0x02F8	0xDF09      	RCALL       _Lcd_Cmd
;__Lib_Lcd.c,197 :: 		
0x02FA	0x901C      	BCF         __Lib_Lcd_cmd_status, BitPos(__Lib_Lcd_cmd_status+0) 
;__Lib_Lcd.c,198 :: 		
0x02FC	0x6A5C      	CLRF        Lcd_Out_i_L0 
;__Lib_Lcd.c,199 :: 		
L_Lcd_Out18:
0x02FE	0x505C      	MOVF        Lcd_Out_i_L0, 0 
0x0300	0x245A      	ADDWF       FARG_Lcd_Out_text, 0 
0x0302	0x6EE9      	MOVWF       FSR0L 
0x0304	0x0E00      	MOVLW       0
0x0306	0x205B      	ADDWFC      FARG_Lcd_Out_text+1, 0 
0x0308	0x6EEA      	MOVWF       FSR0L+1 
0x030A	0x52EE      	MOVF        POSTINC0, 1 
0x030C	0xE00B      	BZ          L_Lcd_Out19
;__Lib_Lcd.c,200 :: 		
0x030E	0x505C      	MOVF        Lcd_Out_i_L0, 0 
0x0310	0x245A      	ADDWF       FARG_Lcd_Out_text, 0 
0x0312	0x6EE9      	MOVWF       FSR0L 
0x0314	0x0E00      	MOVLW       0
0x0316	0x205B      	ADDWFC      FARG_Lcd_Out_text+1, 0 
0x0318	0x6EEA      	MOVWF       FSR0L+1 
0x031A	0xF05FCFEE  	MOVFF       POSTINC0, FARG_Lcd_Chr_CP_out_char
0x031E	0xDF35      	RCALL       _Lcd_Chr_CP
0x0320	0x2A5C      	INCF        Lcd_Out_i_L0, 1 
0x0322	0xD7ED      	BRA         L_Lcd_Out18
L_Lcd_Out19:
;__Lib_Lcd.c,201 :: 		
0x0324	0x801C      	BSF         __Lib_Lcd_cmd_status, BitPos(__Lib_Lcd_cmd_status+0) 
;__Lib_Lcd.c,202 :: 		
L_end_Lcd_Out:
0x0326	0x0012      	RETURN      0
; end of _Lcd_Out
_ADC_Read:
;__Lib_ADC_K22_B.c,70 :: 		
;__Lib_ADC_K22_B.c,73 :: 		
0x0328	0x6AC2      	CLRF        ADCON0 
;__Lib_ADC_K22_B.c,74 :: 		
0x032A	0x1C19      	COMF        _vref_mask, 0 
0x032C	0x6E00      	MOVWF       R0 
0x032E	0x5000      	MOVF        R0, 0 
0x0330	0x16C1      	ANDWF       ADCON1, 1 
;__Lib_ADC_K22_B.c,75 :: 		
0x0332	0x0E0F      	MOVLW       15
0x0334	0x12C0      	IORWF       ADCON2, 1 
;__Lib_ADC_K22_B.c,76 :: 		
0x0336	0x8EC0      	BSF         ADCON2, 7 
;__Lib_ADC_K22_B.c,77 :: 		
0x0338	0xF000C058  	MOVFF       FARG_ADC_Read_channel, R0
0x033C	0x3600      	RLCF        R0, 1 
0x033E	0x9000      	BCF         R0, 0 
0x0340	0x3600      	RLCF        R0, 1 
0x0342	0x9000      	BCF         R0, 0 
0x0344	0x5000      	MOVF        R0, 0 
0x0346	0x12C2      	IORWF       ADCON0, 1 
;__Lib_ADC_K22_B.c,78 :: 		
0x0348	0x80C2      	BSF         ADCON0, 0 
;__Lib_ADC_K22_B.c,79 :: 		
0x034A	0xDF34      	RCALL       _Delay_22us
;__Lib_ADC_K22_B.c,80 :: 		
0x034C	0x82C2      	BSF         ADCON0, 1 
;__Lib_ADC_K22_B.c,81 :: 		
L_ADC_Read7:
0x034E	0xA2C2      	BTFSS       ADCON0, 1 
0x0350	0xD001      	BRA         L_ADC_Read8
;__Lib_ADC_K22_B.c,82 :: 		
0x0352	0xD7FD      	BRA         L_ADC_Read7
L_ADC_Read8:
;__Lib_ADC_K22_B.c,83 :: 		
0x0354	0xF001CFC4  	MOVFF       ADRESH, R1
0x0358	0x6A00      	CLRF        R0 
0x035A	0xF059C000  	MOVFF       R0, ADC_Read_rslt_L0
0x035E	0xF05AC001  	MOVFF       R1, ADC_Read_rslt_L0+1
;__Lib_ADC_K22_B.c,84 :: 		
0x0362	0x50C3      	MOVF        ADRESL, 0 
0x0364	0x1200      	IORWF       R0, 1 
0x0366	0x0E00      	MOVLW       0
0x0368	0x1201      	IORWF       R1, 1 
0x036A	0xF059C000  	MOVFF       R0, ADC_Read_rslt_L0
0x036E	0xF05AC001  	MOVFF       R1, ADC_Read_rslt_L0+1
;__Lib_ADC_K22_B.c,85 :: 		
0x0372	0x90C2      	BCF         ADCON0, 0 
;__Lib_ADC_K22_B.c,86 :: 		
0x0374	0x0E00      	MOVLW       0
0x0376	0x1400      	ANDWF       R0, 0 
0x0378	0x6E02      	MOVWF       R2 
0x037A	0x5001      	MOVF        R1, 0 
0x037C	0x0B80      	ANDLW       128
0x037E	0x6E03      	MOVWF       R3 
0x0380	0x0E00      	MOVLW       0
0x0382	0x1803      	XORWF       R3, 0 
0x0384	0xE102      	BNZ         L__ADC_Read15
0x0386	0x0E00      	MOVLW       0
0x0388	0x1802      	XORWF       R2, 0 
L__ADC_Read15:
0x038A	0xE002      	BZ          L_ADC_Read9
;__Lib_ADC_K22_B.c,87 :: 		
0x038C	0x6A59      	CLRF        ADC_Read_rslt_L0 
0x038E	0x6A5A      	CLRF        ADC_Read_rslt_L0+1 
L_ADC_Read9:
;__Lib_ADC_K22_B.c,88 :: 		
0x0390	0xF000C059  	MOVFF       ADC_Read_rslt_L0, R0
0x0394	0xF001C05A  	MOVFF       ADC_Read_rslt_L0+1, R1
;__Lib_ADC_K22_B.c,89 :: 		
L_end_ADC_Read:
0x0398	0x0012      	RETURN      0
; end of _ADC_Read
__OS_CheckEvent:
;osa_pic18_mikroc.c,383 :: 		
;osa_pic18_mikroc.c,421 :: 		
0x039A	0x9A30      	BCF         __OS_Flags, 5 
;osa_pic18_mikroc.c,422 :: 		
0x039C	0xDEB2      	RCALL       __OS_SET_FSR_CUR_TASK
;osa_pic18_mikroc.c,424 :: 		
0x039E	0x5258      	MOVF        FARG__OS_CheckEvent_bEvent, 1 
0x03A0	0xE007      	BZ          L__OS_CheckEvent6
;osa_pic18_mikroc.c,426 :: 		
0x03A2	0xA62C      	BTFSS       __OS_State, 3 
0x03A4	0xD003      	BRA         L__OS_CheckEvent7
;osa_pic18_mikroc.c,430 :: 		
0x03A6	0x982C      	BCF         __OS_State, 4 
;osa_pic18_mikroc.c,431 :: 		
0x03A8	0x98EF      	BCF         INDF0, 4 
;osa_pic18_mikroc.c,439 :: 		
0x03AA	0xD00B      	BRA         L_end__OS_CheckEvent
;osa_pic18_mikroc.c,440 :: 		
L__OS_CheckEvent7:
;osa_pic18_mikroc.c,442 :: 		
0x03AC	0x862C      	BSF         __OS_State, 3 
;osa_pic18_mikroc.c,444 :: 		
0x03AE	0xD001      	BRA         L__OS_CheckEvent8
L__OS_CheckEvent6:
;osa_pic18_mikroc.c,445 :: 		
0x03B0	0x962C      	BCF         __OS_State, 3 
;osa_pic18_mikroc.c,446 :: 		
L__OS_CheckEvent8:
;osa_pic18_mikroc.c,450 :: 		
0x03B2	0xB82C      	BTFSC       __OS_State, 4 
0x03B4	0xD005      	BRA         L__OS_CheckEvent11
0x03B6	0xAA2C      	BTFSS       __OS_State, 5 
0x03B8	0xD003      	BRA         L__OS_CheckEvent11
L___OS_CheckEvent18:
;osa_pic18_mikroc.c,452 :: 		
0x03BA	0x862C      	BSF         __OS_State, 3 
;osa_pic18_mikroc.c,453 :: 		
0x03BC	0x8A30      	BSF         __OS_Flags, 5 
;osa_pic18_mikroc.c,459 :: 		
0x03BE	0xD001      	BRA         L_end__OS_CheckEvent
;osa_pic18_mikroc.c,460 :: 		
L__OS_CheckEvent11:
;osa_pic18_mikroc.c,464 :: 		
0x03C0	0x0006      	POP
;osa_pic18_mikroc.c,469 :: 		
L_end__OS_CheckEvent:
0x03C2	0x0012      	RETURN      0
; end of __OS_CheckEvent
_WordToStr:
;__Lib_Conversions.c,98 :: 		
;__Lib_Conversions.c,103 :: 		
0x03C4	0x6A5C      	CLRF        WordToStr_len_L0 
L_WordToStr11:
0x03C6	0x0E05      	MOVLW       5
0x03C8	0x5C5C      	SUBWF       WordToStr_len_L0, 0 
0x03CA	0xE20A      	BC          L_WordToStr12
;__Lib_Conversions.c,104 :: 		
0x03CC	0x505C      	MOVF        WordToStr_len_L0, 0 
0x03CE	0x245A      	ADDWF       FARG_WordToStr_output, 0 
0x03D0	0x6EE1      	MOVWF       FSR1L 
0x03D2	0x0E00      	MOVLW       0
0x03D4	0x205B      	ADDWFC      FARG_WordToStr_output+1, 0 
0x03D6	0x6EE2      	MOVWF       FSR1L+1 
0x03D8	0x0E20      	MOVLW       32
0x03DA	0x6EE6      	MOVWF       POSTINC1 
;__Lib_Conversions.c,103 :: 		
0x03DC	0x2A5C      	INCF        WordToStr_len_L0, 1 
;__Lib_Conversions.c,104 :: 		
0x03DE	0xD7F3      	BRA         L_WordToStr11
L_WordToStr12:
;__Lib_Conversions.c,105 :: 		
0x03E0	0x505C      	MOVF        WordToStr_len_L0, 0 
0x03E2	0x245A      	ADDWF       FARG_WordToStr_output, 0 
0x03E4	0x6EE1      	MOVWF       FSR1L 
0x03E6	0x0E00      	MOVLW       0
0x03E8	0x205B      	ADDWFC      FARG_WordToStr_output+1, 0 
0x03EA	0x6EE2      	MOVWF       FSR1L+1 
0x03EC	0x6AE6      	CLRF        POSTINC1 
0x03EE	0x065C      	DECF        WordToStr_len_L0, 1 
;__Lib_Conversions.c,107 :: 		
L_WordToStr14:
;__Lib_Conversions.c,108 :: 		
0x03F0	0x505C      	MOVF        WordToStr_len_L0, 0 
0x03F2	0x245A      	ADDWF       FARG_WordToStr_output, 0 
0x03F4	0x6E5D      	MOVWF       FLOC__WordToStr 
0x03F6	0x0E00      	MOVLW       0
0x03F8	0x205B      	ADDWFC      FARG_WordToStr_output+1, 0 
0x03FA	0x6E5E      	MOVWF       FLOC__WordToStr+1 
0x03FC	0x0E0A      	MOVLW       10
0x03FE	0x6E04      	MOVWF       R4 
0x0400	0x0E00      	MOVLW       0
0x0402	0x6E05      	MOVWF       R5 
0x0404	0xF000C058  	MOVFF       FARG_WordToStr_input, R0
0x0408	0xF001C059  	MOVFF       FARG_WordToStr_input+1, R1
0x040C	0xDED9      	RCALL       _Div_16X16_U
0x040E	0xF000C008  	MOVFF       R8, R0
0x0412	0xF001C009  	MOVFF       R9, R1
0x0416	0x0E30      	MOVLW       48
0x0418	0x2600      	ADDWF       R0, 1 
0x041A	0xFFE1C05D  	MOVFF       FLOC__WordToStr, FSR1L
0x041E	0xFFE2C05E  	MOVFF       FLOC__WordToStr+1, FSR1H
0x0422	0xFFE6C000  	MOVFF       R0, POSTINC1
;__Lib_Conversions.c,109 :: 		
0x0426	0x0E0A      	MOVLW       10
0x0428	0x6E04      	MOVWF       R4 
0x042A	0x0E00      	MOVLW       0
0x042C	0x6E05      	MOVWF       R5 
0x042E	0xF000C058  	MOVFF       FARG_WordToStr_input, R0
0x0432	0xF001C059  	MOVFF       FARG_WordToStr_input+1, R1
0x0436	0xDEC4      	RCALL       _Div_16X16_U
0x0438	0xF058C000  	MOVFF       R0, FARG_WordToStr_input
0x043C	0xF059C001  	MOVFF       R1, FARG_WordToStr_input+1
;__Lib_Conversions.c,110 :: 		
0x0440	0x0E00      	MOVLW       0
0x0442	0x1801      	XORWF       R1, 0 
0x0444	0xE102      	BNZ         L__WordToStr379
0x0446	0x0E00      	MOVLW       0
0x0448	0x1800      	XORWF       R0, 0 
L__WordToStr379:
0x044A	0xE101      	BNZ         L_WordToStr16
;__Lib_Conversions.c,111 :: 		
0x044C	0xD002      	BRA         L_WordToStr15
L_WordToStr16:
;__Lib_Conversions.c,112 :: 		
0x044E	0x065C      	DECF        WordToStr_len_L0, 1 
;__Lib_Conversions.c,113 :: 		
0x0450	0xD7CF      	BRA         L_WordToStr14
L_WordToStr15:
;__Lib_Conversions.c,114 :: 		
L_end_WordToStr:
0x0452	0x0012      	RETURN      0
; end of _WordToStr
__OS_EnterWaitMode:
;osa_pic18_mikroc.c,156 :: 		
;osa_pic18_mikroc.c,158 :: 		
0x0454	0x6A2B      	CLRF        __OS_Temp 
;osa_pic18_mikroc.c,159 :: 		
0x0456	0xDE9F      	RCALL       __OS_ClrReadySetClrCanContinue
;osa_pic18_mikroc.c,160 :: 		
L_end__OS_EnterWaitMode:
0x0458	0x0012      	RETURN      0
; end of __OS_EnterWaitMode
__OS_Task_Create:
;osa_tasks.c,75 :: 		
;osa_tasks.c,79 :: 		
0x045A	0x9230      	BCF         __OS_Flags, 1 
;osa_tasks.c,88 :: 		
0x045C	0x0E36      	MOVLW       __OS_Tasks
0x045E	0x6E01      	MOVWF       R1 
0x0460	0x0E00      	MOVLW       hi_addr(__OS_Tasks)
0x0462	0x6E02      	MOVWF       R2 
;osa_tasks.c,89 :: 		
0x0464	0x6A2B      	CLRF        __OS_Temp 
;osa_tasks.c,91 :: 		
L__OS_Task_Create13:
;osa_tasks.c,93 :: 		
0x0466	0xFFE9C001  	MOVFF       R1, FSR0L
0x046A	0xFFEAC002  	MOVFF       R2, FSR0H
0x046E	0xF000CFEE  	MOVFF       POSTINC0, R0
0x0472	0xBC00      	BTFSC       R0, 6 
0x0474	0xD02A      	BRA         L__OS_Task_Create16
;osa_tasks.c,95 :: 		
0x0476	0x8C53      	BSF         FARG__OS_Task_Create_priority, 6 
;osa_tasks.c,96 :: 		
0x0478	0x8653      	BSF         FARG__OS_Task_Create_priority, 3 
;osa_tasks.c,98 :: 		
0x047A	0x0E01      	MOVLW       1
0x047C	0x2401      	ADDWF       R1, 0 
0x047E	0x6EE1      	MOVWF       FSR1L 
0x0480	0x0E00      	MOVLW       0
0x0482	0x2002      	ADDWFC      R2, 0 
0x0484	0x6EE2      	MOVWF       FSR1L+1 
0x0486	0xFFE6C054  	MOVFF       FARG__OS_Task_Create_TaskAddr, POSTINC1
0x048A	0xFFE6C055  	MOVFF       FARG__OS_Task_Create_TaskAddr+1, POSTINC1
0x048E	0xFFE6C056  	MOVFF       FARG__OS_Task_Create_TaskAddr+2, POSTINC1
0x0492	0xFFE6C057  	MOVFF       FARG__OS_Task_Create_TaskAddr+3, POSTINC1
;osa_tasks.c,101 :: 		
0x0496	0x0E05      	MOVLW       5
0x0498	0x2401      	ADDWF       R1, 0 
0x049A	0x6EE1      	MOVWF       FSR1L 
0x049C	0x0E00      	MOVLW       0
0x049E	0x2002      	ADDWFC      R2, 0 
0x04A0	0x6EE2      	MOVWF       FSR1L+1 
0x04A2	0x6AE6      	CLRF        POSTINC1 
0x04A4	0x6AE6      	CLRF        POSTINC1 
0x04A6	0x6AE6      	CLRF        POSTINC1 
0x04A8	0x6AE6      	CLRF        POSTINC1 
;osa_tasks.c,108 :: 		
0x04AA	0xFFE1C001  	MOVFF       R1, FSR1L
0x04AE	0xFFE2C002  	MOVFF       R2, FSR1H
0x04B2	0xFFE6C053  	MOVFF       FARG__OS_Task_Create_priority, POSTINC1
;osa_tasks.c,111 :: 		
0x04B6	0x5002      	MOVF        R2, 0 
0x04B8	0x1835      	XORWF       __OS_CurTask+1, 0 
0x04BA	0xE102      	BNZ         L___OS_Task_Create32
0x04BC	0x5034      	MOVF        __OS_CurTask, 0 
0x04BE	0x1801      	XORWF       R1, 0 
L___OS_Task_Create32:
0x04C0	0xE102      	BNZ         L__OS_Task_Create17
0x04C2	0xF02CC053  	MOVFF       FARG__OS_Task_Create_priority, __OS_State
L__OS_Task_Create17:
;osa_tasks.c,126 :: 		
0x04C6	0x9230      	BCF         __OS_Flags, 1 
;osa_tasks.c,128 :: 		
0x04C8	0xD009      	BRA         L_end__OS_Task_Create
;osa_tasks.c,130 :: 		
L__OS_Task_Create16:
;osa_tasks.c,132 :: 		
0x04CA	0x0E09      	MOVLW       9
0x04CC	0x2601      	ADDWF       R1, 1 
0x04CE	0x0E00      	MOVLW       0
0x04D0	0x2202      	ADDWFC      R2, 1 
;osa_tasks.c,134 :: 		
0x04D2	0x2A2B      	INCF        __OS_Temp, 1 
0x04D4	0x0E03      	MOVLW       3
0x04D6	0x5C2B      	SUBWF       __OS_Temp, 0 
0x04D8	0xE3C6      	BNC         L__OS_Task_Create13
;osa_tasks.c,137 :: 		
0x04DA	0x8230      	BSF         __OS_Flags, 1 
;osa_tasks.c,139 :: 		
;osa_tasks.c,140 :: 		
L_end__OS_Task_Create:
0x04DC	0x0012      	RETURN      0
; end of __OS_Task_Create
_Task_ADC:
;main.c,53 :: 		void Task_ADC(void){
;main.c,58 :: 		OS_Msg_Create(msg_adc);
0x04DE	0x6A31      	CLRF        _msg_adc 
0x04E0	0x0E00      	MOVLW       0
0x04E2	0x6E32      	MOVWF       _msg_adc+1 
0x04E4	0x0E00      	MOVLW       0
0x04E6	0x6E33      	MOVWF       _msg_adc+2 
;main.c,59 :: 		for(;;){
L_Task_ADC39:
;main.c,60 :: 		leitura_adc = ADC_Read(14);
0x04E8	0x0E0E      	MOVLW       14
0x04EA	0x6E58      	MOVWF       FARG_ADC_Read_channel 
0x04EC	0xDF1D      	RCALL       _ADC_Read
;main.c,61 :: 		WordToStr(leitura_adc, str);
0x04EE	0xF058C000  	MOVFF       R0, FARG_WordToStr_input
0x04F2	0xF059C001  	MOVFF       R1, FARG_WordToStr_input+1
0x04F6	0x0E1D      	MOVLW       Task_ADC_str_L0
0x04F8	0x6E5A      	MOVWF       FARG_WordToStr_output 
0x04FA	0x0E00      	MOVLW       hi_addr(Task_ADC_str_L0)
0x04FC	0x6E5B      	MOVWF       FARG_WordToStr_output+1 
0x04FE	0xDF62      	RCALL       _WordToStr
;main.c,63 :: 		OS_Msg_Send(msg_adc, str);
0x0500	0xA031      	BTFSS       _msg_adc, 0 
0x0502	0xD011      	BRA         L_Task_ADC42
0x0504	0xDFA7      	RCALL       __OS_EnterWaitMode
0x0506	0x0000      	NOP
0x0508	0x0E01      	MOVLW       1
0x050A	0x1431      	ANDWF       _msg_adc, 0 
0x050C	0x6E58      	MOVWF       FARG__OS_CheckEvent_bEvent 
0x050E	0x5258      	MOVF        FARG__OS_CheckEvent_bEvent, 1 
0x0510	0x0E01      	MOVLW       1
0x0512	0xA4D8      	BTFSS       STATUS, 2 
0x0514	0x0E00      	MOVLW       0
0x0516	0x6E58      	MOVWF       FARG__OS_CheckEvent_bEvent 
0x0518	0x5058      	MOVF        FARG__OS_CheckEvent_bEvent, 0 
0x051A	0x0A00      	XORLW       0
0x051C	0x0E00      	MOVLW       0
0x051E	0xA4D8      	BTFSS       STATUS, 2 
0x0520	0x0E01      	MOVLW       1
0x0522	0x6E58      	MOVWF       FARG__OS_CheckEvent_bEvent 
0x0524	0xDF3A      	RCALL       __OS_CheckEvent
L_Task_ADC42:
0x0526	0x0E01      	MOVLW       1
0x0528	0x6E31      	MOVWF       _msg_adc 
0x052A	0x0E1D      	MOVLW       Task_ADC_str_L0
0x052C	0x6E32      	MOVWF       _msg_adc+1 
0x052E	0x0E00      	MOVLW       hi_addr(Task_ADC_str_L0)
0x0530	0x6E33      	MOVWF       _msg_adc+2 
;main.c,65 :: 		OS_Cond_Wait(!OS_Msg_Check(msg_adc));
0x0532	0xDF90      	RCALL       __OS_EnterWaitMode
0x0534	0x0000      	NOP
0x0536	0x0E01      	MOVLW       1
0x0538	0x1431      	ANDWF       _msg_adc, 0 
0x053A	0x6E58      	MOVWF       FARG__OS_CheckEvent_bEvent 
0x053C	0x5258      	MOVF        FARG__OS_CheckEvent_bEvent, 1 
0x053E	0x0E01      	MOVLW       1
0x0540	0xA4D8      	BTFSS       STATUS, 2 
0x0542	0x0E00      	MOVLW       0
0x0544	0x6E58      	MOVWF       FARG__OS_CheckEvent_bEvent 
0x0546	0x5058      	MOVF        FARG__OS_CheckEvent_bEvent, 0 
0x0548	0x0A00      	XORLW       0
0x054A	0x0E00      	MOVLW       0
0x054C	0xA4D8      	BTFSS       STATUS, 2 
0x054E	0x0E01      	MOVLW       1
0x0550	0x6E58      	MOVWF       FARG__OS_CheckEvent_bEvent 
0x0552	0xDF23      	RCALL       __OS_CheckEvent
;main.c,67 :: 		OS_Delay(50);
0x0554	0x0E32      	MOVLW       50
0x0556	0x6E58      	MOVWF       FARG__OS_InitDelay_Delay 
0x0558	0x0E00      	MOVLW       0
0x055A	0x6E59      	MOVWF       FARG__OS_InitDelay_Delay+1 
0x055C	0x6E5A      	MOVWF       FARG__OS_InitDelay_Delay+2 
0x055E	0x6E5B      	MOVWF       FARG__OS_InitDelay_Delay+3 
0x0560	0xDE54      	RCALL       __OS_InitDelay
0x0562	0xDE49      	RCALL       __OS_ReturnSave
0x0564	0x0000      	NOP
;main.c,68 :: 		}
0x0566	0xD7C0      	BRA         L_Task_ADC39
;main.c,69 :: 		}
L_end_Task_ADC:
0x0568	0x0012      	RETURN      0
; end of _Task_ADC
__OS_JumpToTask:
;osa_pic18_mikroc.c,64 :: 		
;osa_pic18_mikroc.c,66 :: 		
0x056A	0xDDCB      	RCALL       __OS_SET_FSR_CUR_TASK
;osa_pic18_mikroc.c,67 :: 		
0x056C	0xF02CCFEE  	MOVFF       POSTINC0, __OS_State
;osa_pic18_mikroc.c,69 :: 		
0x0570	0x0005      	PUSH
;osa_pic18_mikroc.c,70 :: 		
0x0572	0x50EE      	MOVF        POSTINC0, 0, 0
;osa_pic18_mikroc.c,71 :: 		
0x0574	0x6EFD      	MOVWF       TOSL, 0
;osa_pic18_mikroc.c,72 :: 		
0x0576	0x50EE      	MOVF        POSTINC0, 0, 0
;osa_pic18_mikroc.c,73 :: 		
0x0578	0x6EFE      	MOVWF       TOSH, 0
;osa_pic18_mikroc.c,74 :: 		
0x057A	0x50EE      	MOVF        POSTINC0, 0, 0
;osa_pic18_mikroc.c,75 :: 		
0x057C	0x6EFF      	MOVWF       TOSU, 0
;osa_pic18_mikroc.c,76 :: 		
0x057E	0x0012      	RETURN      0
;osa_pic18_mikroc.c,78 :: 		
L_end__OS_JumpToTask:
0x0580	0x0012      	RETURN      0
; end of __OS_JumpToTask
___CC2DW:
;__Lib_System.c,21 :: 		
;__Lib_System.c,23 :: 		
_CC2DL_Loop1:
;__Lib_System.c,24 :: 		
0x0582	0x0009      	TBLRD*+
;__Lib_System.c,25 :: 		
0x0584	0xFFE6CFF5  	MOVFF       TABLAT, POSTINC1
;__Lib_System.c,26 :: 		
0x0588	0x0600      	DECF        R0, 1, 0
;__Lib_System.c,27 :: 		
0x058A	0xE1FB      	BNZ         _CC2DL_Loop1
;__Lib_System.c,28 :: 		
0x058C	0x0601      	DECF        R1, 1, 0
;__Lib_System.c,29 :: 		
0x058E	0xE1F9      	BNZ         _CC2DL_Loop1
;__Lib_System.c,31 :: 		
L_end___CC2DW:
0x0590	0x0012      	RETURN      0
; end of ___CC2DW
_Task_LED:
;main.c,71 :: 		void Task_LED(void){
;main.c,72 :: 		for(;;)
L_Task_LED43:
;main.c,74 :: 		LATD.RD0 = ~LATD.RD0;
0x0592	0x708C      	BTG         LATD, 0 
;main.c,75 :: 		OS_Delay(300);
0x0594	0x0E2C      	MOVLW       44
0x0596	0x6E58      	MOVWF       FARG__OS_InitDelay_Delay 
0x0598	0x0E01      	MOVLW       1
0x059A	0x6E59      	MOVWF       FARG__OS_InitDelay_Delay+1 
0x059C	0x0E00      	MOVLW       0
0x059E	0x6E5A      	MOVWF       FARG__OS_InitDelay_Delay+2 
0x05A0	0x6E5B      	MOVWF       FARG__OS_InitDelay_Delay+3 
0x05A2	0xDE33      	RCALL       __OS_InitDelay
0x05A4	0xDE28      	RCALL       __OS_ReturnSave
0x05A6	0x0000      	NOP
;main.c,76 :: 		}
0x05A8	0xD7F4      	BRA         L_Task_LED43
;main.c,77 :: 		}
L_end_Task_LED:
0x05AA	0x0012      	RETURN      0
; end of _Task_LED
_Lcd_Init:
;__Lib_Lcd.c,84 :: 		
;__Lib_Lcd.c,86 :: 		
0x05AC	0x9A93      	BCF         LCD_EN_Direction, BitPos(LCD_EN_Direction+0) 
;__Lib_Lcd.c,87 :: 		
0x05AE	0x9893      	BCF         LCD_RS_Direction, BitPos(LCD_RS_Direction+0) 
;__Lib_Lcd.c,88 :: 		
0x05B0	0x9093      	BCF         LCD_D4_Direction, BitPos(LCD_D4_Direction+0) 
;__Lib_Lcd.c,89 :: 		
0x05B2	0x9293      	BCF         LCD_D5_Direction, BitPos(LCD_D5_Direction+0) 
;__Lib_Lcd.c,90 :: 		
0x05B4	0x9493      	BCF         LCD_D6_Direction, BitPos(LCD_D6_Direction+0) 
;__Lib_Lcd.c,91 :: 		
0x05B6	0x9693      	BCF         LCD_D7_Direction, BitPos(LCD_D7_Direction+0) 
;__Lib_Lcd.c,93 :: 		
0x05B8	0x9A81      	BCF         LCD_EN, BitPos(LCD_EN+0) 
;__Lib_Lcd.c,94 :: 		
0x05BA	0x9881      	BCF         LCD_RS, BitPos(LCD_RS+0) 
;__Lib_Lcd.c,95 :: 		
0x05BC	0x9681      	BCF         LCD_D7, BitPos(LCD_D7+0) 
;__Lib_Lcd.c,96 :: 		
0x05BE	0x9481      	BCF         LCD_D6, BitPos(LCD_D6+0) 
;__Lib_Lcd.c,97 :: 		
0x05C0	0x9281      	BCF         LCD_D5, BitPos(LCD_D5+0) 
;__Lib_Lcd.c,98 :: 		
0x05C2	0x9081      	BCF         LCD_D4, BitPos(LCD_D4+0) 
;__Lib_Lcd.c,100 :: 		
0x05C4	0xDD90      	RCALL       _Delay_5500us
;__Lib_Lcd.c,101 :: 		
0x05C6	0xDD8F      	RCALL       _Delay_5500us
;__Lib_Lcd.c,102 :: 		
0x05C8	0xDD8E      	RCALL       _Delay_5500us
;__Lib_Lcd.c,105 :: 		
0x05CA	0x8281      	BSF         LCD_D5, BitPos(LCD_D5+0) 
;__Lib_Lcd.c,106 :: 		
0x05CC	0x8081      	BSF         LCD_D4, BitPos(LCD_D4+0) 
;__Lib_Lcd.c,107 :: 		
0x05CE	0x8A81      	BSF         LCD_EN, BitPos(LCD_EN+0) 
;__Lib_Lcd.c,108 :: 		
0x05D0	0xDD95      	RCALL       _Delay_1us
;__Lib_Lcd.c,109 :: 		
0x05D2	0x9A81      	BCF         LCD_EN, BitPos(LCD_EN+0) 
;__Lib_Lcd.c,110 :: 		
0x05D4	0xDD88      	RCALL       _Delay_5500us
;__Lib_Lcd.c,112 :: 		
0x05D6	0x8A81      	BSF         LCD_EN, BitPos(LCD_EN+0) 
;__Lib_Lcd.c,113 :: 		
0x05D8	0xDD91      	RCALL       _Delay_1us
;__Lib_Lcd.c,114 :: 		
0x05DA	0x9A81      	BCF         LCD_EN, BitPos(LCD_EN+0) 
;__Lib_Lcd.c,115 :: 		
0x05DC	0xDD84      	RCALL       _Delay_5500us
;__Lib_Lcd.c,117 :: 		
0x05DE	0x8A81      	BSF         LCD_EN, BitPos(LCD_EN+0) 
;__Lib_Lcd.c,118 :: 		
0x05E0	0xDD8D      	RCALL       _Delay_1us
;__Lib_Lcd.c,119 :: 		
0x05E2	0x9A81      	BCF         LCD_EN, BitPos(LCD_EN+0) 
;__Lib_Lcd.c,120 :: 		
0x05E4	0xDD80      	RCALL       _Delay_5500us
;__Lib_Lcd.c,123 :: 		
0x05E6	0x9081      	BCF         LCD_D4, BitPos(LCD_D4+0) 
;__Lib_Lcd.c,124 :: 		
0x05E8	0x8A81      	BSF         LCD_EN, BitPos(LCD_EN+0) 
;__Lib_Lcd.c,125 :: 		
0x05EA	0xDD88      	RCALL       _Delay_1us
;__Lib_Lcd.c,126 :: 		
0x05EC	0x9A81      	BCF         LCD_EN, BitPos(LCD_EN+0) 
;__Lib_Lcd.c,127 :: 		
0x05EE	0xDD7B      	RCALL       _Delay_5500us
;__Lib_Lcd.c,130 :: 		
0x05F0	0x8A81      	BSF         LCD_EN, BitPos(LCD_EN+0) 
;__Lib_Lcd.c,131 :: 		
0x05F2	0xDD84      	RCALL       _Delay_1us
;__Lib_Lcd.c,132 :: 		
0x05F4	0x9A81      	BCF         LCD_EN, BitPos(LCD_EN+0) 
;__Lib_Lcd.c,134 :: 		
0x05F6	0x9281      	BCF         LCD_D5, BitPos(LCD_D5+0) 
;__Lib_Lcd.c,135 :: 		
0x05F8	0x8681      	BSF         LCD_D7, BitPos(LCD_D7+0) 
;__Lib_Lcd.c,136 :: 		
0x05FA	0x8A81      	BSF         LCD_EN, BitPos(LCD_EN+0) 
;__Lib_Lcd.c,137 :: 		
0x05FC	0xDD7F      	RCALL       _Delay_1us
;__Lib_Lcd.c,138 :: 		
0x05FE	0x9A81      	BCF         LCD_EN, BitPos(LCD_EN+0) 
;__Lib_Lcd.c,139 :: 		
0x0600	0xDD72      	RCALL       _Delay_5500us
;__Lib_Lcd.c,142 :: 		
0x0602	0x9681      	BCF         LCD_D7, BitPos(LCD_D7+0) 
;__Lib_Lcd.c,143 :: 		
0x0604	0x8081      	BSF         LCD_D4, BitPos(LCD_D4+0) 
;__Lib_Lcd.c,144 :: 		
0x0606	0x8A81      	BSF         LCD_EN, BitPos(LCD_EN+0) 
;__Lib_Lcd.c,145 :: 		
0x0608	0xDD79      	RCALL       _Delay_1us
;__Lib_Lcd.c,146 :: 		
0x060A	0x9A81      	BCF         LCD_EN, BitPos(LCD_EN+0) 
;__Lib_Lcd.c,148 :: 		
0x060C	0x9081      	BCF         LCD_D4, BitPos(LCD_D4+0) 
;__Lib_Lcd.c,149 :: 		
0x060E	0x8A81      	BSF         LCD_EN, BitPos(LCD_EN+0) 
;__Lib_Lcd.c,150 :: 		
0x0610	0xDD75      	RCALL       _Delay_1us
;__Lib_Lcd.c,151 :: 		
0x0612	0x9A81      	BCF         LCD_EN, BitPos(LCD_EN+0) 
;__Lib_Lcd.c,152 :: 		
0x0614	0xDD68      	RCALL       _Delay_5500us
;__Lib_Lcd.c,155 :: 		
0x0616	0x8A81      	BSF         LCD_EN, BitPos(LCD_EN+0) 
;__Lib_Lcd.c,156 :: 		
0x0618	0xDD71      	RCALL       _Delay_1us
;__Lib_Lcd.c,157 :: 		
0x061A	0x9A81      	BCF         LCD_EN, BitPos(LCD_EN+0) 
;__Lib_Lcd.c,159 :: 		
0x061C	0x8081      	BSF         LCD_D4, BitPos(LCD_D4+0) 
;__Lib_Lcd.c,160 :: 		
0x061E	0x8A81      	BSF         LCD_EN, BitPos(LCD_EN+0) 
;__Lib_Lcd.c,161 :: 		
0x0620	0xDD6D      	RCALL       _Delay_1us
;__Lib_Lcd.c,162 :: 		
0x0622	0x9A81      	BCF         LCD_EN, BitPos(LCD_EN+0) 
;__Lib_Lcd.c,163 :: 		
0x0624	0xDD60      	RCALL       _Delay_5500us
;__Lib_Lcd.c,166 :: 		
0x0626	0x9081      	BCF         LCD_D4, BitPos(LCD_D4+0) 
;__Lib_Lcd.c,167 :: 		
0x0628	0x8A81      	BSF         LCD_EN, BitPos(LCD_EN+0) 
;__Lib_Lcd.c,168 :: 		
0x062A	0xDD68      	RCALL       _Delay_1us
;__Lib_Lcd.c,169 :: 		
0x062C	0x9A81      	BCF         LCD_EN, BitPos(LCD_EN+0) 
;__Lib_Lcd.c,171 :: 		
0x062E	0x8681      	BSF         LCD_D7, BitPos(LCD_D7+0) 
;__Lib_Lcd.c,172 :: 		
0x0630	0x8481      	BSF         LCD_D6, BitPos(LCD_D6+0) 
;__Lib_Lcd.c,173 :: 		
0x0632	0x8281      	BSF         LCD_D5, BitPos(LCD_D5+0) 
;__Lib_Lcd.c,174 :: 		
0x0634	0x8081      	BSF         LCD_D4, BitPos(LCD_D4+0) 
;__Lib_Lcd.c,175 :: 		
0x0636	0x8A81      	BSF         LCD_EN, BitPos(LCD_EN+0) 
;__Lib_Lcd.c,176 :: 		
0x0638	0xDD61      	RCALL       _Delay_1us
;__Lib_Lcd.c,177 :: 		
0x063A	0x9A81      	BCF         LCD_EN, BitPos(LCD_EN+0) 
;__Lib_Lcd.c,179 :: 		
0x063C	0xDD54      	RCALL       _Delay_5500us
;__Lib_Lcd.c,181 :: 		
0x063E	0x801C      	BSF         __Lib_Lcd_cmd_status, BitPos(__Lib_Lcd_cmd_status+0) 
;__Lib_Lcd.c,182 :: 		
L_end_Lcd_Init:
0x0640	0x0012      	RETURN      0
; end of _Lcd_Init
_OS_Init:
;osa_system.c,67 :: 		
;osa_system.c,72 :: 		
0x0642	0x6A30      	CLRF        __OS_Flags 
;osa_system.c,81 :: 		
0x0644	0x0E48      	MOVLW       __OS_Tasks+18
0x0646	0x6E51      	MOVWF       __OS_LastTask 
0x0648	0x0E00      	MOVLW       hi_addr(__OS_Tasks+18)
0x064A	0x6E52      	MOVWF       __OS_LastTask+1 
;osa_system.c,326 :: 		
0x064C	0x9C36      	BCF         __OS_Tasks, 6 
;osa_system.c,329 :: 		
0x064E	0x9C3F      	BCF         __OS_Tasks+9, 6 
;osa_system.c,333 :: 		
0x0650	0x9C48      	BCF         __OS_Tasks+18, 6 
;osa_system.c,394 :: 		
L_end_OS_Init:
0x0652	0x0012      	RETURN      0
; end of _OS_Init
_Task_LCD:
;main.c,39 :: 		void Task_LCD(void){
;main.c,44 :: 		for(;;){
L_Task_LCD35:
;main.c,45 :: 		if(OS_Msg_Check(msg_adc)){
0x0654	0xA031      	BTFSS       _msg_adc, 0 
0x0656	0xD00E      	BRA         L_Task_LCD38
;main.c,46 :: 		OS_Msg_Accept(msg_adc, msg);
0x0658	0xF053C032  	MOVFF       _msg_adc+1, Task_LCD_msg_L0
0x065C	0xF054C033  	MOVFF       _msg_adc+2, Task_LCD_msg_L0+1
0x0660	0x6A31      	CLRF        _msg_adc 
;main.c,47 :: 		Lcd_Out(1,1,msg);
0x0662	0x0E01      	MOVLW       1
0x0664	0x6E58      	MOVWF       FARG_Lcd_Out_row 
0x0666	0x0E01      	MOVLW       1
0x0668	0x6E59      	MOVWF       FARG_Lcd_Out_column 
0x066A	0xF05AC053  	MOVFF       Task_LCD_msg_L0, FARG_Lcd_Out_text
0x066E	0xF05BC054  	MOVFF       Task_LCD_msg_L0+1, FARG_Lcd_Out_text+1
0x0672	0xDE1D      	RCALL       _Lcd_Out
;main.c,48 :: 		}
L_Task_LCD38:
;main.c,49 :: 		OS_Delay(20);
0x0674	0x0E14      	MOVLW       20
0x0676	0x6E58      	MOVWF       FARG__OS_InitDelay_Delay 
0x0678	0x0E00      	MOVLW       0
0x067A	0x6E59      	MOVWF       FARG__OS_InitDelay_Delay+1 
0x067C	0x6E5A      	MOVWF       FARG__OS_InitDelay_Delay+2 
0x067E	0x6E5B      	MOVWF       FARG__OS_InitDelay_Delay+3 
0x0680	0xDDC4      	RCALL       __OS_InitDelay
0x0682	0xDDB9      	RCALL       __OS_ReturnSave
0x0684	0x0000      	NOP
;main.c,50 :: 		}
0x0686	0xD7E6      	BRA         L_Task_LCD35
;main.c,51 :: 		}
L_end_Task_LCD:
0x0688	0x0012      	RETURN      0
; end of _Task_LCD
_Init_MCU:
;config.h,16 :: 		void Init_MCU(void){
;config.h,17 :: 		ANSELA = 0;
0x068A	0x010F      	MOVLB       15
0x068C	0x6B38      	CLRF        ANSELA, 1
;config.h,18 :: 		ANSELB = 0;
0x068E	0x6B39      	CLRF        ANSELB, 1
;config.h,19 :: 		ANSELC = 0;
0x0690	0x6B3A      	CLRF        ANSELC, 1
;config.h,20 :: 		ANSELD = 0;
0x0692	0x6B3B      	CLRF        ANSELD, 1
;config.h,21 :: 		ANSELE = 0;
0x0694	0x6B3C      	CLRF        ANSELE, 1
;config.h,23 :: 		TRISC.TRISC2 = 1;
0x0696	0x8494      	BSF         TRISC, 2 
;config.h,24 :: 		ANSELC.ANSC2 = 1;
0x0698	0x853A      	BSF         ANSELC, 2, 1
;config.h,26 :: 		TRISD = 0;        //PORTD configurado como Sa?da
0x069A	0x6A95      	CLRF        TRISD 
;config.h,27 :: 		PORTD = 0;        //LEDs OFF
0x069C	0x6A83      	CLRF        PORTD 
;config.h,28 :: 		}
L_end_Init_MCU:
0x069E	0x0012      	RETURN      0
; end of _Init_MCU
_ADC_Init:
;__Lib_ADC_K22_B.c,23 :: 		
;__Lib_ADC_K22_B.c,24 :: 		
0x06A0	0x0EFF      	MOVLW       _ADC_Get_Sample
0x06A2	0x6E27      	MOVWF       _ADC_Get_Sample_Ptr 
0x06A4	0x0EFF      	MOVLW       hi_addr(_ADC_Get_Sample)
0x06A6	0x6E28      	MOVWF       _ADC_Get_Sample_Ptr+1 
0x06A8	0x0EFF      	MOVLW       FARG_ADC_Get_Sample_channel
0x06AA	0x6E29      	MOVWF       _ADC_Get_Sample_Ptr+2 
0x06AC	0x0EFF      	MOVLW       hi_addr(FARG_ADC_Get_Sample_channel)
0x06AE	0x6E2A      	MOVWF       _ADC_Get_Sample_Ptr+3 
;__Lib_ADC_K22_B.c,26 :: 		
0x06B0	0x6AC2      	CLRF        ADCON0 
;__Lib_ADC_K22_B.c,27 :: 		
0x06B2	0x1C19      	COMF        _vref_mask, 0 
0x06B4	0x6E00      	MOVWF       R0 
0x06B6	0x5000      	MOVF        R0, 0 
0x06B8	0x16C1      	ANDWF       ADCON1, 1 
;__Lib_ADC_K22_B.c,28 :: 		
0x06BA	0x0E0F      	MOVLW       15
0x06BC	0x12C0      	IORWF       ADCON2, 1 
;__Lib_ADC_K22_B.c,29 :: 		
0x06BE	0x8EC0      	BSF         ADCON2, 7 
;__Lib_ADC_K22_B.c,30 :: 		
0x06C0	0x80C2      	BSF         ADCON0, 0 
;__Lib_ADC_K22_B.c,31 :: 		
L_end_ADC_Init:
0x06C2	0x0012      	RETURN      0
; end of _ADC_Init
_TickTimerIE:
;config.h,31 :: 		void TickTimerIE(void){
;config.h,32 :: 		T0CON = T0CON_CONST;
0x06C4	0x0E44      	MOVLW       68
0x06C6	0x6ED5      	MOVWF       T0CON 
;config.h,33 :: 		TMR0L = TMR0_CONST;
0x06C8	0x0EC2      	MOVLW       194
0x06CA	0x6ED6      	MOVWF       TMR0L 
;config.h,34 :: 		INTCON.GIEH = 1;
0x06CC	0x8EF2      	BSF         INTCON, 7 
;config.h,35 :: 		INTCON.GIEL = 1;
0x06CE	0x8CF2      	BSF         INTCON, 6 
;config.h,36 :: 		RCON.IPEN = 1;
0x06D0	0x8ED0      	BSF         RCON, 7 
;config.h,37 :: 		TMR0IE_bit = 1;
0x06D2	0x8AF2      	BSF         TMR0IE_bit, BitPos(TMR0IE_bit+0) 
;config.h,38 :: 		TMR0IP_bit = 1;
0x06D4	0x84F1      	BSF         TMR0IP_bit, BitPos(TMR0IP_bit+0) 
;config.h,39 :: 		T0CON.TMR0ON = 1;
0x06D6	0x8ED5      	BSF         T0CON, 7 
;config.h,40 :: 		}
L_end_TickTimerIE:
0x06D8	0x0012      	RETURN      0
; end of _TickTimerIE
_main:
0x06DA	0xF004EC26  	CALL        2124, 0
;main.c,17 :: 		void main() {
;main.c,18 :: 		OSCCON = 0b01100011;
0x06DE	0x0E63      	MOVLW       99
0x06E0	0x6ED3      	MOVWF       OSCCON 
;main.c,20 :: 		OS_Init();
0x06E2	0xDFAF      	RCALL       _OS_Init
;main.c,21 :: 		Init_MCU();
0x06E4	0xDFD2      	RCALL       _Init_MCU
;main.c,22 :: 		TickTimerIE();
0x06E6	0xDFEE      	RCALL       _TickTimerIE
;main.c,23 :: 		ADC_Init();
0x06E8	0xDFDB      	RCALL       _ADC_Init
;main.c,24 :: 		LCD_Init();
0x06EA	0xDF60      	RCALL       _Lcd_Init
;main.c,25 :: 		Lcd_Cmd(_LCD_CLEAR);
0x06EC	0x0E01      	MOVLW       1
0x06EE	0x0100      	MOVLB       0
0x06F0	0x6F60      	MOVWF       FARG_Lcd_Cmd_out_char, 1
0x06F2	0xDD0C      	RCALL       _Lcd_Cmd
;main.c,26 :: 		Lcd_Cmd(_LCD_CURSOR_OFF);
0x06F4	0x0E0C      	MOVLW       12
0x06F6	0x6F60      	MOVWF       FARG_Lcd_Cmd_out_char, 1
0x06F8	0xDD09      	RCALL       _Lcd_Cmd
;main.c,29 :: 		OS_Task_Create(0, Task_LED);
0x06FA	0x6A53      	CLRF        FARG__OS_Task_Create_priority 
0x06FC	0x0E92      	MOVLW       _Task_LED
0x06FE	0x6E54      	MOVWF       FARG__OS_Task_Create_TaskAddr 
0x0700	0x0E05      	MOVLW       hi_addr(_Task_LED)
0x0702	0x6E55      	MOVWF       FARG__OS_Task_Create_TaskAddr+1 
0x0704	0x0E00      	MOVLW       0
0x0706	0x6E56      	MOVWF       FARG__OS_Task_Create_TaskAddr+2 
0x0708	0x0E00      	MOVLW       0
0x070A	0x6E57      	MOVWF       FARG__OS_Task_Create_TaskAddr+3 
0x070C	0xDEA6      	RCALL       __OS_Task_Create
;main.c,30 :: 		OS_Task_Create(0, Task_ADC);
0x070E	0x6A53      	CLRF        FARG__OS_Task_Create_priority 
0x0710	0x0EDE      	MOVLW       _Task_ADC
0x0712	0x6E54      	MOVWF       FARG__OS_Task_Create_TaskAddr 
0x0714	0x0E04      	MOVLW       hi_addr(_Task_ADC)
0x0716	0x6E55      	MOVWF       FARG__OS_Task_Create_TaskAddr+1 
0x0718	0x0E00      	MOVLW       0
0x071A	0x6E56      	MOVWF       FARG__OS_Task_Create_TaskAddr+2 
0x071C	0x0E00      	MOVLW       0
0x071E	0x6E57      	MOVWF       FARG__OS_Task_Create_TaskAddr+3 
0x0720	0xDE9C      	RCALL       __OS_Task_Create
;main.c,31 :: 		OS_Task_Create(0, Task_LCD);
0x0722	0x6A53      	CLRF        FARG__OS_Task_Create_priority 
0x0724	0x0E54      	MOVLW       _Task_LCD
0x0726	0x6E54      	MOVWF       FARG__OS_Task_Create_TaskAddr 
0x0728	0x0E06      	MOVLW       hi_addr(_Task_LCD)
0x072A	0x6E55      	MOVWF       FARG__OS_Task_Create_TaskAddr+1 
0x072C	0x0E00      	MOVLW       0
0x072E	0x6E56      	MOVWF       FARG__OS_Task_Create_TaskAddr+2 
0x0730	0x0E00      	MOVLW       0
0x0732	0x6E57      	MOVWF       FARG__OS_Task_Create_TaskAddr+3 
0x0734	0xDE92      	RCALL       __OS_Task_Create
;main.c,33 :: 		OS_EI();
0x0736	0x8EF2      	BSF         GIE_bit, BitPos(GIE_bit+0) 
0x0738	0xBED0      	BTFSC       IPEN_bit, BitPos(IPEN_bit+0) 
0x073A	0x8CF2      	BSF         GIEL_bit, BitPos(GIEL_bit+0) 
L_main7:
;main.c,35 :: 		OS_Run();
L_main8:
0x073C	0x9830      	BCF         __OS_Flags, 4 
0x073E	0x8630      	BSF         __OS_Flags, 3 
0x0740	0x0E08      	MOVLW       8
0x0742	0x6E2F      	MOVWF       __OS_Best_Priority 
0x0744	0xF034C051  	MOVFF       __OS_LastTask, __OS_CurTask
0x0748	0xF035C052  	MOVFF       __OS_LastTask+1, __OS_CurTask+1
L_main11:
0x074C	0x0E00      	MOVLW       hi_addr(__OS_Tasks+18)
0x074E	0x5C35      	SUBWF       __OS_CurTask+1, 0 
0x0750	0xE102      	BNZ         L__main55
0x0752	0x0E48      	MOVLW       __OS_Tasks+18
0x0754	0x5C34      	SUBWF       __OS_CurTask, 0 
L__main55:
0x0756	0xE305      	BNC         L_main14
0x0758	0x0E36      	MOVLW       __OS_Tasks
0x075A	0x6E34      	MOVWF       __OS_CurTask 
0x075C	0x0E00      	MOVLW       hi_addr(__OS_Tasks)
0x075E	0x6E35      	MOVWF       __OS_CurTask+1 
0x0760	0xD00A      	BRA         L_main15
L_main14:
0x0762	0x0E09      	MOVLW       9
0x0764	0x2434      	ADDWF       __OS_CurTask, 0 
0x0766	0x6E00      	MOVWF       R0 
0x0768	0x0E00      	MOVLW       0
0x076A	0x2035      	ADDWFC      __OS_CurTask+1, 0 
0x076C	0x6E01      	MOVWF       R1 
0x076E	0xF034C000  	MOVFF       R0, __OS_CurTask
0x0772	0xF035C001  	MOVFF       R1, __OS_CurTask+1
L_main15:
0x0776	0xFFE9C034  	MOVFF       __OS_CurTask, FSR0L
0x077A	0xFFEAC035  	MOVFF       __OS_CurTask+1, FSR0L+1
0x077E	0x0E01      	MOVLW       1
0x0780	0x6E00      	MOVWF       R0 
0x0782	0x0E2C      	MOVLW       __OS_State
0x0784	0x6EE1      	MOVWF       FSR1L 
0x0786	0x0E00      	MOVLW       hi_addr(__OS_State)
0x0788	0x6EE2      	MOVWF       FSR1L+1 
L_main16:
0x078A	0xFFE6CFEE  	MOVFF       POSTINC0, POSTINC1
0x078E	0x0600      	DECF        R0, 1 
0x0790	0xE1FC      	BNZ         L_main16
0x0792	0xAC2C      	BTFSS       __OS_State, 6 
0x0794	0xD003      	BRA         L__main49
0x0796	0xBE2C      	BTFSC       __OS_State, 7 
0x0798	0xD001      	BRA         L__main49
0x079A	0xD001      	BRA         L_main19
L__main49:
0x079C	0xD02E      	BRA         ___main__OS_SCHED_CONTINUE
L_main19:
0x079E	0xF000C02C  	MOVFF       __OS_State, R0
0x07A2	0x0E07      	MOVLW       7
0x07A4	0x1600      	ANDWF       R0, 1 
0x07A6	0xF02BC000  	MOVFF       R0, __OS_Temp
0x07AA	0x502F      	MOVF        __OS_Best_Priority, 0 
0x07AC	0x5C2B      	SUBWF       __OS_Temp, 0 
0x07AE	0xE301      	BNC         L_main20
0x07B0	0xD024      	BRA         ___main__OS_SCHED_CONTINUE
L_main20:
0x07B2	0xB62C      	BTFSC       __OS_State, 3 
0x07B4	0xD00C      	BRA         L_main21
___main__OS_SCHED_RUN:
0x07B6	0xDED9      	RCALL       __OS_JumpToTask
0x07B8	0xDCA4      	RCALL       __OS_SET_FSR_CUR_TASK
0x07BA	0x0ED7      	MOVLW       215
0x07BC	0x16EF      	ANDWF       __indf, 1 
0x07BE	0x0E28      	MOVLW       40
0x07C0	0x142C      	ANDWF       __OS_State, 0 
0x07C2	0x6E00      	MOVWF       R0 
0x07C4	0x5000      	MOVF        R0, 0 
0x07C6	0x12EF      	IORWF       __indf, 1 
0x07C8	0xB630      	BTFSC       __OS_Flags, 3 
0x07CA	0xD001      	BRA         L_main22
0x07CC	0xD03B      	BRA         ___main_SCHED_END
L_main22:
L_main21:
0x07CE	0xA82C      	BTFSS       __OS_State, 4 
0x07D0	0xD003      	BRA         L_main25
0x07D2	0xBA2C      	BTFSC       __OS_State, 5 
0x07D4	0xD001      	BRA         L_main25
L__main48:
0x07D6	0xD011      	BRA         ___main__OS_SCHED_CONTINUE
L_main25:
0x07D8	0xA62C      	BTFSS       __OS_State, 3 
0x07DA	0xD00F      	BRA         L_main26
0x07DC	0x8830      	BSF         __OS_Flags, 4 
0x07DE	0xF02DC034  	MOVFF       __OS_CurTask, __OS_BestTask
0x07E2	0xF02EC035  	MOVFF       __OS_CurTask+1, __OS_BestTask+1
0x07E6	0xF000C02C  	MOVFF       __OS_State, R0
0x07EA	0x0E07      	MOVLW       7
0x07EC	0x1600      	ANDWF       R0, 1 
0x07EE	0xF02FC000  	MOVFF       R0, __OS_Best_Priority
0x07F2	0x502F      	MOVF        __OS_Best_Priority, 0 
0x07F4	0x0A00      	XORLW       0
0x07F6	0xE101      	BNZ         L_main27
0x07F8	0xD007      	BRA         L_main12
L_main27:
L_main26:
___main__OS_SCHED_CONTINUE:
0x07FA	0x5035      	MOVF        __OS_CurTask+1, 0 
0x07FC	0x1852      	XORWF       __OS_LastTask+1, 0 
0x07FE	0xE102      	BNZ         L__main56
0x0800	0x5051      	MOVF        __OS_LastTask, 0 
0x0802	0x1834      	XORWF       __OS_CurTask, 0 
L__main56:
0x0804	0xE001      	BZ          L__main47
0x0806	0xD7A2      	BRA         L_main11
L__main47:
L_main12:
0x0808	0xA830      	BTFSS       __OS_Flags, 4 
0x080A	0xD01C      	BRA         L_main30
0x080C	0x9630      	BCF         __OS_Flags, 3 
0x080E	0xF034C02D  	MOVFF       __OS_BestTask, __OS_CurTask
0x0812	0xF035C02E  	MOVFF       __OS_BestTask+1, __OS_CurTask+1
0x0816	0xF051C034  	MOVFF       __OS_CurTask, __OS_LastTask
0x081A	0xF052C035  	MOVFF       __OS_CurTask+1, __OS_LastTask+1
0x081E	0xFFE9C034  	MOVFF       __OS_CurTask, FSR0L
0x0822	0xFFEAC035  	MOVFF       __OS_CurTask+1, FSR0L+1
0x0826	0x0E01      	MOVLW       1
0x0828	0x6E00      	MOVWF       R0 
0x082A	0x0E2C      	MOVLW       __OS_State
0x082C	0x6EE1      	MOVWF       FSR1L 
0x082E	0x0E00      	MOVLW       hi_addr(__OS_State)
0x0830	0x6EE2      	MOVWF       FSR1L+1 
L_main31:
0x0832	0xFFE6CFEE  	MOVFF       POSTINC0, POSTINC1
0x0836	0x0600      	DECF        R0, 1 
0x0838	0xE1FC      	BNZ         L_main31
0x083A	0xAC2C      	BTFSS       __OS_State, 6 
0x083C	0xD003      	BRA         L_main34
0x083E	0xBE2C      	BTFSC       __OS_State, 7 
0x0840	0xD001      	BRA         L_main34
L__main46:
0x0842	0xD7B9      	BRA         ___main__OS_SCHED_RUN
L_main34:
L_main30:
___main_SCHED_END:
0x0844	0xD77B      	BRA         L_main8
;main.c,37 :: 		}
L_end_main:
0x0846	0xD7FF      	BRA         $+0
; end of _main
0x084C	0xF019EE10  	LFSR        1, 25
0x0850	0x0E03      	MOVLW       3
0x0852	0x6E00      	MOVWF       R0 
0x0854	0x0E01      	MOVLW       1
0x0856	0x6E01      	MOVWF       R1 
0x0858	0x0E48      	MOVLW       72
0x085A	0x6EF6      	MOVWF       TBLPTR 
0x085C	0x0E08      	MOVLW       8
0x085E	0x6EF7      	MOVWF       TBLPTRH 
0x0860	0x0E00      	MOVLW       0
0x0862	0x6EF8      	MOVWF       TBLPTRU 
0x0864	0xF002ECC1  	CALL        1410, 0
0x0868	0x0012      	RETURN      0
;__Lib_ADC_K22_B.c,0 :: ?ICS_vref_mask
0x0848	0x0F ;?ICS_vref_mask+0
; end of ?ICS_vref_mask
;main.c,0 :: ?ICSTask_LCD_count_L0
0x0849	0x0000 ;?ICSTask_LCD_count_L0+0
; end of ?ICSTask_LCD_count_L0
Symbol List:
//** Routines locations **
//ADDRESS    SIZE    PROCEDURE
//----------------------------------------------
0x0008     [212]    _INTERRUPT_HIGH
0x00DC      [10]    _Delay_50us
0x00E6      [22]    _Delay_5500us
0x00FC       [6]    _Delay_1us
0x0102      [10]    __OS_SET_FSR_CUR_TASK
0x010C     [126]    _Lcd_Cmd
0x018A      [12]    _Lcd_Chr_CP
0x0196      [30]    __OS_ClrReadySetClrCanContinue
0x01B4      [12]    _Delay_22us
0x01C0      [54]    _Div_16X16_U
0x01F6      [20]    __OS_ReturnSave
0x020A     [164]    __OS_InitDelay
0x02AE     [122]    _Lcd_Out
0x0328     [114]    _ADC_Read
0x039A      [42]    __OS_CheckEvent
0x03C4     [144]    _WordToStr
0x0454       [6]    __OS_EnterWaitMode
0x045A     [132]    __OS_Task_Create
0x04DE     [140]    _Task_ADC
0x056A      [24]    __OS_JumpToTask
0x0582      [16]    ___CC2DW
0x0592      [26]    _Task_LED
0x05AC     [150]    _Lcd_Init
0x0642      [18]    _OS_Init
0x0654      [54]    _Task_LCD
0x068A      [22]    _Init_MCU
0x06A0      [36]    _ADC_Init
0x06C4      [22]    _TickTimerIE
0x06DA     [366]    _main
//** Variables locations ** 
//ADDRESS    SIZE    VARIABLE
//----------------------------------------------
0x0000       [1]    R0
0x0001       [2]    _OS_Task_Create_Task_L0
0x0001       [1]    R1
0x0001       [1]    OS_DI_temp_L0
0x0001       [1]    __Lib_Conversions_Adjust_Hex_tmp_L0
0x0002       [2]    memset_pp_L0
0x0002       [1]    R2
0x0002       [2]    strlen_cp_L0
0x0002       [2]    memchr_s_L0
0x0002       [2]    memcpy_dd_L0
0x0003       [1]    R3
0x0003       [2]    memmove_tt_L0
0x0003       [2]    Ltrim_original_L0
0x0004       [2]    strncat_cp_L0
0x0004       [2]    strncpy_cp_L0
0x0004       [2]    memcpy_ss_L0
0x0004       [2]    strcpy_cp_L0
0x0004       [2]    strcat_cp_L0
0x0004       [1]    R4
0x0005       [2]    Ltrim_p_L0
0x0005       [1]    R5
0x0005       [2]    LongWordToHex_input_half_L0
0x0005       [2]    memmove_ff_L0
0x0005       [2]    LongIntToHex_input_half_L0
0x0006       [1]    R6
0x0007       [1]    R7
0x0008       [1]    R8
0x0009       [1]    R9
0x000A       [1]    R10
0x000B       [1]    R11
0x000C       [1]    R12
0x000D       [1]    R13
0x000E       [1]    R14
0x000F       [1]    R15
0x0010       [1]    R16
0x0011       [1]    R17
0x0012       [1]    R18
0x0013       [1]    R19
0x0014       [1]    R20
0x0019       [1]    _vref_mask
0x001A       [2]    Task_LCD_count_L0
0x001C       [0]    __Lib_Lcd_cmd_status
0x001D      [10]    Task_ADC_str_L0
0x0027       [4]    _ADC_Get_Sample_Ptr
0x002B       [1]    __OS_Temp
0x002C       [1]    __OS_State
0x002D       [2]    __OS_BestTask
0x002F       [1]    __OS_Best_Priority
0x0030       [1]    __OS_Flags
0x0031       [3]    _msg_adc
0x0034       [2]    __OS_CurTask
0x0036      [27]    __OS_Tasks
0x0051       [2]    __OS_LastTask
0x0053       [2]    Task_LCD_msg_L0
0x0053       [1]    FARG__OS_Task_Create_priority
0x0054       [4]    FARG__OS_Task_Create_TaskAddr
0x0058       [1]    FARG_ADC_Read_channel
0x0058       [2]    FARG_WordToStr_input
0x0058       [4]    FARG__OS_InitDelay_Delay
0x0058       [1]    FARG__OS_CheckEvent_bEvent
0x0058       [1]    FARG_Lcd_Out_row
0x0059       [1]    FARG_Lcd_Out_column
0x0059       [2]    ADC_Read_rslt_L0
0x005A       [2]    FARG_WordToStr_output
0x005A       [2]    FARG_Lcd_Out_text
0x005C       [1]    WordToStr_len_L0
0x005C       [1]    Lcd_Out_i_L0
0x005D       [2]    FLOC__WordToStr
0x005F       [1]    FARG_Lcd_Chr_CP_out_char
0x0060       [1]    FARG_Lcd_Cmd_out_char
0x0F38       [1]    ANSELA
0x0F39       [1]    ANSELB
0x0F3A       [1]    ANSELC
0x0F3B       [1]    ANSELD
0x0F3C       [1]    ANSELE
0x0F81       [0]    RB5_bit
0x0F81       [0]    RB3_bit
0x0F81       [0]    RB4_bit
0x0F81       [0]    RB1_bit
0x0F81       [0]    RB2_bit
0x0F81       [0]    RB0_bit
0x0F81       [0]    LCD_EN
0x0F81       [0]    LCD_D4
0x0F81       [0]    LCD_D5
0x0F81       [0]    LCD_RS
0x0F81       [0]    LCD_D7
0x0F81       [0]    LCD_D6
0x0F83       [1]    PORTD
0x0F8C       [1]    LATD
0x0F93       [0]    TRISB0_bit
0x0F93       [0]    TRISB3_bit
0x0F93       [0]    TRISB4_bit
0x0F93       [0]    TRISB2_bit
0x0F93       [0]    TRISB1_bit
0x0F93       [0]    TRISB5_bit
0x0F93       [0]    LCD_RS_Direction
0x0F93       [0]    LCD_EN_Direction
0x0F93       [0]    LCD_D4_Direction
0x0F93       [0]    LCD_D7_Direction
0x0F93       [0]    LCD_D6_Direction
0x0F93       [0]    LCD_D5_Direction
0x0F94       [1]    TRISC
0x0F95       [1]    TRISD
0x0FC0       [1]    ADCON2
0x0FC1       [1]    ADCON1
0x0FC2       [1]    ADCON0
0x0FC3       [1]    ADRESL
0x0FC4       [1]    ADRESH
0x0FD0       [0]    IPEN_bit
0x0FD0       [1]    RCON
0x0FD3       [1]    OSCCON
0x0FD5       [1]    T0CON
0x0FD6       [1]    TMR0L
0x0FD8       [1]    STATUS
0x0FD9       [1]    FSR2L
0x0FDA       [1]    FSR2H
0x0FDE       [1]    POSTINC2
0x0FE0       [1]    BSR
0x0FE1       [1]    FSR1L
0x0FE2       [1]    FSR1H
0x0FE4       [1]    PREINC1
0x0FE6       [1]    POSTINC1
0x0FE7       [1]    INDF1
0x0FE8       [1]    WREG
0x0FE9       [2]    __fsr
0x0FE9       [1]    FSR0L
0x0FEA       [1]    FSR0H
0x0FEC       [1]    __preinc
0x0FEE       [1]    __postinc
0x0FEE       [1]    POSTINC0
0x0FEF       [1]    __indf
0x0FF1       [0]    TMR0IP_bit
0x0FF2       [0]    GIEL_bit
0x0FF2       [0]    GIE_bit
0x0FF2       [0]    TMR0IF_bit
0x0FF2       [0]    TMR0IE_bit
0x0FF2       [1]    INTCON
0x0FF3       [1]    PRODL
0x0FF4       [1]    PRODH
0x0FF5       [1]    TABLAT
0x0FF6       [1]    TBLPTRL
0x0FF6       [3]    TBLPTR
0x0FF7       [1]    TBLPTRH
0x0FF8       [1]    TBLPTRU
0x0FFD       [1]    __tosl
0x0FFE       [1]    __tosh
0x0FFF       [1]    __tosu
//** Constants locations ** 
//ADDRESS    SIZE    CONSTANT
//----------------------------------------------
0x0848       [1]    ?ICS_vref_mask
0x0849       [2]    ?ICSTask_LCD_count_L0
