;  LST file generated by mikroListExporter - v.2.0 
; Date/Time: 13/06/2023 14:05:00
;----------------------------------------------

;Address Opcode 	ASM
0x0000	0xF003EFF5  	GOTO        2026
_INTERRUPT_HIGH:
;main.c,9 :: 		void INTERRUPT_HIGH() iv 0x0008 ics ICS_AUTO {
0x0008	0xF018C000  	MOVFF       R0, 24
0x000C	0xF017C001  	MOVFF       R1, 23
0x0010	0xF016C002  	MOVFF       R2, 22
0x0014	0xF015C003  	MOVFF       R3, 21
;main.c,10 :: 		if (TMR0IF_bit){
0x0018	0xA4F2      	BTFSS       TMR0IF_bit, BitPos(TMR0IF_bit+0) 
0x001A	0xD073      	BRA         L_INTERRUPT_HIGH0
;main.c,11 :: 		TMR0L = TMR0_CONST;
0x001C	0x0EC2      	MOVLW       194
0x001E	0x6ED6      	MOVWF       TMR0L 
;main.c,12 :: 		TMR0IF_bit = 0;
0x0020	0x94F2      	BCF         TMR0IF_bit, BitPos(TMR0IF_bit+0) 
;main.c,14 :: 		OS_Timer();
0x0022	0xA823      	BTFSS       __OS_Tasks, 4 
0x0024	0xD01A      	BRA         L_INTERRUPT_HIGH1
0x0026	0x0E01      	MOVLW       1
0x0028	0x2428      	ADDWF       __OS_Tasks+5, 0 
0x002A	0x6E00      	MOVWF       R0 
0x002C	0x0E00      	MOVLW       0
0x002E	0x2029      	ADDWFC      __OS_Tasks+6, 0 
0x0030	0x6E01      	MOVWF       R1 
0x0032	0x0E00      	MOVLW       0
0x0034	0x202A      	ADDWFC      __OS_Tasks+7, 0 
0x0036	0x6E02      	MOVWF       R2 
0x0038	0x0E00      	MOVLW       0
0x003A	0x202B      	ADDWFC      __OS_Tasks+8, 0 
0x003C	0x6E03      	MOVWF       R3 
0x003E	0xF028C000  	MOVFF       R0, __OS_Tasks+5
0x0042	0xF029C001  	MOVFF       R1, __OS_Tasks+6
0x0046	0xF02AC002  	MOVFF       R2, __OS_Tasks+7
0x004A	0xF02BC003  	MOVFF       R3, __OS_Tasks+8
0x004E	0x5028      	MOVF        __OS_Tasks+5, 0 
0x0050	0x1029      	IORWF       __OS_Tasks+6, 0 
0x0052	0x102A      	IORWF       __OS_Tasks+7, 0 
0x0054	0x102B      	IORWF       __OS_Tasks+8, 0 
0x0056	0xB4D8      	BTFSC       STATUS, 2 
0x0058	0x9823      	BCF         __OS_Tasks, 4 
L_INTERRUPT_HIGH2:
L_INTERRUPT_HIGH1:
0x005A	0xA82C      	BTFSS       __OS_Tasks+9, 4 
0x005C	0xD01A      	BRA         L_INTERRUPT_HIGH3
0x005E	0x0E01      	MOVLW       1
0x0060	0x2431      	ADDWF       __OS_Tasks+14, 0 
0x0062	0x6E00      	MOVWF       R0 
0x0064	0x0E00      	MOVLW       0
0x0066	0x2032      	ADDWFC      __OS_Tasks+15, 0 
0x0068	0x6E01      	MOVWF       R1 
0x006A	0x0E00      	MOVLW       0
0x006C	0x2033      	ADDWFC      __OS_Tasks+16, 0 
0x006E	0x6E02      	MOVWF       R2 
0x0070	0x0E00      	MOVLW       0
0x0072	0x2034      	ADDWFC      __OS_Tasks+17, 0 
0x0074	0x6E03      	MOVWF       R3 
0x0076	0xF031C000  	MOVFF       R0, __OS_Tasks+14
0x007A	0xF032C001  	MOVFF       R1, __OS_Tasks+15
0x007E	0xF033C002  	MOVFF       R2, __OS_Tasks+16
0x0082	0xF034C003  	MOVFF       R3, __OS_Tasks+17
0x0086	0x5031      	MOVF        __OS_Tasks+14, 0 
0x0088	0x1032      	IORWF       __OS_Tasks+15, 0 
0x008A	0x1033      	IORWF       __OS_Tasks+16, 0 
0x008C	0x1034      	IORWF       __OS_Tasks+17, 0 
0x008E	0xB4D8      	BTFSC       STATUS, 2 
0x0090	0x982C      	BCF         __OS_Tasks+9, 4 
L_INTERRUPT_HIGH4:
L_INTERRUPT_HIGH3:
0x0092	0xA835      	BTFSS       __OS_Tasks+18, 4 
0x0094	0xD01A      	BRA         L_INTERRUPT_HIGH5
0x0096	0x0E01      	MOVLW       1
0x0098	0x243A      	ADDWF       __OS_Tasks+23, 0 
0x009A	0x6E00      	MOVWF       R0 
0x009C	0x0E00      	MOVLW       0
0x009E	0x203B      	ADDWFC      __OS_Tasks+24, 0 
0x00A0	0x6E01      	MOVWF       R1 
0x00A2	0x0E00      	MOVLW       0
0x00A4	0x203C      	ADDWFC      __OS_Tasks+25, 0 
0x00A6	0x6E02      	MOVWF       R2 
0x00A8	0x0E00      	MOVLW       0
0x00AA	0x203D      	ADDWFC      __OS_Tasks+26, 0 
0x00AC	0x6E03      	MOVWF       R3 
0x00AE	0xF03AC000  	MOVFF       R0, __OS_Tasks+23
0x00B2	0xF03BC001  	MOVFF       R1, __OS_Tasks+24
0x00B6	0xF03CC002  	MOVFF       R2, __OS_Tasks+25
0x00BA	0xF03DC003  	MOVFF       R3, __OS_Tasks+26
0x00BE	0x503A      	MOVF        __OS_Tasks+23, 0 
0x00C0	0x103B      	IORWF       __OS_Tasks+24, 0 
0x00C2	0x103C      	IORWF       __OS_Tasks+25, 0 
0x00C4	0x103D      	IORWF       __OS_Tasks+26, 0 
0x00C6	0xB4D8      	BTFSC       STATUS, 2 
0x00C8	0x9835      	BCF         __OS_Tasks+18, 4 
L_INTERRUPT_HIGH6:
L_INTERRUPT_HIGH5:
0x00CA	0xA83E      	BTFSS       __OS_Tasks+27, 4 
0x00CC	0xD01A      	BRA         L_INTERRUPT_HIGH7
0x00CE	0x0E01      	MOVLW       1
0x00D0	0x2443      	ADDWF       __OS_Tasks+32, 0 
0x00D2	0x6E00      	MOVWF       R0 
0x00D4	0x0E00      	MOVLW       0
0x00D6	0x2044      	ADDWFC      __OS_Tasks+33, 0 
0x00D8	0x6E01      	MOVWF       R1 
0x00DA	0x0E00      	MOVLW       0
0x00DC	0x2045      	ADDWFC      __OS_Tasks+34, 0 
0x00DE	0x6E02      	MOVWF       R2 
0x00E0	0x0E00      	MOVLW       0
0x00E2	0x2046      	ADDWFC      __OS_Tasks+35, 0 
0x00E4	0x6E03      	MOVWF       R3 
0x00E6	0xF043C000  	MOVFF       R0, __OS_Tasks+32
0x00EA	0xF044C001  	MOVFF       R1, __OS_Tasks+33
0x00EE	0xF045C002  	MOVFF       R2, __OS_Tasks+34
0x00F2	0xF046C003  	MOVFF       R3, __OS_Tasks+35
0x00F6	0x5043      	MOVF        __OS_Tasks+32, 0 
0x00F8	0x1044      	IORWF       __OS_Tasks+33, 0 
0x00FA	0x1045      	IORWF       __OS_Tasks+34, 0 
0x00FC	0x1046      	IORWF       __OS_Tasks+35, 0 
0x00FE	0xB4D8      	BTFSC       STATUS, 2 
0x0100	0x983E      	BCF         __OS_Tasks+27, 4 
L_INTERRUPT_HIGH8:
L_INTERRUPT_HIGH7:
;main.c,15 :: 		}
L_INTERRUPT_HIGH0:
;main.c,16 :: 		}
L_end_INTERRUPT_HIGH:
L__INTERRUPT_HIGH60:
0x0102	0xF000C018  	MOVFF       24, R0
0x0106	0xF001C017  	MOVFF       23, R1
0x010A	0xF002C016  	MOVFF       22, R2
0x010E	0xF003C015  	MOVFF       21, R3
0x0112	0x0011      	RETFIE      1
; end of _INTERRUPT_HIGH
_Delay_50us:
;__Lib_Delays.c,19 :: 		void Delay_50us() {
;__Lib_Delays.c,20 :: 		Delay_us(50);
0x0114	0x0E21      	MOVLW       33
0x0116	0x6E0D      	MOVWF       R13, 0
L_Delay_50us2:
0x0118	0x2E0D      	DECFSZ      R13, 1, 0
0x011A	0xD7FE      	BRA         L_Delay_50us2
;__Lib_Delays.c,21 :: 		}
L_end_Delay_50us:
0x011C	0x0012      	RETURN      0
; end of _Delay_50us
_Delay_5500us:
;__Lib_Delays.c,31 :: 		void Delay_5500us() {
;__Lib_Delays.c,32 :: 		Delay_us(5500);
0x011E	0x0E0F      	MOVLW       15
0x0120	0x6E0C      	MOVWF       R12, 0
0x0122	0x0E47      	MOVLW       71
0x0124	0x6E0D      	MOVWF       R13, 0
L_Delay_5500us5:
0x0126	0x2E0D      	DECFSZ      R13, 1, 0
0x0128	0xD7FE      	BRA         L_Delay_5500us5
0x012A	0x2E0C      	DECFSZ      R12, 1, 0
0x012C	0xD7FC      	BRA         L_Delay_5500us5
0x012E	0x0000      	NOP
0x0130	0x0000      	NOP
;__Lib_Delays.c,33 :: 		}
L_end_Delay_5500us:
0x0132	0x0012      	RETURN      0
; end of _Delay_5500us
_Delay_1us:
;__Lib_Delays.c,7 :: 		void Delay_1us() {
;__Lib_Delays.c,8 :: 		Delay_us(1);
0x0134	0x0000      	NOP
0x0136	0x0000      	NOP
;__Lib_Delays.c,9 :: 		}
L_end_Delay_1us:
0x0138	0x0012      	RETURN      0
; end of _Delay_1us
_Lcd_Cmd:
;__Lib_Lcd.c,18 :: 		
;__Lib_Lcd.c,20 :: 		
0x013A	0x0100      	MOVLB       0
0x013C	0xBF74      	BTFSC       FARG_Lcd_Cmd_out_char, 7, 1
0x013E	0xD002      	BRA         L__Lcd_Cmd21
0x0140	0x9681      	BCF         LCD_D7, BitPos(LCD_D7+0) 
0x0142	0xD001      	BRA         L__Lcd_Cmd22
L__Lcd_Cmd21:
0x0144	0x8681      	BSF         LCD_D7, BitPos(LCD_D7+0) 
L__Lcd_Cmd22:
;__Lib_Lcd.c,21 :: 		
0x0146	0xBD74      	BTFSC       FARG_Lcd_Cmd_out_char, 6, 1
0x0148	0xD002      	BRA         L__Lcd_Cmd23
0x014A	0x9481      	BCF         LCD_D6, BitPos(LCD_D6+0) 
0x014C	0xD001      	BRA         L__Lcd_Cmd24
L__Lcd_Cmd23:
0x014E	0x8481      	BSF         LCD_D6, BitPos(LCD_D6+0) 
L__Lcd_Cmd24:
;__Lib_Lcd.c,22 :: 		
0x0150	0xBB74      	BTFSC       FARG_Lcd_Cmd_out_char, 5, 1
0x0152	0xD002      	BRA         L__Lcd_Cmd25
0x0154	0x9281      	BCF         LCD_D5, BitPos(LCD_D5+0) 
0x0156	0xD001      	BRA         L__Lcd_Cmd26
L__Lcd_Cmd25:
0x0158	0x8281      	BSF         LCD_D5, BitPos(LCD_D5+0) 
L__Lcd_Cmd26:
;__Lib_Lcd.c,23 :: 		
0x015A	0xB974      	BTFSC       FARG_Lcd_Cmd_out_char, 4, 1
0x015C	0xD002      	BRA         L__Lcd_Cmd27
0x015E	0x9081      	BCF         LCD_D4, BitPos(LCD_D4+0) 
0x0160	0xD001      	BRA         L__Lcd_Cmd28
L__Lcd_Cmd27:
0x0162	0x8081      	BSF         LCD_D4, BitPos(LCD_D4+0) 
L__Lcd_Cmd28:
;__Lib_Lcd.c,25 :: 		
0x0164	0xB020      	BTFSC       __Lib_Lcd_cmd_status, BitPos(__Lib_Lcd_cmd_status+0) 
0x0166	0xD002      	BRA         L__Lcd_Cmd29
0x0168	0x8881      	BSF         LCD_RS, BitPos(LCD_RS+0) 
0x016A	0xD001      	BRA         L__Lcd_Cmd30
L__Lcd_Cmd29:
0x016C	0x9881      	BCF         LCD_RS, BitPos(LCD_RS+0) 
L__Lcd_Cmd30:
;__Lib_Lcd.c,28 :: 		
0x016E	0x8A81      	BSF         LCD_EN, BitPos(LCD_EN+0) 
;__Lib_Lcd.c,29 :: 		
0x0170	0xDFE1      	RCALL       _Delay_1us
;__Lib_Lcd.c,30 :: 		
0x0172	0x9A81      	BCF         LCD_EN, BitPos(LCD_EN+0) 
;__Lib_Lcd.c,33 :: 		
0x0174	0xB774      	BTFSC       FARG_Lcd_Cmd_out_char, 3, 1
0x0176	0xD002      	BRA         L__Lcd_Cmd31
0x0178	0x9681      	BCF         LCD_D7, BitPos(LCD_D7+0) 
0x017A	0xD001      	BRA         L__Lcd_Cmd32
L__Lcd_Cmd31:
0x017C	0x8681      	BSF         LCD_D7, BitPos(LCD_D7+0) 
L__Lcd_Cmd32:
;__Lib_Lcd.c,34 :: 		
0x017E	0xB574      	BTFSC       FARG_Lcd_Cmd_out_char, 2, 1
0x0180	0xD002      	BRA         L__Lcd_Cmd33
0x0182	0x9481      	BCF         LCD_D6, BitPos(LCD_D6+0) 
0x0184	0xD001      	BRA         L__Lcd_Cmd34
L__Lcd_Cmd33:
0x0186	0x8481      	BSF         LCD_D6, BitPos(LCD_D6+0) 
L__Lcd_Cmd34:
;__Lib_Lcd.c,35 :: 		
0x0188	0xB374      	BTFSC       FARG_Lcd_Cmd_out_char, 1, 1
0x018A	0xD002      	BRA         L__Lcd_Cmd35
0x018C	0x9281      	BCF         LCD_D5, BitPos(LCD_D5+0) 
0x018E	0xD001      	BRA         L__Lcd_Cmd36
L__Lcd_Cmd35:
0x0190	0x8281      	BSF         LCD_D5, BitPos(LCD_D5+0) 
L__Lcd_Cmd36:
;__Lib_Lcd.c,36 :: 		
0x0192	0xB174      	BTFSC       FARG_Lcd_Cmd_out_char, 0, 1
0x0194	0xD002      	BRA         L__Lcd_Cmd37
0x0196	0x9081      	BCF         LCD_D4, BitPos(LCD_D4+0) 
0x0198	0xD001      	BRA         L__Lcd_Cmd38
L__Lcd_Cmd37:
0x019A	0x8081      	BSF         LCD_D4, BitPos(LCD_D4+0) 
L__Lcd_Cmd38:
;__Lib_Lcd.c,38 :: 		
0x019C	0xB020      	BTFSC       __Lib_Lcd_cmd_status, BitPos(__Lib_Lcd_cmd_status+0) 
0x019E	0xD002      	BRA         L__Lcd_Cmd39
0x01A0	0x8881      	BSF         LCD_RS, BitPos(LCD_RS+0) 
0x01A2	0xD001      	BRA         L__Lcd_Cmd40
L__Lcd_Cmd39:
0x01A4	0x9881      	BCF         LCD_RS, BitPos(LCD_RS+0) 
L__Lcd_Cmd40:
;__Lib_Lcd.c,40 :: 		
0x01A6	0x8A81      	BSF         LCD_EN, BitPos(LCD_EN+0) 
;__Lib_Lcd.c,41 :: 		
0x01A8	0xDFC5      	RCALL       _Delay_1us
;__Lib_Lcd.c,42 :: 		
0x01AA	0x9A81      	BCF         LCD_EN, BitPos(LCD_EN+0) 
;__Lib_Lcd.c,44 :: 		
0x01AC	0xA020      	BTFSS       __Lib_Lcd_cmd_status, BitPos(__Lib_Lcd_cmd_status+0) 
0x01AE	0xD002      	BRA         L_Lcd_Cmd0
;__Lib_Lcd.c,45 :: 		
0x01B0	0xDFB6      	RCALL       _Delay_5500us
0x01B2	0xD001      	BRA         L_Lcd_Cmd1
L_Lcd_Cmd0:
;__Lib_Lcd.c,47 :: 		
0x01B4	0xDFAF      	RCALL       _Delay_50us
L_Lcd_Cmd1:
;__Lib_Lcd.c,48 :: 		
L_end_Lcd_Cmd:
0x01B6	0x0012      	RETURN      0
; end of _Lcd_Cmd
__OS_SET_FSR_CUR_TASK:
;osa_pic18_mikroc.c,242 :: 		
;osa_pic18_mikroc.c,244 :: 		
0x01B8	0xFFE9C065  	MOVFF       __OS_CurTask, FSR0L
0x01BC	0xFFEAC066  	MOVFF       __OS_CurTask+1, FSR0H
;osa_pic18_mikroc.c,245 :: 		
L_end__OS_SET_FSR_CUR_TASK:
0x01C0	0x0012      	RETURN      0
; end of __OS_SET_FSR_CUR_TASK
_Div_16X16_U:
;__Lib_Math.c,102 :: 		
;__Lib_Math.c,109 :: 		
0x01C2	0x6A08      	CLRF        R8, 0
;__Lib_Math.c,110 :: 		
0x01C4	0x6A09      	CLRF        R9, 0
;__Lib_Math.c,111 :: 		
0x01C6	0x0E10      	MOVLW       16
;__Lib_Math.c,112 :: 		
0x01C8	0x6E0C      	MOVWF       R12, 0
;__Lib_Math.c,113 :: 		
0x01CA	0x3401      	RLCF        R1, 0, 0
;__Lib_Math.c,114 :: 		
0x01CC	0x3608      	RLCF        R8, 1, 0
;__Lib_Math.c,115 :: 		
0x01CE	0x3609      	RLCF        R9, 1, 0
;__Lib_Math.c,116 :: 		
0x01D0	0x5004      	MOVF        R4, 0, 0
;__Lib_Math.c,117 :: 		
0x01D2	0x5E08      	SUBWF       R8, 1, 0
;__Lib_Math.c,118 :: 		
0x01D4	0x5005      	MOVF        R5, 0, 0
;__Lib_Math.c,119 :: 		
0x01D6	0xA0D8      	BTFSS       STATUS, 0, 0
;__Lib_Math.c,120 :: 		
0x01D8	0x3C05      	INCFSZ      R5, 0, 0
;__Lib_Math.c,121 :: 		
0x01DA	0x5E09      	SUBWF       R9, 1, 0
;__Lib_Math.c,122 :: 		
0x01DC	0xB0D8      	BTFSC       STATUS, 0, 0
;__Lib_Math.c,123 :: 		
0x01DE	0xD007      	BRA         $+16
;__Lib_Math.c,124 :: 		
0x01E0	0x5004      	MOVF        R4, 0, 0
;__Lib_Math.c,125 :: 		
0x01E2	0x2608      	ADDWF       R8, 1, 0
;__Lib_Math.c,126 :: 		
0x01E4	0x5005      	MOVF        R5, 0, 0
;__Lib_Math.c,127 :: 		
0x01E6	0xB0D8      	BTFSC       STATUS, 0, 0
;__Lib_Math.c,128 :: 		
0x01E8	0x3C05      	INCFSZ      R5, 0, 0
;__Lib_Math.c,129 :: 		
0x01EA	0x2609      	ADDWF       R9, 1, 0
;__Lib_Math.c,130 :: 		
0x01EC	0x90D8      	BCF         STATUS, 0, 0
;__Lib_Math.c,131 :: 		
0x01EE	0x3600      	RLCF        R0, 1, 0
;__Lib_Math.c,132 :: 		
0x01F0	0x3601      	RLCF        R1, 1, 0
;__Lib_Math.c,133 :: 		
0x01F2	0x2E0C      	DECFSZ      R12, 1, 0
;__Lib_Math.c,134 :: 		
0x01F4	0xD7EA      	BRA         $-42
;__Lib_Math.c,136 :: 		
L_end_Div_16X16_U:
0x01F6	0x0012      	RETURN      0
; end of _Div_16X16_U
_Lcd_Chr_CP:
;__Lib_Lcd.c,50 :: 		
;__Lib_Lcd.c,52 :: 		
0x01F8	0x9020      	BCF         __Lib_Lcd_cmd_status, BitPos(__Lib_Lcd_cmd_status+0) 
;__Lib_Lcd.c,53 :: 		
0x01FA	0xF074C073  	MOVFF       FARG_Lcd_Chr_CP_out_char, FARG_Lcd_Cmd_out_char
0x01FE	0xDF9D      	RCALL       _Lcd_Cmd
;__Lib_Lcd.c,54 :: 		
0x0200	0x8020      	BSF         __Lib_Lcd_cmd_status, BitPos(__Lib_Lcd_cmd_status+0) 
;__Lib_Lcd.c,55 :: 		
L_end_Lcd_Chr_CP:
0x0202	0x0012      	RETURN      0
; end of _Lcd_Chr_CP
_Delay_22us:
;__Lib_Delays.c,15 :: 		void Delay_22us() {
;__Lib_Delays.c,16 :: 		Delay_us(22);
0x0204	0x0E0E      	MOVLW       14
0x0206	0x6E0D      	MOVWF       R13, 0
L_Delay_22us1:
0x0208	0x2E0D      	DECFSZ      R13, 1, 0
0x020A	0xD7FE      	BRA         L_Delay_22us1
0x020C	0x0000      	NOP
;__Lib_Delays.c,17 :: 		}
L_end_Delay_22us:
0x020E	0x0012      	RETURN      0
; end of _Delay_22us
__OS_ClrReadySetClrCanContinue:
;osa_pic18_mikroc.c,207 :: 		
;osa_pic18_mikroc.c,209 :: 		
0x0210	0x0006      	POP
;osa_pic18_mikroc.c,211 :: 		
0x0212	0x9051      	BCF         __OS_Flags, 0 
;osa_pic18_mikroc.c,213 :: 		
0x0214	0xDFD1      	RCALL       __OS_SET_FSR_CUR_TASK
;osa_pic18_mikroc.c,214 :: 		
0x0216	0xFFECCFFD  	MOVFF       TOSL, PREINC0
0x021A	0xFFECCFFE  	MOVFF       TOSH, PREINC0
0x021E	0xFFECCFFF  	MOVFF       TOSU, PREINC0
;osa_pic18_mikroc.c,215 :: 		
0x0222	0x9622      	BCF         __OS_State, 3 
;osa_pic18_mikroc.c,218 :: 		
0x0224	0xA822      	BTFSS       __OS_State, 4 
0x0226	0x9A22      	BCF         __OS_State, 5 
L__OS_ClrReadySetClrCanContinue0:
;osa_pic18_mikroc.c,219 :: 		
0x0228	0xB021      	BTFSC       __OS_Temp, 0 
0x022A	0x8A22      	BSF         __OS_State, 5 
L__OS_ClrReadySetClrCanContinue1:
;osa_pic18_mikroc.c,222 :: 		
L_end__OS_ClrReadySetClrCanContinue:
0x022C	0x0012      	RETURN      0
; end of __OS_ClrReadySetClrCanContinue
_ADC_Read:
;__Lib_ADC_K22_B.c,70 :: 		
;__Lib_ADC_K22_B.c,73 :: 		
0x022E	0x6AC2      	CLRF        ADCON0 
;__Lib_ADC_K22_B.c,74 :: 		
0x0230	0x1C19      	COMF        _vref_mask, 0 
0x0232	0x6E00      	MOVWF       R0 
0x0234	0x5000      	MOVF        R0, 0 
0x0236	0x16C1      	ANDWF       ADCON1, 1 
;__Lib_ADC_K22_B.c,75 :: 		
0x0238	0x0E0F      	MOVLW       15
0x023A	0x12C0      	IORWF       ADCON2, 1 
;__Lib_ADC_K22_B.c,76 :: 		
0x023C	0x8EC0      	BSF         ADCON2, 7 
;__Lib_ADC_K22_B.c,77 :: 		
0x023E	0xF000C06C  	MOVFF       FARG_ADC_Read_channel, R0
0x0242	0x3600      	RLCF        R0, 1 
0x0244	0x9000      	BCF         R0, 0 
0x0246	0x3600      	RLCF        R0, 1 
0x0248	0x9000      	BCF         R0, 0 
0x024A	0x5000      	MOVF        R0, 0 
0x024C	0x12C2      	IORWF       ADCON0, 1 
;__Lib_ADC_K22_B.c,78 :: 		
0x024E	0x80C2      	BSF         ADCON0, 0 
;__Lib_ADC_K22_B.c,79 :: 		
0x0250	0xDFD9      	RCALL       _Delay_22us
;__Lib_ADC_K22_B.c,80 :: 		
0x0252	0x82C2      	BSF         ADCON0, 1 
;__Lib_ADC_K22_B.c,81 :: 		
L_ADC_Read7:
0x0254	0xA2C2      	BTFSS       ADCON0, 1 
0x0256	0xD001      	BRA         L_ADC_Read8
;__Lib_ADC_K22_B.c,82 :: 		
0x0258	0xD7FD      	BRA         L_ADC_Read7
L_ADC_Read8:
;__Lib_ADC_K22_B.c,83 :: 		
0x025A	0xF001CFC4  	MOVFF       ADRESH, R1
0x025E	0x6A00      	CLRF        R0 
0x0260	0xF06DC000  	MOVFF       R0, ADC_Read_rslt_L0
0x0264	0xF06EC001  	MOVFF       R1, ADC_Read_rslt_L0+1
;__Lib_ADC_K22_B.c,84 :: 		
0x0268	0x50C3      	MOVF        ADRESL, 0 
0x026A	0x1200      	IORWF       R0, 1 
0x026C	0x0E00      	MOVLW       0
0x026E	0x1201      	IORWF       R1, 1 
0x0270	0xF06DC000  	MOVFF       R0, ADC_Read_rslt_L0
0x0274	0xF06EC001  	MOVFF       R1, ADC_Read_rslt_L0+1
;__Lib_ADC_K22_B.c,85 :: 		
0x0278	0x90C2      	BCF         ADCON0, 0 
;__Lib_ADC_K22_B.c,86 :: 		
0x027A	0x0E00      	MOVLW       0
0x027C	0x1400      	ANDWF       R0, 0 
0x027E	0x6E02      	MOVWF       R2 
0x0280	0x5001      	MOVF        R1, 0 
0x0282	0x0B80      	ANDLW       128
0x0284	0x6E03      	MOVWF       R3 
0x0286	0x0E00      	MOVLW       0
0x0288	0x1803      	XORWF       R3, 0 
0x028A	0xE102      	BNZ         L__ADC_Read15
0x028C	0x0E00      	MOVLW       0
0x028E	0x1802      	XORWF       R2, 0 
L__ADC_Read15:
0x0290	0xE003      	BZ          L_ADC_Read9
;__Lib_ADC_K22_B.c,87 :: 		
0x0292	0x0100      	MOVLB       0
0x0294	0x6B6D      	CLRF        ADC_Read_rslt_L0, 1
0x0296	0x6B6E      	CLRF        ADC_Read_rslt_L0+1, 1
L_ADC_Read9:
;__Lib_ADC_K22_B.c,88 :: 		
0x0298	0xF000C06D  	MOVFF       ADC_Read_rslt_L0, R0
0x029C	0xF001C06E  	MOVFF       ADC_Read_rslt_L0+1, R1
;__Lib_ADC_K22_B.c,89 :: 		
L_end_ADC_Read:
0x02A0	0x0012      	RETURN      0
; end of _ADC_Read
__OS_EnterWaitMode:
;osa_pic18_mikroc.c,156 :: 		
;osa_pic18_mikroc.c,158 :: 		
0x02A2	0x6A21      	CLRF        __OS_Temp 
;osa_pic18_mikroc.c,159 :: 		
0x02A4	0xDFB5      	RCALL       __OS_ClrReadySetClrCanContinue
;osa_pic18_mikroc.c,160 :: 		
L_end__OS_EnterWaitMode:
0x02A6	0x0012      	RETURN      0
; end of __OS_EnterWaitMode
__OS_InitDelay:
;osa_ttimer.c,69 :: 		
;osa_ttimer.c,72 :: 		
0x02A8	0x9A22      	BCF         __OS_State, 5 
0x02AA	0xFFE1C065  	MOVFF       __OS_CurTask, FSR1L
0x02AE	0xFFE2C066  	MOVFF       __OS_CurTask+1, FSR1L+1
0x02B2	0x98E6      	BCF         POSTINC1, 4 
;osa_ttimer.c,77 :: 		
0x02B4	0x0100      	MOVLB       0
0x02B6	0x516C      	MOVF        FARG__OS_InitDelay_Delay, 0, 1
0x02B8	0x116D      	IORWF       FARG__OS_InitDelay_Delay+1, 0, 1
0x02BA	0x116E      	IORWF       FARG__OS_InitDelay_Delay+2, 0, 1
0x02BC	0x116F      	IORWF       FARG__OS_InitDelay_Delay+3, 0, 1
0x02BE	0xE046      	BZ          L__OS_InitDelay12
;osa_ttimer.c,79 :: 		
0x02C0	0x0EFF      	MOVLW       255
0x02C2	0x196C      	XORWF       FARG__OS_InitDelay_Delay, 0, 1
0x02C4	0x6E00      	MOVWF       R0 
0x02C6	0x0EFF      	MOVLW       255
0x02C8	0x196D      	XORWF       FARG__OS_InitDelay_Delay+1, 0, 1
0x02CA	0x6E01      	MOVWF       R1 
0x02CC	0x0EFF      	MOVLW       255
0x02CE	0x196E      	XORWF       FARG__OS_InitDelay_Delay+2, 0, 1
0x02D0	0x6E02      	MOVWF       R2 
0x02D2	0x0EFF      	MOVLW       255
0x02D4	0x196F      	XORWF       FARG__OS_InitDelay_Delay+3, 0, 1
0x02D6	0x6E03      	MOVWF       R3 
0x02D8	0xF06CC000  	MOVFF       R0, FARG__OS_InitDelay_Delay
0x02DC	0xF06DC001  	MOVFF       R1, FARG__OS_InitDelay_Delay+1
0x02E0	0xF06EC002  	MOVFF       R2, FARG__OS_InitDelay_Delay+2
0x02E4	0xF06FC003  	MOVFF       R3, FARG__OS_InitDelay_Delay+3
;osa_ttimer.c,80 :: 		
0x02E8	0x0E01      	MOVLW       1
0x02EA	0x2400      	ADDWF       R0, 0 
0x02EC	0x6E04      	MOVWF       R4 
0x02EE	0x0E00      	MOVLW       0
0x02F0	0x2001      	ADDWFC      R1, 0 
0x02F2	0x6E05      	MOVWF       R5 
0x02F4	0x0E00      	MOVLW       0
0x02F6	0x2002      	ADDWFC      R2, 0 
0x02F8	0x6E06      	MOVWF       R6 
0x02FA	0x0E00      	MOVLW       0
0x02FC	0x2003      	ADDWFC      R3, 0 
0x02FE	0x6E07      	MOVWF       R7 
0x0300	0xF06CC004  	MOVFF       R4, FARG__OS_InitDelay_Delay
0x0304	0xF06DC005  	MOVFF       R5, FARG__OS_InitDelay_Delay+1
0x0308	0xF06EC006  	MOVFF       R6, FARG__OS_InitDelay_Delay+2
0x030C	0xF06FC007  	MOVFF       R7, FARG__OS_InitDelay_Delay+3
;osa_ttimer.c,81 :: 		
0x0310	0xF000C065  	MOVFF       __OS_CurTask, R0
0x0314	0xF001C066  	MOVFF       __OS_CurTask+1, R1
0x0318	0x0E05      	MOVLW       5
0x031A	0x2400      	ADDWF       R0, 0 
0x031C	0x6EE1      	MOVWF       FSR1L 
0x031E	0x0E00      	MOVLW       0
0x0320	0x2001      	ADDWFC      R1, 0 
0x0322	0x6EE2      	MOVWF       FSR1L+1 
0x0324	0xFFE6C004  	MOVFF       R4, POSTINC1
0x0328	0xFFE6C005  	MOVFF       R5, POSTINC1
0x032C	0xFFE6C006  	MOVFF       R6, POSTINC1
0x0330	0xFFE6C007  	MOVFF       R7, POSTINC1
;osa_ttimer.c,82 :: 		
0x0334	0xFFE1C065  	MOVFF       __OS_CurTask, FSR1L
0x0338	0xFFE2C066  	MOVFF       __OS_CurTask+1, FSR1L+1
0x033C	0x86E6      	BSF         POSTINC1, 3 
0x033E	0xFFE1C065  	MOVFF       __OS_CurTask, FSR1L
0x0342	0xFFE2C066  	MOVFF       __OS_CurTask+1, FSR1L+1
0x0346	0x88E6      	BSF         POSTINC1, 4 
;osa_ttimer.c,87 :: 		
0x0348	0x8822      	BSF         __OS_State, 4 
;osa_ttimer.c,88 :: 		
0x034A	0x8622      	BSF         __OS_State, 3 
;osa_ttimer.c,90 :: 		
L__OS_InitDelay12:
;osa_ttimer.c,91 :: 		
L_end__OS_InitDelay:
0x034C	0x0012      	RETURN      0
; end of __OS_InitDelay
__OS_ReturnSave:
;osa_pic18_mikroc.c,106 :: 		
;osa_pic18_mikroc.c,108 :: 		
0x034E	0xDF34      	RCALL       __OS_SET_FSR_CUR_TASK
;osa_pic18_mikroc.c,109 :: 		
0x0350	0xFFECCFFD  	MOVFF       TOSL, PREINC0
0x0354	0xFFECCFFE  	MOVFF       TOSH, PREINC0
0x0358	0xFFECCFFF  	MOVFF       TOSU, PREINC0
;osa_pic18_mikroc.c,110 :: 		
0x035C	0x8622      	BSF         __OS_State, 3 
;osa_pic18_mikroc.c,111 :: 		
0x035E	0x0006      	POP
;osa_pic18_mikroc.c,112 :: 		
L_end__OS_ReturnSave:
0x0360	0x0012      	RETURN      0
; end of __OS_ReturnSave
__OS_CheckEvent:
;osa_pic18_mikroc.c,383 :: 		
;osa_pic18_mikroc.c,421 :: 		
0x0362	0x9A51      	BCF         __OS_Flags, 5 
;osa_pic18_mikroc.c,422 :: 		
0x0364	0xDF29      	RCALL       __OS_SET_FSR_CUR_TASK
;osa_pic18_mikroc.c,424 :: 		
0x0366	0x0100      	MOVLB       0
0x0368	0x536C      	MOVF        FARG__OS_CheckEvent_bEvent, 1, 1
0x036A	0xE007      	BZ          L__OS_CheckEvent6
;osa_pic18_mikroc.c,426 :: 		
0x036C	0xA622      	BTFSS       __OS_State, 3 
0x036E	0xD003      	BRA         L__OS_CheckEvent7
;osa_pic18_mikroc.c,430 :: 		
0x0370	0x9822      	BCF         __OS_State, 4 
;osa_pic18_mikroc.c,431 :: 		
0x0372	0x98EF      	BCF         INDF0, 4 
;osa_pic18_mikroc.c,439 :: 		
0x0374	0xD00B      	BRA         L_end__OS_CheckEvent
;osa_pic18_mikroc.c,440 :: 		
L__OS_CheckEvent7:
;osa_pic18_mikroc.c,442 :: 		
0x0376	0x8622      	BSF         __OS_State, 3 
;osa_pic18_mikroc.c,444 :: 		
0x0378	0xD001      	BRA         L__OS_CheckEvent8
L__OS_CheckEvent6:
;osa_pic18_mikroc.c,445 :: 		
0x037A	0x9622      	BCF         __OS_State, 3 
;osa_pic18_mikroc.c,446 :: 		
L__OS_CheckEvent8:
;osa_pic18_mikroc.c,450 :: 		
0x037C	0xB822      	BTFSC       __OS_State, 4 
0x037E	0xD005      	BRA         L__OS_CheckEvent11
0x0380	0xAA22      	BTFSS       __OS_State, 5 
0x0382	0xD003      	BRA         L__OS_CheckEvent11
L___OS_CheckEvent18:
;osa_pic18_mikroc.c,452 :: 		
0x0384	0x8622      	BSF         __OS_State, 3 
;osa_pic18_mikroc.c,453 :: 		
0x0386	0x8A51      	BSF         __OS_Flags, 5 
;osa_pic18_mikroc.c,459 :: 		
0x0388	0xD001      	BRA         L_end__OS_CheckEvent
;osa_pic18_mikroc.c,460 :: 		
L__OS_CheckEvent11:
;osa_pic18_mikroc.c,464 :: 		
0x038A	0x0006      	POP
;osa_pic18_mikroc.c,469 :: 		
L_end__OS_CheckEvent:
0x038C	0x0012      	RETURN      0
; end of __OS_CheckEvent
_Lcd_Out:
;__Lib_Lcd.c,184 :: 		
;__Lib_Lcd.c,187 :: 		
0x038E	0xD010      	BRA         L_Lcd_Out11
;__Lib_Lcd.c,188 :: 		
L_Lcd_Out13:
0x0390	0x0E80      	MOVLW       128
0x0392	0x0100      	MOVLB       0
0x0394	0x6F6C      	MOVWF       FARG_Lcd_Out_row, 1
0x0396	0xD01A      	BRA         L_Lcd_Out12
;__Lib_Lcd.c,189 :: 		
L_Lcd_Out14:
0x0398	0x0EC0      	MOVLW       192
0x039A	0x6F6C      	MOVWF       FARG_Lcd_Out_row, 1
0x039C	0xD017      	BRA         L_Lcd_Out12
;__Lib_Lcd.c,190 :: 		
L_Lcd_Out15:
0x039E	0x0E94      	MOVLW       148
0x03A0	0x6F6C      	MOVWF       FARG_Lcd_Out_row, 1
0x03A2	0xD014      	BRA         L_Lcd_Out12
;__Lib_Lcd.c,191 :: 		
L_Lcd_Out16:
0x03A4	0x0ED4      	MOVLW       212
0x03A6	0x6F6C      	MOVWF       FARG_Lcd_Out_row, 1
0x03A8	0xD011      	BRA         L_Lcd_Out12
;__Lib_Lcd.c,192 :: 		
L_Lcd_Out17:
0x03AA	0x0E80      	MOVLW       128
0x03AC	0x6F6C      	MOVWF       FARG_Lcd_Out_row, 1
;__Lib_Lcd.c,193 :: 		
0x03AE	0xD00E      	BRA         L_Lcd_Out12
L_Lcd_Out11:
0x03B0	0x0100      	MOVLB       0
0x03B2	0x516C      	MOVF        FARG_Lcd_Out_row, 0, 1
0x03B4	0x0A01      	XORLW       1
0x03B6	0xE0EC      	BZ          L_Lcd_Out13
0x03B8	0x516C      	MOVF        FARG_Lcd_Out_row, 0, 1
0x03BA	0x0A02      	XORLW       2
0x03BC	0xE0ED      	BZ          L_Lcd_Out14
0x03BE	0x516C      	MOVF        FARG_Lcd_Out_row, 0, 1
0x03C0	0x0A03      	XORLW       3
0x03C2	0xE0ED      	BZ          L_Lcd_Out15
0x03C4	0x516C      	MOVF        FARG_Lcd_Out_row, 0, 1
0x03C6	0x0A04      	XORLW       4
0x03C8	0xE0ED      	BZ          L_Lcd_Out16
0x03CA	0xD7EF      	BRA         L_Lcd_Out17
L_Lcd_Out12:
;__Lib_Lcd.c,194 :: 		
0x03CC	0x056D      	DECF        FARG_Lcd_Out_column, 0, 1
0x03CE	0x6E00      	MOVWF       R0 
0x03D0	0x516C      	MOVF        FARG_Lcd_Out_row, 0, 1
0x03D2	0x2600      	ADDWF       R0, 1 
0x03D4	0xF06CC000  	MOVFF       R0, FARG_Lcd_Out_row
;__Lib_Lcd.c,196 :: 		
0x03D8	0xF074C000  	MOVFF       R0, FARG_Lcd_Cmd_out_char
0x03DC	0xDEAE      	RCALL       _Lcd_Cmd
;__Lib_Lcd.c,197 :: 		
0x03DE	0x9020      	BCF         __Lib_Lcd_cmd_status, BitPos(__Lib_Lcd_cmd_status+0) 
;__Lib_Lcd.c,198 :: 		
0x03E0	0x6B70      	CLRF        Lcd_Out_i_L0, 1
;__Lib_Lcd.c,199 :: 		
L_Lcd_Out18:
0x03E2	0x5170      	MOVF        Lcd_Out_i_L0, 0, 1
0x03E4	0x256E      	ADDWF       FARG_Lcd_Out_text, 0, 1
0x03E6	0x6EE9      	MOVWF       FSR0L 
0x03E8	0x0E00      	MOVLW       0
0x03EA	0x216F      	ADDWFC      FARG_Lcd_Out_text+1, 0, 1
0x03EC	0x6EEA      	MOVWF       FSR0L+1 
0x03EE	0x52EE      	MOVF        POSTINC0, 1 
0x03F0	0xE00B      	BZ          L_Lcd_Out19
;__Lib_Lcd.c,200 :: 		
0x03F2	0x5170      	MOVF        Lcd_Out_i_L0, 0, 1
0x03F4	0x256E      	ADDWF       FARG_Lcd_Out_text, 0, 1
0x03F6	0x6EE9      	MOVWF       FSR0L 
0x03F8	0x0E00      	MOVLW       0
0x03FA	0x216F      	ADDWFC      FARG_Lcd_Out_text+1, 0, 1
0x03FC	0x6EEA      	MOVWF       FSR0L+1 
0x03FE	0xF073CFEE  	MOVFF       POSTINC0, FARG_Lcd_Chr_CP_out_char
0x0402	0xDEFA      	RCALL       _Lcd_Chr_CP
0x0404	0x2B70      	INCF        Lcd_Out_i_L0, 1, 1
0x0406	0xD7ED      	BRA         L_Lcd_Out18
L_Lcd_Out19:
;__Lib_Lcd.c,201 :: 		
0x0408	0x8020      	BSF         __Lib_Lcd_cmd_status, BitPos(__Lib_Lcd_cmd_status+0) 
;__Lib_Lcd.c,202 :: 		
L_end_Lcd_Out:
0x040A	0x0012      	RETURN      0
; end of _Lcd_Out
_WordToStr:
;__Lib_Conversions.c,98 :: 		
;__Lib_Conversions.c,103 :: 		
0x040C	0x0100      	MOVLB       0
0x040E	0x6B70      	CLRF        WordToStr_len_L0, 1
L_WordToStr11:
0x0410	0x0E05      	MOVLW       5
0x0412	0x5D70      	SUBWF       WordToStr_len_L0, 0, 1
0x0414	0xE20A      	BC          L_WordToStr12
;__Lib_Conversions.c,104 :: 		
0x0416	0x5170      	MOVF        WordToStr_len_L0, 0, 1
0x0418	0x256E      	ADDWF       FARG_WordToStr_output, 0, 1
0x041A	0x6EE1      	MOVWF       FSR1L 
0x041C	0x0E00      	MOVLW       0
0x041E	0x216F      	ADDWFC      FARG_WordToStr_output+1, 0, 1
0x0420	0x6EE2      	MOVWF       FSR1L+1 
0x0422	0x0E20      	MOVLW       32
0x0424	0x6EE6      	MOVWF       POSTINC1 
;__Lib_Conversions.c,103 :: 		
0x0426	0x2B70      	INCF        WordToStr_len_L0, 1, 1
;__Lib_Conversions.c,104 :: 		
0x0428	0xD7F3      	BRA         L_WordToStr11
L_WordToStr12:
;__Lib_Conversions.c,105 :: 		
0x042A	0x5170      	MOVF        WordToStr_len_L0, 0, 1
0x042C	0x256E      	ADDWF       FARG_WordToStr_output, 0, 1
0x042E	0x6EE1      	MOVWF       FSR1L 
0x0430	0x0E00      	MOVLW       0
0x0432	0x216F      	ADDWFC      FARG_WordToStr_output+1, 0, 1
0x0434	0x6EE2      	MOVWF       FSR1L+1 
0x0436	0x6AE6      	CLRF        POSTINC1 
0x0438	0x0770      	DECF        WordToStr_len_L0, 1, 1
;__Lib_Conversions.c,107 :: 		
L_WordToStr14:
;__Lib_Conversions.c,108 :: 		
0x043A	0x5170      	MOVF        WordToStr_len_L0, 0, 1
0x043C	0x256E      	ADDWF       FARG_WordToStr_output, 0, 1
0x043E	0x6F71      	MOVWF       FLOC__WordToStr, 1
0x0440	0x0E00      	MOVLW       0
0x0442	0x216F      	ADDWFC      FARG_WordToStr_output+1, 0, 1
0x0444	0x6F72      	MOVWF       FLOC__WordToStr+1, 1
0x0446	0x0E0A      	MOVLW       10
0x0448	0x6E04      	MOVWF       R4 
0x044A	0x0E00      	MOVLW       0
0x044C	0x6E05      	MOVWF       R5 
0x044E	0xF000C06C  	MOVFF       FARG_WordToStr_input, R0
0x0452	0xF001C06D  	MOVFF       FARG_WordToStr_input+1, R1
0x0456	0xDEB5      	RCALL       _Div_16X16_U
0x0458	0xF000C008  	MOVFF       R8, R0
0x045C	0xF001C009  	MOVFF       R9, R1
0x0460	0x0E30      	MOVLW       48
0x0462	0x2600      	ADDWF       R0, 1 
0x0464	0xFFE1C071  	MOVFF       FLOC__WordToStr, FSR1L
0x0468	0xFFE2C072  	MOVFF       FLOC__WordToStr+1, FSR1H
0x046C	0xFFE6C000  	MOVFF       R0, POSTINC1
;__Lib_Conversions.c,109 :: 		
0x0470	0x0E0A      	MOVLW       10
0x0472	0x6E04      	MOVWF       R4 
0x0474	0x0E00      	MOVLW       0
0x0476	0x6E05      	MOVWF       R5 
0x0478	0xF000C06C  	MOVFF       FARG_WordToStr_input, R0
0x047C	0xF001C06D  	MOVFF       FARG_WordToStr_input+1, R1
0x0480	0xDEA0      	RCALL       _Div_16X16_U
0x0482	0xF06CC000  	MOVFF       R0, FARG_WordToStr_input
0x0486	0xF06DC001  	MOVFF       R1, FARG_WordToStr_input+1
;__Lib_Conversions.c,110 :: 		
0x048A	0x0E00      	MOVLW       0
0x048C	0x1801      	XORWF       R1, 0 
0x048E	0xE102      	BNZ         L__WordToStr379
0x0490	0x0E00      	MOVLW       0
0x0492	0x1800      	XORWF       R0, 0 
L__WordToStr379:
0x0494	0xE101      	BNZ         L_WordToStr16
;__Lib_Conversions.c,111 :: 		
0x0496	0xD002      	BRA         L_WordToStr15
L_WordToStr16:
;__Lib_Conversions.c,112 :: 		
0x0498	0x0770      	DECF        WordToStr_len_L0, 1, 1
;__Lib_Conversions.c,113 :: 		
0x049A	0xD7CF      	BRA         L_WordToStr14
L_WordToStr15:
;__Lib_Conversions.c,114 :: 		
L_end_WordToStr:
0x049C	0x0012      	RETURN      0
; end of _WordToStr
_Task_ADC1:
;main.c,57 :: 		void Task_ADC1(void){
;main.c,62 :: 		OS_Msg_Create(msg_adc1);
0x049E	0x6A56      	CLRF        _msg_adc1 
0x04A0	0x0E00      	MOVLW       0
0x04A2	0x6E57      	MOVWF       _msg_adc1+1 
0x04A4	0x0E00      	MOVLW       0
0x04A6	0x6E58      	MOVWF       _msg_adc1+2 
;main.c,64 :: 		for(;;){
L_Task_ADC142:
;main.c,65 :: 		leitura_adc = ADC_Read(14);
0x04A8	0x0E0E      	MOVLW       14
0x04AA	0x0100      	MOVLB       0
0x04AC	0x6F6C      	MOVWF       FARG_ADC_Read_channel, 1
0x04AE	0xDEBF      	RCALL       _ADC_Read
;main.c,66 :: 		WordToStr(leitura_adc, str);
0x04B0	0xF06CC000  	MOVFF       R0, FARG_WordToStr_input
0x04B4	0xF06DC001  	MOVFF       R1, FARG_WordToStr_input+1
0x04B8	0x0E47      	MOVLW       Task_ADC1_str_L0
0x04BA	0x0100      	MOVLB       0
0x04BC	0x6F6E      	MOVWF       FARG_WordToStr_output, 1
0x04BE	0x0E00      	MOVLW       hi_addr(Task_ADC1_str_L0)
0x04C0	0x6F6F      	MOVWF       FARG_WordToStr_output+1, 1
0x04C2	0xDFA4      	RCALL       _WordToStr
;main.c,68 :: 		OS_Msg_Send(msg_adc1, str);
0x04C4	0xA056      	BTFSS       _msg_adc1, 0 
0x04C6	0xD012      	BRA         L_Task_ADC145
0x04C8	0xDEEC      	RCALL       __OS_EnterWaitMode
0x04CA	0x0000      	NOP
0x04CC	0x0E01      	MOVLW       1
0x04CE	0x1456      	ANDWF       _msg_adc1, 0 
0x04D0	0x0100      	MOVLB       0
0x04D2	0x6F6C      	MOVWF       FARG__OS_CheckEvent_bEvent, 1
0x04D4	0x536C      	MOVF        FARG__OS_CheckEvent_bEvent, 1, 1
0x04D6	0x0E01      	MOVLW       1
0x04D8	0xA4D8      	BTFSS       STATUS, 2 
0x04DA	0x0E00      	MOVLW       0
0x04DC	0x6F6C      	MOVWF       FARG__OS_CheckEvent_bEvent, 1
0x04DE	0x516C      	MOVF        FARG__OS_CheckEvent_bEvent, 0, 1
0x04E0	0x0A00      	XORLW       0
0x04E2	0x0E00      	MOVLW       0
0x04E4	0xA4D8      	BTFSS       STATUS, 2 
0x04E6	0x0E01      	MOVLW       1
0x04E8	0x6F6C      	MOVWF       FARG__OS_CheckEvent_bEvent, 1
0x04EA	0xDF3B      	RCALL       __OS_CheckEvent
L_Task_ADC145:
0x04EC	0x0E01      	MOVLW       1
0x04EE	0x6E56      	MOVWF       _msg_adc1 
0x04F0	0x0E47      	MOVLW       Task_ADC1_str_L0
0x04F2	0x6E57      	MOVWF       _msg_adc1+1 
0x04F4	0x0E00      	MOVLW       hi_addr(Task_ADC1_str_L0)
0x04F6	0x6E58      	MOVWF       _msg_adc1+2 
;main.c,70 :: 		OS_Cond_Wait(!OS_Msg_Check(msg_adc1));
0x04F8	0xDED4      	RCALL       __OS_EnterWaitMode
0x04FA	0x0000      	NOP
0x04FC	0x0E01      	MOVLW       1
0x04FE	0x1456      	ANDWF       _msg_adc1, 0 
0x0500	0x0100      	MOVLB       0
0x0502	0x6F6C      	MOVWF       FARG__OS_CheckEvent_bEvent, 1
0x0504	0x536C      	MOVF        FARG__OS_CheckEvent_bEvent, 1, 1
0x0506	0x0E01      	MOVLW       1
0x0508	0xA4D8      	BTFSS       STATUS, 2 
0x050A	0x0E00      	MOVLW       0
0x050C	0x6F6C      	MOVWF       FARG__OS_CheckEvent_bEvent, 1
0x050E	0x516C      	MOVF        FARG__OS_CheckEvent_bEvent, 0, 1
0x0510	0x0A00      	XORLW       0
0x0512	0x0E00      	MOVLW       0
0x0514	0xA4D8      	BTFSS       STATUS, 2 
0x0516	0x0E01      	MOVLW       1
0x0518	0x6F6C      	MOVWF       FARG__OS_CheckEvent_bEvent, 1
0x051A	0xDF23      	RCALL       __OS_CheckEvent
;main.c,72 :: 		OS_Delay(50);
0x051C	0x0E32      	MOVLW       50
0x051E	0x6F6C      	MOVWF       FARG__OS_InitDelay_Delay, 1
0x0520	0x0E00      	MOVLW       0
0x0522	0x6F6D      	MOVWF       FARG__OS_InitDelay_Delay+1, 1
0x0524	0x6F6E      	MOVWF       FARG__OS_InitDelay_Delay+2, 1
0x0526	0x6F6F      	MOVWF       FARG__OS_InitDelay_Delay+3, 1
0x0528	0xDEBF      	RCALL       __OS_InitDelay
0x052A	0xDF11      	RCALL       __OS_ReturnSave
0x052C	0x0000      	NOP
;main.c,73 :: 		}
0x052E	0xD7BC      	BRA         L_Task_ADC142
;main.c,74 :: 		}
L_end_Task_ADC1:
0x0530	0x0012      	RETURN      0
; end of _Task_ADC1
_Task_LED:
;main.c,95 :: 		void Task_LED(void){
;main.c,96 :: 		for(;;)
L_Task_LED50:
;main.c,98 :: 		LATD.RD0 = ~LATD.RD0;
0x0532	0x708C      	BTG         LATD, 0 
;main.c,99 :: 		OS_Delay(300);
0x0534	0x0E2C      	MOVLW       44
0x0536	0x0100      	MOVLB       0
0x0538	0x6F6C      	MOVWF       FARG__OS_InitDelay_Delay, 1
0x053A	0x0E01      	MOVLW       1
0x053C	0x6F6D      	MOVWF       FARG__OS_InitDelay_Delay+1, 1
0x053E	0x0E00      	MOVLW       0
0x0540	0x6F6E      	MOVWF       FARG__OS_InitDelay_Delay+2, 1
0x0542	0x6F6F      	MOVWF       FARG__OS_InitDelay_Delay+3, 1
0x0544	0xDEB1      	RCALL       __OS_InitDelay
0x0546	0xDF03      	RCALL       __OS_ReturnSave
0x0548	0x0000      	NOP
;main.c,100 :: 		}
0x054A	0xD7F3      	BRA         L_Task_LED50
;main.c,101 :: 		}
L_end_Task_LED:
0x054C	0x0012      	RETURN      0
; end of _Task_LED
_Lcd_Init:
;__Lib_Lcd.c,84 :: 		
;__Lib_Lcd.c,86 :: 		
0x054E	0x9A93      	BCF         LCD_EN_Direction, BitPos(LCD_EN_Direction+0) 
;__Lib_Lcd.c,87 :: 		
0x0550	0x9893      	BCF         LCD_RS_Direction, BitPos(LCD_RS_Direction+0) 
;__Lib_Lcd.c,88 :: 		
0x0552	0x9093      	BCF         LCD_D4_Direction, BitPos(LCD_D4_Direction+0) 
;__Lib_Lcd.c,89 :: 		
0x0554	0x9293      	BCF         LCD_D5_Direction, BitPos(LCD_D5_Direction+0) 
;__Lib_Lcd.c,90 :: 		
0x0556	0x9493      	BCF         LCD_D6_Direction, BitPos(LCD_D6_Direction+0) 
;__Lib_Lcd.c,91 :: 		
0x0558	0x9693      	BCF         LCD_D7_Direction, BitPos(LCD_D7_Direction+0) 
;__Lib_Lcd.c,93 :: 		
0x055A	0x9A81      	BCF         LCD_EN, BitPos(LCD_EN+0) 
;__Lib_Lcd.c,94 :: 		
0x055C	0x9881      	BCF         LCD_RS, BitPos(LCD_RS+0) 
;__Lib_Lcd.c,95 :: 		
0x055E	0x9681      	BCF         LCD_D7, BitPos(LCD_D7+0) 
;__Lib_Lcd.c,96 :: 		
0x0560	0x9481      	BCF         LCD_D6, BitPos(LCD_D6+0) 
;__Lib_Lcd.c,97 :: 		
0x0562	0x9281      	BCF         LCD_D5, BitPos(LCD_D5+0) 
;__Lib_Lcd.c,98 :: 		
0x0564	0x9081      	BCF         LCD_D4, BitPos(LCD_D4+0) 
;__Lib_Lcd.c,100 :: 		
0x0566	0xDDDB      	RCALL       _Delay_5500us
;__Lib_Lcd.c,101 :: 		
0x0568	0xDDDA      	RCALL       _Delay_5500us
;__Lib_Lcd.c,102 :: 		
0x056A	0xDDD9      	RCALL       _Delay_5500us
;__Lib_Lcd.c,105 :: 		
0x056C	0x8281      	BSF         LCD_D5, BitPos(LCD_D5+0) 
;__Lib_Lcd.c,106 :: 		
0x056E	0x8081      	BSF         LCD_D4, BitPos(LCD_D4+0) 
;__Lib_Lcd.c,107 :: 		
0x0570	0x8A81      	BSF         LCD_EN, BitPos(LCD_EN+0) 
;__Lib_Lcd.c,108 :: 		
0x0572	0xDDE0      	RCALL       _Delay_1us
;__Lib_Lcd.c,109 :: 		
0x0574	0x9A81      	BCF         LCD_EN, BitPos(LCD_EN+0) 
;__Lib_Lcd.c,110 :: 		
0x0576	0xDDD3      	RCALL       _Delay_5500us
;__Lib_Lcd.c,112 :: 		
0x0578	0x8A81      	BSF         LCD_EN, BitPos(LCD_EN+0) 
;__Lib_Lcd.c,113 :: 		
0x057A	0xDDDC      	RCALL       _Delay_1us
;__Lib_Lcd.c,114 :: 		
0x057C	0x9A81      	BCF         LCD_EN, BitPos(LCD_EN+0) 
;__Lib_Lcd.c,115 :: 		
0x057E	0xDDCF      	RCALL       _Delay_5500us
;__Lib_Lcd.c,117 :: 		
0x0580	0x8A81      	BSF         LCD_EN, BitPos(LCD_EN+0) 
;__Lib_Lcd.c,118 :: 		
0x0582	0xDDD8      	RCALL       _Delay_1us
;__Lib_Lcd.c,119 :: 		
0x0584	0x9A81      	BCF         LCD_EN, BitPos(LCD_EN+0) 
;__Lib_Lcd.c,120 :: 		
0x0586	0xDDCB      	RCALL       _Delay_5500us
;__Lib_Lcd.c,123 :: 		
0x0588	0x9081      	BCF         LCD_D4, BitPos(LCD_D4+0) 
;__Lib_Lcd.c,124 :: 		
0x058A	0x8A81      	BSF         LCD_EN, BitPos(LCD_EN+0) 
;__Lib_Lcd.c,125 :: 		
0x058C	0xDDD3      	RCALL       _Delay_1us
;__Lib_Lcd.c,126 :: 		
0x058E	0x9A81      	BCF         LCD_EN, BitPos(LCD_EN+0) 
;__Lib_Lcd.c,127 :: 		
0x0590	0xDDC6      	RCALL       _Delay_5500us
;__Lib_Lcd.c,130 :: 		
0x0592	0x8A81      	BSF         LCD_EN, BitPos(LCD_EN+0) 
;__Lib_Lcd.c,131 :: 		
0x0594	0xDDCF      	RCALL       _Delay_1us
;__Lib_Lcd.c,132 :: 		
0x0596	0x9A81      	BCF         LCD_EN, BitPos(LCD_EN+0) 
;__Lib_Lcd.c,134 :: 		
0x0598	0x9281      	BCF         LCD_D5, BitPos(LCD_D5+0) 
;__Lib_Lcd.c,135 :: 		
0x059A	0x8681      	BSF         LCD_D7, BitPos(LCD_D7+0) 
;__Lib_Lcd.c,136 :: 		
0x059C	0x8A81      	BSF         LCD_EN, BitPos(LCD_EN+0) 
;__Lib_Lcd.c,137 :: 		
0x059E	0xDDCA      	RCALL       _Delay_1us
;__Lib_Lcd.c,138 :: 		
0x05A0	0x9A81      	BCF         LCD_EN, BitPos(LCD_EN+0) 
;__Lib_Lcd.c,139 :: 		
0x05A2	0xDDBD      	RCALL       _Delay_5500us
;__Lib_Lcd.c,142 :: 		
0x05A4	0x9681      	BCF         LCD_D7, BitPos(LCD_D7+0) 
;__Lib_Lcd.c,143 :: 		
0x05A6	0x8081      	BSF         LCD_D4, BitPos(LCD_D4+0) 
;__Lib_Lcd.c,144 :: 		
0x05A8	0x8A81      	BSF         LCD_EN, BitPos(LCD_EN+0) 
;__Lib_Lcd.c,145 :: 		
0x05AA	0xDDC4      	RCALL       _Delay_1us
;__Lib_Lcd.c,146 :: 		
0x05AC	0x9A81      	BCF         LCD_EN, BitPos(LCD_EN+0) 
;__Lib_Lcd.c,148 :: 		
0x05AE	0x9081      	BCF         LCD_D4, BitPos(LCD_D4+0) 
;__Lib_Lcd.c,149 :: 		
0x05B0	0x8A81      	BSF         LCD_EN, BitPos(LCD_EN+0) 
;__Lib_Lcd.c,150 :: 		
0x05B2	0xDDC0      	RCALL       _Delay_1us
;__Lib_Lcd.c,151 :: 		
0x05B4	0x9A81      	BCF         LCD_EN, BitPos(LCD_EN+0) 
;__Lib_Lcd.c,152 :: 		
0x05B6	0xDDB3      	RCALL       _Delay_5500us
;__Lib_Lcd.c,155 :: 		
0x05B8	0x8A81      	BSF         LCD_EN, BitPos(LCD_EN+0) 
;__Lib_Lcd.c,156 :: 		
0x05BA	0xDDBC      	RCALL       _Delay_1us
;__Lib_Lcd.c,157 :: 		
0x05BC	0x9A81      	BCF         LCD_EN, BitPos(LCD_EN+0) 
;__Lib_Lcd.c,159 :: 		
0x05BE	0x8081      	BSF         LCD_D4, BitPos(LCD_D4+0) 
;__Lib_Lcd.c,160 :: 		
0x05C0	0x8A81      	BSF         LCD_EN, BitPos(LCD_EN+0) 
;__Lib_Lcd.c,161 :: 		
0x05C2	0xDDB8      	RCALL       _Delay_1us
;__Lib_Lcd.c,162 :: 		
0x05C4	0x9A81      	BCF         LCD_EN, BitPos(LCD_EN+0) 
;__Lib_Lcd.c,163 :: 		
0x05C6	0xDDAB      	RCALL       _Delay_5500us
;__Lib_Lcd.c,166 :: 		
0x05C8	0x9081      	BCF         LCD_D4, BitPos(LCD_D4+0) 
;__Lib_Lcd.c,167 :: 		
0x05CA	0x8A81      	BSF         LCD_EN, BitPos(LCD_EN+0) 
;__Lib_Lcd.c,168 :: 		
0x05CC	0xDDB3      	RCALL       _Delay_1us
;__Lib_Lcd.c,169 :: 		
0x05CE	0x9A81      	BCF         LCD_EN, BitPos(LCD_EN+0) 
;__Lib_Lcd.c,171 :: 		
0x05D0	0x8681      	BSF         LCD_D7, BitPos(LCD_D7+0) 
;__Lib_Lcd.c,172 :: 		
0x05D2	0x8481      	BSF         LCD_D6, BitPos(LCD_D6+0) 
;__Lib_Lcd.c,173 :: 		
0x05D4	0x8281      	BSF         LCD_D5, BitPos(LCD_D5+0) 
;__Lib_Lcd.c,174 :: 		
0x05D6	0x8081      	BSF         LCD_D4, BitPos(LCD_D4+0) 
;__Lib_Lcd.c,175 :: 		
0x05D8	0x8A81      	BSF         LCD_EN, BitPos(LCD_EN+0) 
;__Lib_Lcd.c,176 :: 		
0x05DA	0xDDAC      	RCALL       _Delay_1us
;__Lib_Lcd.c,177 :: 		
0x05DC	0x9A81      	BCF         LCD_EN, BitPos(LCD_EN+0) 
;__Lib_Lcd.c,179 :: 		
0x05DE	0xDD9F      	RCALL       _Delay_5500us
;__Lib_Lcd.c,181 :: 		
0x05E0	0x8020      	BSF         __Lib_Lcd_cmd_status, BitPos(__Lib_Lcd_cmd_status+0) 
;__Lib_Lcd.c,182 :: 		
L_end_Lcd_Init:
0x05E2	0x0012      	RETURN      0
; end of _Lcd_Init
_ADC_Init:
;__Lib_ADC_K22_B.c,23 :: 		
;__Lib_ADC_K22_B.c,24 :: 		
0x05E4	0x0EFF      	MOVLW       _ADC_Get_Sample
0x05E6	0x6E1A      	MOVWF       _ADC_Get_Sample_Ptr 
0x05E8	0x0EFF      	MOVLW       hi_addr(_ADC_Get_Sample)
0x05EA	0x6E1B      	MOVWF       _ADC_Get_Sample_Ptr+1 
0x05EC	0x0EFF      	MOVLW       FARG_ADC_Get_Sample_channel
0x05EE	0x6E1C      	MOVWF       _ADC_Get_Sample_Ptr+2 
0x05F0	0x0EFF      	MOVLW       hi_addr(FARG_ADC_Get_Sample_channel)
0x05F2	0x6E1D      	MOVWF       _ADC_Get_Sample_Ptr+3 
;__Lib_ADC_K22_B.c,26 :: 		
0x05F4	0x6AC2      	CLRF        ADCON0 
;__Lib_ADC_K22_B.c,27 :: 		
0x05F6	0x1C19      	COMF        _vref_mask, 0 
0x05F8	0x6E00      	MOVWF       R0 
0x05FA	0x5000      	MOVF        R0, 0 
0x05FC	0x16C1      	ANDWF       ADCON1, 1 
;__Lib_ADC_K22_B.c,28 :: 		
0x05FE	0x0E0F      	MOVLW       15
0x0600	0x12C0      	IORWF       ADCON2, 1 
;__Lib_ADC_K22_B.c,29 :: 		
0x0602	0x8EC0      	BSF         ADCON2, 7 
;__Lib_ADC_K22_B.c,30 :: 		
0x0604	0x80C2      	BSF         ADCON0, 0 
;__Lib_ADC_K22_B.c,31 :: 		
L_end_ADC_Init:
0x0606	0x0012      	RETURN      0
; end of _ADC_Init
__OS_Task_Create:
;osa_tasks.c,75 :: 		
;osa_tasks.c,79 :: 		
0x0608	0x9251      	BCF         __OS_Flags, 1 
;osa_tasks.c,88 :: 		
0x060A	0x0E23      	MOVLW       __OS_Tasks
0x060C	0x6E01      	MOVWF       R1 
0x060E	0x0E00      	MOVLW       hi_addr(__OS_Tasks)
0x0610	0x6E02      	MOVWF       R2 
;osa_tasks.c,89 :: 		
0x0612	0x6A21      	CLRF        __OS_Temp 
;osa_tasks.c,91 :: 		
L__OS_Task_Create13:
;osa_tasks.c,93 :: 		
0x0614	0xFFE9C001  	MOVFF       R1, FSR0L
0x0618	0xFFEAC002  	MOVFF       R2, FSR0H
0x061C	0xF000CFEE  	MOVFF       POSTINC0, R0
0x0620	0xBC00      	BTFSC       R0, 6 
0x0622	0xD02B      	BRA         L__OS_Task_Create16
;osa_tasks.c,95 :: 		
0x0624	0x0100      	MOVLB       0
0x0626	0x8D67      	BSF         FARG__OS_Task_Create_priority, 6, 1
;osa_tasks.c,96 :: 		
0x0628	0x8767      	BSF         FARG__OS_Task_Create_priority, 3, 1
;osa_tasks.c,98 :: 		
0x062A	0x0E01      	MOVLW       1
0x062C	0x2401      	ADDWF       R1, 0 
0x062E	0x6EE1      	MOVWF       FSR1L 
0x0630	0x0E00      	MOVLW       0
0x0632	0x2002      	ADDWFC      R2, 0 
0x0634	0x6EE2      	MOVWF       FSR1L+1 
0x0636	0xFFE6C068  	MOVFF       FARG__OS_Task_Create_TaskAddr, POSTINC1
0x063A	0xFFE6C069  	MOVFF       FARG__OS_Task_Create_TaskAddr+1, POSTINC1
0x063E	0xFFE6C06A  	MOVFF       FARG__OS_Task_Create_TaskAddr+2, POSTINC1
0x0642	0xFFE6C06B  	MOVFF       FARG__OS_Task_Create_TaskAddr+3, POSTINC1
;osa_tasks.c,101 :: 		
0x0646	0x0E05      	MOVLW       5
0x0648	0x2401      	ADDWF       R1, 0 
0x064A	0x6EE1      	MOVWF       FSR1L 
0x064C	0x0E00      	MOVLW       0
0x064E	0x2002      	ADDWFC      R2, 0 
0x0650	0x6EE2      	MOVWF       FSR1L+1 
0x0652	0x6AE6      	CLRF        POSTINC1 
0x0654	0x6AE6      	CLRF        POSTINC1 
0x0656	0x6AE6      	CLRF        POSTINC1 
0x0658	0x6AE6      	CLRF        POSTINC1 
;osa_tasks.c,108 :: 		
0x065A	0xFFE1C001  	MOVFF       R1, FSR1L
0x065E	0xFFE2C002  	MOVFF       R2, FSR1H
0x0662	0xFFE6C067  	MOVFF       FARG__OS_Task_Create_priority, POSTINC1
;osa_tasks.c,111 :: 		
0x0666	0x5002      	MOVF        R2, 0 
0x0668	0x1966      	XORWF       __OS_CurTask+1, 0, 1
0x066A	0xE102      	BNZ         L___OS_Task_Create32
0x066C	0x5165      	MOVF        __OS_CurTask, 0, 1
0x066E	0x1801      	XORWF       R1, 0 
L___OS_Task_Create32:
0x0670	0xE102      	BNZ         L__OS_Task_Create17
0x0672	0xF022C067  	MOVFF       FARG__OS_Task_Create_priority, __OS_State
L__OS_Task_Create17:
;osa_tasks.c,126 :: 		
0x0676	0x9251      	BCF         __OS_Flags, 1 
;osa_tasks.c,128 :: 		
0x0678	0xD009      	BRA         L_end__OS_Task_Create
;osa_tasks.c,130 :: 		
L__OS_Task_Create16:
;osa_tasks.c,132 :: 		
0x067A	0x0E09      	MOVLW       9
0x067C	0x2601      	ADDWF       R1, 1 
0x067E	0x0E00      	MOVLW       0
0x0680	0x2202      	ADDWFC      R2, 1 
;osa_tasks.c,134 :: 		
0x0682	0x2A21      	INCF        __OS_Temp, 1 
0x0684	0x0E04      	MOVLW       4
0x0686	0x5C21      	SUBWF       __OS_Temp, 0 
0x0688	0xE3C5      	BNC         L__OS_Task_Create13
;osa_tasks.c,137 :: 		
0x068A	0x8251      	BSF         __OS_Flags, 1 
;osa_tasks.c,139 :: 		
;osa_tasks.c,140 :: 		
L_end__OS_Task_Create:
0x068C	0x0012      	RETURN      0
; end of __OS_Task_Create
___CC2DW:
;__Lib_System.c,21 :: 		
;__Lib_System.c,23 :: 		
_CC2DL_Loop1:
;__Lib_System.c,24 :: 		
0x068E	0x0009      	TBLRD*+
;__Lib_System.c,25 :: 		
0x0690	0xFFE6CFF5  	MOVFF       TABLAT, POSTINC1
;__Lib_System.c,26 :: 		
0x0694	0x0600      	DECF        R0, 1, 0
;__Lib_System.c,27 :: 		
0x0696	0xE1FB      	BNZ         _CC2DL_Loop1
;__Lib_System.c,28 :: 		
0x0698	0x0601      	DECF        R1, 1, 0
;__Lib_System.c,29 :: 		
0x069A	0xE1F9      	BNZ         _CC2DL_Loop1
;__Lib_System.c,31 :: 		
L_end___CC2DW:
0x069C	0x0012      	RETURN      0
; end of ___CC2DW
__OS_JumpToTask:
;osa_pic18_mikroc.c,64 :: 		
;osa_pic18_mikroc.c,66 :: 		
0x069E	0xDD8C      	RCALL       __OS_SET_FSR_CUR_TASK
;osa_pic18_mikroc.c,67 :: 		
0x06A0	0xF022CFEE  	MOVFF       POSTINC0, __OS_State
;osa_pic18_mikroc.c,69 :: 		
0x06A4	0x0005      	PUSH
;osa_pic18_mikroc.c,70 :: 		
0x06A6	0x50EE      	MOVF        POSTINC0, 0, 0
;osa_pic18_mikroc.c,71 :: 		
0x06A8	0x6EFD      	MOVWF       TOSL, 0
;osa_pic18_mikroc.c,72 :: 		
0x06AA	0x50EE      	MOVF        POSTINC0, 0, 0
;osa_pic18_mikroc.c,73 :: 		
0x06AC	0x6EFE      	MOVWF       TOSH, 0
;osa_pic18_mikroc.c,74 :: 		
0x06AE	0x50EE      	MOVF        POSTINC0, 0, 0
;osa_pic18_mikroc.c,75 :: 		
0x06B0	0x6EFF      	MOVWF       TOSU, 0
;osa_pic18_mikroc.c,76 :: 		
0x06B2	0x0012      	RETURN      0
;osa_pic18_mikroc.c,78 :: 		
L_end__OS_JumpToTask:
0x06B4	0x0012      	RETURN      0
; end of __OS_JumpToTask
_Task_LCD:
;main.c,41 :: 		void Task_LCD(void){
;main.c,44 :: 		for(;;){
L_Task_LCD37:
;main.c,45 :: 		if(OS_Msg_Check(msg_adc1)){
0x06B6	0xA056      	BTFSS       _msg_adc1, 0 
0x06B8	0xD00F      	BRA         L_Task_LCD40
;main.c,46 :: 		OS_Msg_Accept(msg_adc1, msg);
0x06BA	0xF067C057  	MOVFF       _msg_adc1+1, Task_LCD_msg_L0
0x06BE	0xF068C058  	MOVFF       _msg_adc1+2, Task_LCD_msg_L0+1
0x06C2	0x6A56      	CLRF        _msg_adc1 
;main.c,47 :: 		Lcd_Out(1,1,msg);
0x06C4	0x0E01      	MOVLW       1
0x06C6	0x0100      	MOVLB       0
0x06C8	0x6F6C      	MOVWF       FARG_Lcd_Out_row, 1
0x06CA	0x0E01      	MOVLW       1
0x06CC	0x6F6D      	MOVWF       FARG_Lcd_Out_column, 1
0x06CE	0xF06EC067  	MOVFF       Task_LCD_msg_L0, FARG_Lcd_Out_text
0x06D2	0xF06FC068  	MOVFF       Task_LCD_msg_L0+1, FARG_Lcd_Out_text+1
0x06D6	0xDE5B      	RCALL       _Lcd_Out
;main.c,48 :: 		}
L_Task_LCD40:
;main.c,49 :: 		if(OS_Msg_Check(msg_adc2)){
0x06D8	0xA053      	BTFSS       _msg_adc2, 0 
0x06DA	0xD00F      	BRA         L_Task_LCD41
;main.c,50 :: 		OS_Msg_Accept(msg_adc2, msg);
0x06DC	0x0100      	MOVLB       0
0x06DE	0xF067C054  	MOVFF       _msg_adc2+1, Task_LCD_msg_L0
0x06E2	0xF068C055  	MOVFF       _msg_adc2+2, Task_LCD_msg_L0+1
0x06E6	0x6A53      	CLRF        _msg_adc2 
;main.c,51 :: 		Lcd_Out(2,1,msg);
0x06E8	0x0E02      	MOVLW       2
0x06EA	0x6F6C      	MOVWF       FARG_Lcd_Out_row, 1
0x06EC	0x0E01      	MOVLW       1
0x06EE	0x6F6D      	MOVWF       FARG_Lcd_Out_column, 1
0x06F0	0xF06EC067  	MOVFF       Task_LCD_msg_L0, FARG_Lcd_Out_text
0x06F4	0xF06FC068  	MOVFF       Task_LCD_msg_L0+1, FARG_Lcd_Out_text+1
0x06F8	0xDE4A      	RCALL       _Lcd_Out
;main.c,52 :: 		}
L_Task_LCD41:
0x06FA	0x0100      	MOVLB       0
;main.c,53 :: 		OS_Delay(20);
0x06FC	0x0E14      	MOVLW       20
0x06FE	0x6F6C      	MOVWF       FARG__OS_InitDelay_Delay, 1
0x0700	0x0E00      	MOVLW       0
0x0702	0x6F6D      	MOVWF       FARG__OS_InitDelay_Delay+1, 1
0x0704	0x6F6E      	MOVWF       FARG__OS_InitDelay_Delay+2, 1
0x0706	0x6F6F      	MOVWF       FARG__OS_InitDelay_Delay+3, 1
0x0708	0xDDCF      	RCALL       __OS_InitDelay
0x070A	0xDE21      	RCALL       __OS_ReturnSave
0x070C	0x0000      	NOP
;main.c,54 :: 		}
0x070E	0xD7D3      	BRA         L_Task_LCD37
;main.c,55 :: 		}
L_end_Task_LCD:
0x0710	0x0012      	RETURN      0
; end of _Task_LCD
_Task_ADC2:
;main.c,76 :: 		void Task_ADC2(void){
;main.c,81 :: 		OS_Msg_Create(msg_adc2);
0x0712	0x6A53      	CLRF        _msg_adc2 
0x0714	0x0E00      	MOVLW       0
0x0716	0x6E54      	MOVWF       _msg_adc2+1 
0x0718	0x0E00      	MOVLW       0
0x071A	0x6E55      	MOVWF       _msg_adc2+2 
;main.c,83 :: 		for(;;){
L_Task_ADC246:
;main.c,84 :: 		leitura_adc = ADC_Read(15);
0x071C	0x0E0F      	MOVLW       15
0x071E	0x0100      	MOVLB       0
0x0720	0x6F6C      	MOVWF       FARG_ADC_Read_channel, 1
0x0722	0xDD85      	RCALL       _ADC_Read
;main.c,85 :: 		WordToStr(leitura_adc, str);
0x0724	0xF06CC000  	MOVFF       R0, FARG_WordToStr_input
0x0728	0xF06DC001  	MOVFF       R1, FARG_WordToStr_input+1
0x072C	0x0E5B      	MOVLW       Task_ADC2_str_L0
0x072E	0x0100      	MOVLB       0
0x0730	0x6F6E      	MOVWF       FARG_WordToStr_output, 1
0x0732	0x0E00      	MOVLW       hi_addr(Task_ADC2_str_L0)
0x0734	0x6F6F      	MOVWF       FARG_WordToStr_output+1, 1
0x0736	0xDE6A      	RCALL       _WordToStr
;main.c,87 :: 		OS_Msg_Send(msg_adc2, str);
0x0738	0xA053      	BTFSS       _msg_adc2, 0 
0x073A	0xD012      	BRA         L_Task_ADC249
0x073C	0xDDB2      	RCALL       __OS_EnterWaitMode
0x073E	0x0000      	NOP
0x0740	0x0E01      	MOVLW       1
0x0742	0x1453      	ANDWF       _msg_adc2, 0 
0x0744	0x0100      	MOVLB       0
0x0746	0x6F6C      	MOVWF       FARG__OS_CheckEvent_bEvent, 1
0x0748	0x536C      	MOVF        FARG__OS_CheckEvent_bEvent, 1, 1
0x074A	0x0E01      	MOVLW       1
0x074C	0xA4D8      	BTFSS       STATUS, 2 
0x074E	0x0E00      	MOVLW       0
0x0750	0x6F6C      	MOVWF       FARG__OS_CheckEvent_bEvent, 1
0x0752	0x516C      	MOVF        FARG__OS_CheckEvent_bEvent, 0, 1
0x0754	0x0A00      	XORLW       0
0x0756	0x0E00      	MOVLW       0
0x0758	0xA4D8      	BTFSS       STATUS, 2 
0x075A	0x0E01      	MOVLW       1
0x075C	0x6F6C      	MOVWF       FARG__OS_CheckEvent_bEvent, 1
0x075E	0xDE01      	RCALL       __OS_CheckEvent
L_Task_ADC249:
0x0760	0x0E01      	MOVLW       1
0x0762	0x6E53      	MOVWF       _msg_adc2 
0x0764	0x0E5B      	MOVLW       Task_ADC2_str_L0
0x0766	0x6E54      	MOVWF       _msg_adc2+1 
0x0768	0x0E00      	MOVLW       hi_addr(Task_ADC2_str_L0)
0x076A	0x6E55      	MOVWF       _msg_adc2+2 
;main.c,89 :: 		OS_Cond_Wait(!OS_Msg_Check(msg_adc2));
0x076C	0xDD9A      	RCALL       __OS_EnterWaitMode
0x076E	0x0000      	NOP
0x0770	0x0E01      	MOVLW       1
0x0772	0x1453      	ANDWF       _msg_adc2, 0 
0x0774	0x0100      	MOVLB       0
0x0776	0x6F6C      	MOVWF       FARG__OS_CheckEvent_bEvent, 1
0x0778	0x536C      	MOVF        FARG__OS_CheckEvent_bEvent, 1, 1
0x077A	0x0E01      	MOVLW       1
0x077C	0xA4D8      	BTFSS       STATUS, 2 
0x077E	0x0E00      	MOVLW       0
0x0780	0x6F6C      	MOVWF       FARG__OS_CheckEvent_bEvent, 1
0x0782	0x516C      	MOVF        FARG__OS_CheckEvent_bEvent, 0, 1
0x0784	0x0A00      	XORLW       0
0x0786	0x0E00      	MOVLW       0
0x0788	0xA4D8      	BTFSS       STATUS, 2 
0x078A	0x0E01      	MOVLW       1
0x078C	0x6F6C      	MOVWF       FARG__OS_CheckEvent_bEvent, 1
0x078E	0xDDE9      	RCALL       __OS_CheckEvent
;main.c,91 :: 		OS_Delay(50);
0x0790	0x0E32      	MOVLW       50
0x0792	0x6F6C      	MOVWF       FARG__OS_InitDelay_Delay, 1
0x0794	0x0E00      	MOVLW       0
0x0796	0x6F6D      	MOVWF       FARG__OS_InitDelay_Delay+1, 1
0x0798	0x6F6E      	MOVWF       FARG__OS_InitDelay_Delay+2, 1
0x079A	0x6F6F      	MOVWF       FARG__OS_InitDelay_Delay+3, 1
0x079C	0xDD85      	RCALL       __OS_InitDelay
0x079E	0xDDD7      	RCALL       __OS_ReturnSave
0x07A0	0x0000      	NOP
;main.c,92 :: 		}
0x07A2	0xD7BC      	BRA         L_Task_ADC246
;main.c,93 :: 		}
L_end_Task_ADC2:
0x07A4	0x0012      	RETURN      0
; end of _Task_ADC2
_OS_Init:
;osa_system.c,67 :: 		
;osa_system.c,72 :: 		
0x07A6	0x6A51      	CLRF        __OS_Flags 
;osa_system.c,81 :: 		
0x07A8	0x0E3E      	MOVLW       __OS_Tasks+27
0x07AA	0x6E59      	MOVWF       __OS_LastTask 
0x07AC	0x0E00      	MOVLW       hi_addr(__OS_Tasks+27)
0x07AE	0x6E5A      	MOVWF       __OS_LastTask+1 
;osa_system.c,326 :: 		
0x07B0	0x9C23      	BCF         __OS_Tasks, 6 
;osa_system.c,329 :: 		
0x07B2	0x9C2C      	BCF         __OS_Tasks+9, 6 
;osa_system.c,333 :: 		
0x07B4	0x9C35      	BCF         __OS_Tasks+18, 6 
;osa_system.c,337 :: 		
0x07B6	0x9C3E      	BCF         __OS_Tasks+27, 6 
;osa_system.c,394 :: 		
L_end_OS_Init:
0x07B8	0x0012      	RETURN      0
; end of _OS_Init
_TickTimerIE:
;config.h,36 :: 		void TickTimerIE(void){
;config.h,37 :: 		T0CON = T0CON_CONST;
0x07BA	0x0E44      	MOVLW       68
0x07BC	0x6ED5      	MOVWF       T0CON 
;config.h,38 :: 		TMR0L = TMR0_CONST;
0x07BE	0x0EC2      	MOVLW       194
0x07C0	0x6ED6      	MOVWF       TMR0L 
;config.h,39 :: 		INTCON.GIEH = 1;
0x07C2	0x8EF2      	BSF         INTCON, 7 
;config.h,40 :: 		INTCON.GIEL = 1;
0x07C4	0x8CF2      	BSF         INTCON, 6 
;config.h,41 :: 		RCON.IPEN = 1;
0x07C6	0x8ED0      	BSF         RCON, 7 
;config.h,42 :: 		TMR0IE_bit = 1;
0x07C8	0x8AF2      	BSF         TMR0IE_bit, BitPos(TMR0IE_bit+0) 
;config.h,43 :: 		TMR0IP_bit = 1;
0x07CA	0x84F1      	BSF         TMR0IP_bit, BitPos(TMR0IP_bit+0) 
;config.h,44 :: 		T0CON.TMR0ON = 1;
0x07CC	0x8ED5      	BSF         T0CON, 7 
;config.h,45 :: 		}
L_end_TickTimerIE:
0x07CE	0x0012      	RETURN      0
; end of _TickTimerIE
_Init_MCU:
;config.h,18 :: 		void Init_MCU(void){
;config.h,19 :: 		ANSELA = 0;
0x07D0	0x010F      	MOVLB       15
0x07D2	0x6B38      	CLRF        ANSELA, 1
;config.h,20 :: 		ANSELB = 0;
0x07D4	0x6B39      	CLRF        ANSELB, 1
;config.h,21 :: 		ANSELC = 0;
0x07D6	0x6B3A      	CLRF        ANSELC, 1
;config.h,22 :: 		ANSELD = 0;
0x07D8	0x6B3B      	CLRF        ANSELD, 1
;config.h,23 :: 		ANSELE = 0;
0x07DA	0x6B3C      	CLRF        ANSELE, 1
;config.h,25 :: 		TRISC.TRISC2 = 1;
0x07DC	0x8494      	BSF         TRISC, 2 
;config.h,26 :: 		ANSELC.ANSC2 = 1;
0x07DE	0x853A      	BSF         ANSELC, 2, 1
;config.h,28 :: 		TRISC.TRISC3 = 1;
0x07E0	0x8694      	BSF         TRISC, 3 
;config.h,29 :: 		ANSELC.ANSC3 = 1;
0x07E2	0x873A      	BSF         ANSELC, 3, 1
;config.h,31 :: 		TRISD = 0;        //PORTD configurado como Sa?da
0x07E4	0x6A95      	CLRF        TRISD 
;config.h,32 :: 		PORTD = 0;        //LEDs OFF
0x07E6	0x6A83      	CLRF        PORTD 
;config.h,33 :: 		}
L_end_Init_MCU:
0x07E8	0x0012      	RETURN      0
; end of _Init_MCU
_main:
0x07EA	0xF004ECBB  	CALL        2422, 0
;main.c,18 :: 		void main() {
;main.c,19 :: 		OSCCON = 0b01100011;
0x07EE	0x0E63      	MOVLW       99
0x07F0	0x6ED3      	MOVWF       OSCCON 
;main.c,21 :: 		OS_Init();
0x07F2	0xDFD9      	RCALL       _OS_Init
;main.c,22 :: 		Init_MCU();
0x07F4	0xDFED      	RCALL       _Init_MCU
;main.c,23 :: 		TickTimerIE();
0x07F6	0xDFE1      	RCALL       _TickTimerIE
;main.c,24 :: 		ADC_Init();
0x07F8	0xDEF5      	RCALL       _ADC_Init
;main.c,25 :: 		LCD_Init();
0x07FA	0xDEA9      	RCALL       _Lcd_Init
;main.c,26 :: 		Lcd_Cmd(_LCD_CLEAR);
0x07FC	0x0E01      	MOVLW       1
0x07FE	0x0100      	MOVLB       0
0x0800	0x6F74      	MOVWF       FARG_Lcd_Cmd_out_char, 1
0x0802	0xDC9B      	RCALL       _Lcd_Cmd
;main.c,27 :: 		Lcd_Cmd(_LCD_CURSOR_OFF);
0x0804	0x0E0C      	MOVLW       12
0x0806	0x6F74      	MOVWF       FARG_Lcd_Cmd_out_char, 1
0x0808	0xDC98      	RCALL       _Lcd_Cmd
;main.c,30 :: 		OS_Task_Create(0, Task_LED);
0x080A	0x6B67      	CLRF        FARG__OS_Task_Create_priority, 1
0x080C	0x0E32      	MOVLW       _Task_LED
0x080E	0x6F68      	MOVWF       FARG__OS_Task_Create_TaskAddr, 1
0x0810	0x0E05      	MOVLW       hi_addr(_Task_LED)
0x0812	0x6F69      	MOVWF       FARG__OS_Task_Create_TaskAddr+1, 1
0x0814	0x0E00      	MOVLW       0
0x0816	0x6F6A      	MOVWF       FARG__OS_Task_Create_TaskAddr+2, 1
0x0818	0x0E00      	MOVLW       0
0x081A	0x6F6B      	MOVWF       FARG__OS_Task_Create_TaskAddr+3, 1
0x081C	0xDEF5      	RCALL       __OS_Task_Create
;main.c,31 :: 		OS_Task_Create(0, Task_ADC1)
0x081E	0x0100      	MOVLB       0
0x0820	0x6B67      	CLRF        FARG__OS_Task_Create_priority, 1
0x0822	0x0E9E      	MOVLW       _Task_ADC1
0x0824	0x6F68      	MOVWF       FARG__OS_Task_Create_TaskAddr, 1
0x0826	0x0E04      	MOVLW       hi_addr(_Task_ADC1)
0x0828	0x6F69      	MOVWF       FARG__OS_Task_Create_TaskAddr+1, 1
0x082A	0x0E00      	MOVLW       0
0x082C	0x6F6A      	MOVWF       FARG__OS_Task_Create_TaskAddr+2, 1
0x082E	0x0E00      	MOVLW       0
0x0830	0x6F6B      	MOVWF       FARG__OS_Task_Create_TaskAddr+3, 1
0x0832	0xDEEA      	RCALL       __OS_Task_Create
;main.c,32 :: 		OS_Task_Create(0, Task_ADC2);;
0x0834	0x0100      	MOVLB       0
0x0836	0x6B67      	CLRF        FARG__OS_Task_Create_priority, 1
0x0838	0x0E12      	MOVLW       _Task_ADC2
0x083A	0x6F68      	MOVWF       FARG__OS_Task_Create_TaskAddr, 1
0x083C	0x0E07      	MOVLW       hi_addr(_Task_ADC2)
0x083E	0x6F69      	MOVWF       FARG__OS_Task_Create_TaskAddr+1, 1
0x0840	0x0E00      	MOVLW       0
0x0842	0x6F6A      	MOVWF       FARG__OS_Task_Create_TaskAddr+2, 1
0x0844	0x0E00      	MOVLW       0
0x0846	0x6F6B      	MOVWF       FARG__OS_Task_Create_TaskAddr+3, 1
0x0848	0xDEDF      	RCALL       __OS_Task_Create
;main.c,33 :: 		OS_Task_Create(0, Task_LCD);
0x084A	0x0100      	MOVLB       0
0x084C	0x6B67      	CLRF        FARG__OS_Task_Create_priority, 1
0x084E	0x0EB6      	MOVLW       _Task_LCD
0x0850	0x6F68      	MOVWF       FARG__OS_Task_Create_TaskAddr, 1
0x0852	0x0E06      	MOVLW       hi_addr(_Task_LCD)
0x0854	0x6F69      	MOVWF       FARG__OS_Task_Create_TaskAddr+1, 1
0x0856	0x0E00      	MOVLW       0
0x0858	0x6F6A      	MOVWF       FARG__OS_Task_Create_TaskAddr+2, 1
0x085A	0x0E00      	MOVLW       0
0x085C	0x6F6B      	MOVWF       FARG__OS_Task_Create_TaskAddr+3, 1
0x085E	0xDED4      	RCALL       __OS_Task_Create
;main.c,35 :: 		OS_EI();
0x0860	0x8EF2      	BSF         GIE_bit, BitPos(GIE_bit+0) 
0x0862	0xBED0      	BTFSC       IPEN_bit, BitPos(IPEN_bit+0) 
0x0864	0x8CF2      	BSF         GIEL_bit, BitPos(GIEL_bit+0) 
L_main9:
;main.c,37 :: 		OS_Run();
L_main10:
0x0866	0x9851      	BCF         __OS_Flags, 4 
0x0868	0x8651      	BSF         __OS_Flags, 3 
0x086A	0x0E08      	MOVLW       8
0x086C	0x6E52      	MOVWF       __OS_Best_Priority 
0x086E	0xF065C059  	MOVFF       __OS_LastTask, __OS_CurTask
0x0872	0xF066C05A  	MOVFF       __OS_LastTask+1, __OS_CurTask+1
L_main13:
0x0876	0x0E00      	MOVLW       hi_addr(__OS_Tasks+27)
0x0878	0x0100      	MOVLB       0
0x087A	0x5D66      	SUBWF       __OS_CurTask+1, 0, 1
0x087C	0xE102      	BNZ         L__main62
0x087E	0x0E3E      	MOVLW       __OS_Tasks+27
0x0880	0x5D65      	SUBWF       __OS_CurTask, 0, 1
L__main62:
0x0882	0xE305      	BNC         L_main16
0x0884	0x0E23      	MOVLW       __OS_Tasks
0x0886	0x6F65      	MOVWF       __OS_CurTask, 1
0x0888	0x0E00      	MOVLW       hi_addr(__OS_Tasks)
0x088A	0x6F66      	MOVWF       __OS_CurTask+1, 1
0x088C	0xD00A      	BRA         L_main17
L_main16:
0x088E	0x0E09      	MOVLW       9
0x0890	0x2565      	ADDWF       __OS_CurTask, 0, 1
0x0892	0x6E00      	MOVWF       R0 
0x0894	0x0E00      	MOVLW       0
0x0896	0x2166      	ADDWFC      __OS_CurTask+1, 0, 1
0x0898	0x6E01      	MOVWF       R1 
0x089A	0xF065C000  	MOVFF       R0, __OS_CurTask
0x089E	0xF066C001  	MOVFF       R1, __OS_CurTask+1
L_main17:
0x08A2	0xFFE9C065  	MOVFF       __OS_CurTask, FSR0L
0x08A6	0xFFEAC066  	MOVFF       __OS_CurTask+1, FSR0L+1
0x08AA	0x0E01      	MOVLW       1
0x08AC	0x6E00      	MOVWF       R0 
0x08AE	0x0E22      	MOVLW       __OS_State
0x08B0	0x6EE1      	MOVWF       FSR1L 
0x08B2	0x0E00      	MOVLW       hi_addr(__OS_State)
0x08B4	0x6EE2      	MOVWF       FSR1L+1 
L_main18:
0x08B6	0xFFE6CFEE  	MOVFF       POSTINC0, POSTINC1
0x08BA	0x0600      	DECF        R0, 1 
0x08BC	0xE1FC      	BNZ         L_main18
0x08BE	0xAC22      	BTFSS       __OS_State, 6 
0x08C0	0xD003      	BRA         L__main56
0x08C2	0xBE22      	BTFSC       __OS_State, 7 
0x08C4	0xD001      	BRA         L__main56
0x08C6	0xD001      	BRA         L_main21
L__main56:
0x08C8	0xD02E      	BRA         ___main__OS_SCHED_CONTINUE
L_main21:
0x08CA	0xF000C022  	MOVFF       __OS_State, R0
0x08CE	0x0E07      	MOVLW       7
0x08D0	0x1600      	ANDWF       R0, 1 
0x08D2	0xF021C000  	MOVFF       R0, __OS_Temp
0x08D6	0x5052      	MOVF        __OS_Best_Priority, 0 
0x08D8	0x5C21      	SUBWF       __OS_Temp, 0 
0x08DA	0xE301      	BNC         L_main22
0x08DC	0xD024      	BRA         ___main__OS_SCHED_CONTINUE
L_main22:
0x08DE	0xB622      	BTFSC       __OS_State, 3 
0x08E0	0xD00C      	BRA         L_main23
___main__OS_SCHED_RUN:
0x08E2	0xDEDD      	RCALL       __OS_JumpToTask
0x08E4	0xDC69      	RCALL       __OS_SET_FSR_CUR_TASK
0x08E6	0x0ED7      	MOVLW       215
0x08E8	0x16EF      	ANDWF       __indf, 1 
0x08EA	0x0E28      	MOVLW       40
0x08EC	0x1422      	ANDWF       __OS_State, 0 
0x08EE	0x6E00      	MOVWF       R0 
0x08F0	0x5000      	MOVF        R0, 0 
0x08F2	0x12EF      	IORWF       __indf, 1 
0x08F4	0xB651      	BTFSC       __OS_Flags, 3 
0x08F6	0xD001      	BRA         L_main24
0x08F8	0xD03C      	BRA         ___main_SCHED_END
L_main24:
L_main23:
0x08FA	0xA822      	BTFSS       __OS_State, 4 
0x08FC	0xD003      	BRA         L_main27
0x08FE	0xBA22      	BTFSC       __OS_State, 5 
0x0900	0xD001      	BRA         L_main27
L__main55:
0x0902	0xD011      	BRA         ___main__OS_SCHED_CONTINUE
L_main27:
0x0904	0xA622      	BTFSS       __OS_State, 3 
0x0906	0xD00F      	BRA         L_main28
0x0908	0x8851      	BSF         __OS_Flags, 4 
0x090A	0xF01EC065  	MOVFF       __OS_CurTask, __OS_BestTask
0x090E	0xF01FC066  	MOVFF       __OS_CurTask+1, __OS_BestTask+1
0x0912	0xF000C022  	MOVFF       __OS_State, R0
0x0916	0x0E07      	MOVLW       7
0x0918	0x1600      	ANDWF       R0, 1 
0x091A	0xF052C000  	MOVFF       R0, __OS_Best_Priority
0x091E	0x5052      	MOVF        __OS_Best_Priority, 0 
0x0920	0x0A00      	XORLW       0
0x0922	0xE101      	BNZ         L_main29
0x0924	0xD008      	BRA         L_main14
L_main29:
L_main28:
___main__OS_SCHED_CONTINUE:
0x0926	0x0100      	MOVLB       0
0x0928	0x5166      	MOVF        __OS_CurTask+1, 0, 1
0x092A	0x185A      	XORWF       __OS_LastTask+1, 0 
0x092C	0xE102      	BNZ         L__main63
0x092E	0x5059      	MOVF        __OS_LastTask, 0 
0x0930	0x1965      	XORWF       __OS_CurTask, 0, 1
L__main63:
0x0932	0xE001      	BZ          L__main54
0x0934	0xD7A0      	BRA         L_main13
L__main54:
L_main14:
0x0936	0xA851      	BTFSS       __OS_Flags, 4 
0x0938	0xD01C      	BRA         L_main32
0x093A	0x9651      	BCF         __OS_Flags, 3 
0x093C	0xF065C01E  	MOVFF       __OS_BestTask, __OS_CurTask
0x0940	0xF066C01F  	MOVFF       __OS_BestTask+1, __OS_CurTask+1
0x0944	0xF059C065  	MOVFF       __OS_CurTask, __OS_LastTask
0x0948	0xF05AC066  	MOVFF       __OS_CurTask+1, __OS_LastTask+1
0x094C	0xFFE9C065  	MOVFF       __OS_CurTask, FSR0L
0x0950	0xFFEAC066  	MOVFF       __OS_CurTask+1, FSR0L+1
0x0954	0x0E01      	MOVLW       1
0x0956	0x6E00      	MOVWF       R0 
0x0958	0x0E22      	MOVLW       __OS_State
0x095A	0x6EE1      	MOVWF       FSR1L 
0x095C	0x0E00      	MOVLW       hi_addr(__OS_State)
0x095E	0x6EE2      	MOVWF       FSR1L+1 
L_main33:
0x0960	0xFFE6CFEE  	MOVFF       POSTINC0, POSTINC1
0x0964	0x0600      	DECF        R0, 1 
0x0966	0xE1FC      	BNZ         L_main33
0x0968	0xAC22      	BTFSS       __OS_State, 6 
0x096A	0xD003      	BRA         L_main36
0x096C	0xBE22      	BTFSC       __OS_State, 7 
0x096E	0xD001      	BRA         L_main36
L__main53:
0x0970	0xD7B8      	BRA         ___main__OS_SCHED_RUN
L_main36:
L_main32:
___main_SCHED_END:
0x0972	0xD779      	BRA         L_main10
;main.c,39 :: 		}
L_end_main:
0x0974	0xD7FF      	BRA         $+0
; end of _main
0x0976	0xF019EE10  	LFSR        1, 25
0x097A	0x0E01      	MOVLW       1
0x097C	0x6E00      	MOVWF       R0 
0x097E	0x0E01      	MOVLW       1
0x0980	0x6E01      	MOVWF       R1 
0x0982	0x0E06      	MOVLW       6
0x0984	0x6EF6      	MOVWF       TBLPTR 
0x0986	0x0E00      	MOVLW       0
0x0988	0x6EF7      	MOVWF       TBLPTRH 
0x098A	0x0E00      	MOVLW       0
0x098C	0x6EF8      	MOVWF       TBLPTRU 
0x098E	0xF003EC47  	CALL        1678, 0
0x0992	0x0012      	RETURN      0
;__Lib_ADC_K22_B.c,0 :: ?ICS_vref_mask
0x0006	0x0F ;?ICS_vref_mask+0
; end of ?ICS_vref_mask
Symbol List:
//** Routines locations **
//ADDRESS    SIZE    PROCEDURE
//----------------------------------------------
0x0008     [268]    _INTERRUPT_HIGH
0x0114      [10]    _Delay_50us
0x011E      [22]    _Delay_5500us
0x0134       [6]    _Delay_1us
0x013A     [126]    _Lcd_Cmd
0x01B8      [10]    __OS_SET_FSR_CUR_TASK
0x01C2      [54]    _Div_16X16_U
0x01F8      [12]    _Lcd_Chr_CP
0x0204      [12]    _Delay_22us
0x0210      [30]    __OS_ClrReadySetClrCanContinue
0x022E     [116]    _ADC_Read
0x02A2       [6]    __OS_EnterWaitMode
0x02A8     [166]    __OS_InitDelay
0x034E      [20]    __OS_ReturnSave
0x0362      [44]    __OS_CheckEvent
0x038E     [126]    _Lcd_Out
0x040C     [146]    _WordToStr
0x049E     [148]    _Task_ADC1
0x0532      [28]    _Task_LED
0x054E     [150]    _Lcd_Init
0x05E4      [36]    _ADC_Init
0x0608     [134]    __OS_Task_Create
0x068E      [16]    ___CC2DW
0x069E      [24]    __OS_JumpToTask
0x06B6      [92]    _Task_LCD
0x0712     [148]    _Task_ADC2
0x07A6      [20]    _OS_Init
0x07BA      [22]    _TickTimerIE
0x07D0      [26]    _Init_MCU
0x07EA     [396]    _main
//** Variables locations ** 
//ADDRESS    SIZE    VARIABLE
//----------------------------------------------
0x0000       [1]    R0
0x0001       [1]    OS_DI_temp_L0
0x0001       [1]    R1
0x0001       [2]    _OS_Task_Create_Task_L0
0x0001       [1]    __Lib_Conversions_Adjust_Hex_tmp_L0
0x0002       [2]    memchr_s_L0
0x0002       [2]    strlen_cp_L0
0x0002       [2]    memset_pp_L0
0x0002       [2]    memcpy_dd_L0
0x0002       [1]    R2
0x0003       [2]    Ltrim_original_L0
0x0003       [1]    R3
0x0003       [2]    memmove_tt_L0
0x0004       [1]    R4
0x0004       [2]    strcpy_cp_L0
0x0004       [2]    strcat_cp_L0
0x0004       [2]    strncpy_cp_L0
0x0004       [2]    strncat_cp_L0
0x0004       [2]    memcpy_ss_L0
0x0005       [2]    LongWordToHex_input_half_L0
0x0005       [2]    Ltrim_p_L0
0x0005       [2]    memmove_ff_L0
0x0005       [2]    LongIntToHex_input_half_L0
0x0005       [1]    R5
0x0006       [1]    R6
0x0007       [1]    R7
0x0008       [1]    R8
0x0009       [1]    R9
0x000A       [1]    R10
0x000B       [1]    R11
0x000C       [1]    R12
0x000D       [1]    R13
0x000E       [1]    R14
0x000F       [1]    R15
0x0010       [1]    R16
0x0011       [1]    R17
0x0012       [1]    R18
0x0013       [1]    R19
0x0014       [1]    R20
0x0019       [1]    _vref_mask
0x001A       [4]    _ADC_Get_Sample_Ptr
0x001E       [2]    __OS_BestTask
0x0020       [0]    __Lib_Lcd_cmd_status
0x0021       [1]    __OS_Temp
0x0022       [1]    __OS_State
0x0023      [36]    __OS_Tasks
0x0047      [10]    Task_ADC1_str_L0
0x0051       [1]    __OS_Flags
0x0052       [1]    __OS_Best_Priority
0x0053       [3]    _msg_adc2
0x0056       [3]    _msg_adc1
0x0059       [2]    __OS_LastTask
0x005B      [10]    Task_ADC2_str_L0
0x0065       [2]    __OS_CurTask
0x0067       [2]    Task_LCD_msg_L0
0x0067       [1]    FARG__OS_Task_Create_priority
0x0068       [4]    FARG__OS_Task_Create_TaskAddr
0x006C       [1]    FARG_ADC_Read_channel
0x006C       [1]    FARG__OS_CheckEvent_bEvent
0x006C       [1]    FARG_Lcd_Out_row
0x006C       [4]    FARG__OS_InitDelay_Delay
0x006C       [2]    FARG_WordToStr_input
0x006D       [1]    FARG_Lcd_Out_column
0x006D       [2]    ADC_Read_rslt_L0
0x006E       [2]    FARG_Lcd_Out_text
0x006E       [2]    FARG_WordToStr_output
0x0070       [1]    WordToStr_len_L0
0x0070       [1]    Lcd_Out_i_L0
0x0071       [2]    FLOC__WordToStr
0x0073       [1]    FARG_Lcd_Chr_CP_out_char
0x0074       [1]    FARG_Lcd_Cmd_out_char
0x0F38       [1]    ANSELA
0x0F39       [1]    ANSELB
0x0F3A       [1]    ANSELC
0x0F3B       [1]    ANSELD
0x0F3C       [1]    ANSELE
0x0F81       [0]    RB4_bit
0x0F81       [0]    RB5_bit
0x0F81       [0]    RB0_bit
0x0F81       [0]    RB1_bit
0x0F81       [0]    RB3_bit
0x0F81       [0]    RB2_bit
0x0F81       [0]    LCD_RS
0x0F81       [0]    LCD_D4
0x0F81       [0]    LCD_EN
0x0F81       [0]    LCD_D5
0x0F81       [0]    LCD_D6
0x0F81       [0]    LCD_D7
0x0F83       [1]    PORTD
0x0F8C       [1]    LATD
0x0F93       [0]    TRISB1_bit
0x0F93       [0]    LCD_RS_Direction
0x0F93       [0]    TRISB3_bit
0x0F93       [0]    TRISB2_bit
0x0F93       [0]    TRISB5_bit
0x0F93       [0]    TRISB4_bit
0x0F93       [0]    LCD_D5_Direction
0x0F93       [0]    LCD_D4_Direction
0x0F93       [0]    LCD_D7_Direction
0x0F93       [0]    LCD_D6_Direction
0x0F93       [0]    TRISB0_bit
0x0F93       [0]    LCD_EN_Direction
0x0F94       [1]    TRISC
0x0F95       [1]    TRISD
0x0FC0       [1]    ADCON2
0x0FC1       [1]    ADCON1
0x0FC2       [1]    ADCON0
0x0FC3       [1]    ADRESL
0x0FC4       [1]    ADRESH
0x0FD0       [0]    IPEN_bit
0x0FD0       [1]    RCON
0x0FD3       [1]    OSCCON
0x0FD5       [1]    T0CON
0x0FD6       [1]    TMR0L
0x0FD8       [1]    STATUS
0x0FD9       [1]    FSR2L
0x0FDA       [1]    FSR2H
0x0FDE       [1]    POSTINC2
0x0FE0       [1]    BSR
0x0FE1       [1]    FSR1L
0x0FE2       [1]    FSR1H
0x0FE4       [1]    PREINC1
0x0FE6       [1]    POSTINC1
0x0FE7       [1]    INDF1
0x0FE8       [1]    WREG
0x0FE9       [2]    __fsr
0x0FE9       [1]    FSR0L
0x0FEA       [1]    FSR0H
0x0FEC       [1]    __preinc
0x0FEE       [1]    __postinc
0x0FEE       [1]    POSTINC0
0x0FEF       [1]    __indf
0x0FF1       [0]    TMR0IP_bit
0x0FF2       [0]    TMR0IE_bit
0x0FF2       [0]    GIE_bit
0x0FF2       [0]    GIEL_bit
0x0FF2       [0]    TMR0IF_bit
0x0FF2       [1]    INTCON
0x0FF3       [1]    PRODL
0x0FF4       [1]    PRODH
0x0FF5       [1]    TABLAT
0x0FF6       [3]    TBLPTR
0x0FF6       [1]    TBLPTRL
0x0FF7       [1]    TBLPTRH
0x0FF8       [1]    TBLPTRU
0x0FFD       [1]    __tosl
0x0FFE       [1]    __tosh
0x0FFF       [1]    __tosu
//** Constants locations ** 
//ADDRESS    SIZE    CONSTANT
//----------------------------------------------
0x0006       [1]    ?ICS_vref_mask
